Using pre-set license
Built from '2021.1/release' branch; Version is '2021.1.0f1 (61a549675243) revision 6399305'; Using compiler version '192528614'; Build Type 'Release'
OS: 'Windows 10 Pro; OS build 18362.1082; Version 1903; 64bit' Language: 'en' Physical Memory: 3982 MB
BatchMode: 1, IsHumanControllingUs: 0, StartBugReporterOnCrash: 0, Is64bit: 1, IsPro: 0

 COMMAND LINE ARGUMENTS:
C:\Program Files\Unity\2021.1.0f1\Editor\Unity.exe
-adb2
-batchMode
-noUpm
-name
AssetImportWorker16
-projectPath
C:/Users/My Acer/Project-Earthend
-logFile
Logs/AssetImportWorker16.log
-srvPort
62805
Successfully changed project path to: C:/Users/My Acer/Project-Earthend
C:/Users/My Acer/Project-Earthend
Using Asset Import Pipeline V2.
Refreshing native plugins compatible for Editor in 375.55 ms, found 1 plugins.
Preloading 0 native plugins for Editor in 0.00 ms.
Initialize engine version: 2021.1.0f1 (61a549675243)
[Subsystems] Discovering subsystems at path C:/Program Files/Unity/2021.1.0f1/Editor/Data/Resources/UnitySubsystems
[Subsystems] Discovering subsystems at path C:/Users/My Acer/Project-Earthend/Assets
GfxDevice: creating device client; threaded=0; jobified=0
Direct3D:
    Version:  Direct3D 11.0 [level 11.0]
    Renderer: Intel(R) HD Graphics (ID=0xf31)
    Vendor:   Intel
    VRAM:     128 MB
    Driver:   10.18.10.4276
Initialize mono
Mono path[0] = 'C:/Program Files/Unity/2021.1.0f1/Editor/Data/Managed'
Mono path[1] = 'C:/Program Files/Unity/2021.1.0f1/Editor/Data/MonoBleedingEdge/lib/mono/unityjit'
Mono config path = 'C:/Program Files/Unity/2021.1.0f1/Editor/Data/MonoBleedingEdge/etc'
Using monoOptions --debugger-agent=transport=dt_socket,embedding=1,server=y,suspend=n,address=127.0.0.1:56536
Begin MonoManager ReloadAssembly
Registering precompiled unity dll's ...
Register platform support module: C:/Program Files/Unity/2021.1.0f1/Editor/Data/PlaybackEngines/WebGLSupport/UnityEditor.WebGL.Extensions.dll
Register platform support module: C:/Program Files/Unity/2021.1.0f1/Editor/Data/PlaybackEngines/WindowsStandaloneSupport/UnityEditor.WindowsStandalone.Extensions.dll
Registered in 0.012371 seconds.
Native extension for WindowsStandalone target not found
Native extension for WebGL target not found
Refreshing native plugins compatible for Editor in 302.57 ms, found 1 plugins.
Preloading 0 native plugins for Editor in 0.00 ms.
Mono: successfully reloaded assembly
- Completed reload, in  7.368 seconds
Platform modules already initialized, skipping
Registering precompiled user dll's ...
Registered in 0.009962 seconds.
Begin MonoManager ReloadAssembly
Native extension for WindowsStandalone target not found
Native extension for WebGL target not found
Refreshing native plugins compatible for Editor in 2.10 ms, found 1 plugins.
Preloading 0 native plugins for Editor in 0.00 ms.
Mono: successfully reloaded assembly
- Completed reload, in  6.387 seconds
Platform modules already initialized, skipping
========================================================================
Worker process is ready to serve import requests
Launched and connected shader compiler UnityShaderCompiler.exe after 0.80 seconds
Refreshing native plugins compatible for Editor in 1.94 ms, found 1 plugins.
Preloading 0 native plugins for Editor in 0.00 ms.
Unloading 1925 Unused Serialized files (Serialized files now loaded: 0)
System memory in use before: 92.5 MB.
System memory in use after: 92.5 MB.

Unloading 20 unused Assets to reduce memory usage. Loaded Objects now: 2389.
Total: 8.475700 ms (FindLiveObjects: 0.742700 ms CreateObjectMapping: 0.223100 ms MarkObjects: 7.226000 ms  DeleteObjects: 0.278400 ms)

========================================================================
Received Import Request.
  path: Assets/DialogueManager.cs
  artifactKey: Guid(4182121dd754b784fa52163ffba5ff7d) Importer(815301076,1909f56bfc062723c751e8b465ee728b)
Start importing Assets/DialogueManager.cs using Guid(4182121dd754b784fa52163ffba5ff7d) Importer(815301076,1909f56bfc062723c751e8b465ee728b)  -> (artifact id: '2951ff331b8ecfc0be6a6b2792ce4dfe') in 1.054256 seconds 
========================================================================
Received Prepare
Refreshing native plugins compatible for Editor in 141.91 ms, found 1 plugins.
Preloading 0 native plugins for Editor in 0.00 ms.
Unloading 7 Unused Serialized files (Serialized files now loaded: 0)
System memory in use before: 53.3 MB.
System memory in use after: 53.4 MB.

Unloading 6 unused Assets to reduce memory usage. Loaded Objects now: 2389.
Total: 8.671000 ms (FindLiveObjects: 0.696100 ms CreateObjectMapping: 0.271300 ms MarkObjects: 7.631500 ms  DeleteObjects: 0.067400 ms)

========================================================================
Received Prepare
Registering precompiled user dll's ...
Registered in 0.108400 seconds.
Begin MonoManager ReloadAssembly
Native extension for WindowsStandalone target not found
Native extension for WebGL target not found
Refreshing native plugins compatible for Editor in 1.84 ms, found 1 plugins.
Preloading 0 native plugins for Editor in 0.00 ms.
Mono: successfully reloaded assembly
- Completed reload, in  6.231 seconds
Platform modules already initialized, skipping
Refreshing native plugins compatible for Editor in 1.87 ms, found 1 plugins.
Preloading 0 native plugins for Editor in 0.00 ms.
Unloading 1904 Unused Serialized files (Serialized files now loaded: 0)
System memory in use before: 91.2 MB.
System memory in use after: 91.4 MB.

Unloading 9 unused Assets to reduce memory usage. Loaded Objects now: 2392.
Total: 8.604100 ms (FindLiveObjects: 0.705000 ms CreateObjectMapping: 0.345000 ms MarkObjects: 7.491500 ms  DeleteObjects: 0.058200 ms)

========================================================================
Received Import Request.
  Time since last request: 1151.328947 seconds.
  path: Assets/Devlab/Tiles/Devlab Tilesheet 003.png
  artifactKey: Guid(e3d9c2bf09450df48b44987674e99752) Importer(815301076,1909f56bfc062723c751e8b465ee728b)
Start importing Assets/Devlab/Tiles/Devlab Tilesheet 003.png using Guid(e3d9c2bf09450df48b44987674e99752) Importer(815301076,1909f56bfc062723c751e8b465ee728b)  -> (artifact id: 'bd9ffbd6a3426835286fec155eef4aa7') in 1.865557 seconds 
========================================================================
Received Import Request.
  Time since last request: 154.667126 seconds.
  path: Assets/Devlab/Tiles/Devlab Tilesheet 003.png
  artifactKey: Guid(e3d9c2bf09450df48b44987674e99752) Importer(815301076,1909f56bfc062723c751e8b465ee728b)
Start importing Assets/Devlab/Tiles/Devlab Tilesheet 003.png using Guid(e3d9c2bf09450df48b44987674e99752) Importer(815301076,1909f56bfc062723c751e8b465ee728b)  -> (artifact id: '40abde34d8a42e5f448eda7325a9c09b') in 0.550261 seconds 
========================================================================
Received Import Request.
  Time since last request: 8.245687 seconds.
  path: Assets/Devlab/Tiles/Devlab Tilesheet 003.png
  artifactKey: Guid(e3d9c2bf09450df48b44987674e99752) Importer(815301076,1909f56bfc062723c751e8b465ee728b)
Start importing Assets/Devlab/Tiles/Devlab Tilesheet 003.png using Guid(e3d9c2bf09450df48b44987674e99752) Importer(815301076,1909f56bfc062723c751e8b465ee728b)  -> (artifact id: '5ce79b69348808d66c5dc4874c70850b') in 0.397054 seconds 
========================================================================
Received Import Request.
  Time since last request: 12.197169 seconds.
  path: Assets/Devlab/Tiles/Devlab Tilesheet 003.png
  artifactKey: Guid(e3d9c2bf09450df48b44987674e99752) Importer(815301076,1909f56bfc062723c751e8b465ee728b)
Start importing Assets/Devlab/Tiles/Devlab Tilesheet 003.png using Guid(e3d9c2bf09450df48b44987674e99752) Importer(815301076,1909f56bfc062723c751e8b465ee728b)  -> (artifact id: '4dc83cb213c9f73f4e141db11bdccd40') in 0.410426 seconds 
========================================================================
Received Prepare
Registering precompiled user dll's ...
Registered in 0.018926 seconds.
Begin MonoManager ReloadAssembly
Native extension for WindowsStandalone target not found
Native extension for WebGL target not found
Refreshing native plugins compatible for Editor in 2.81 ms, found 1 plugins.
Preloading 0 native plugins for Editor in 0.00 ms.
Mono: successfully reloaded assembly
- Completed reload, in 18.716 seconds
Platform modules already initialized, skipping
Refreshing native plugins compatible for Editor in 1.64 ms, found 1 plugins.
Preloading 0 native plugins for Editor in 0.00 ms.
Unloading 1905 Unused Serialized files (Serialized files now loaded: 0)
System memory in use before: 97.4 MB.
System memory in use after: 97.6 MB.

Unloading 9 unused Assets to reduce memory usage. Loaded Objects now: 2465.
Total: 8.045100 ms (FindLiveObjects: 0.920700 ms CreateObjectMapping: 0.252600 ms MarkObjects: 6.810400 ms  DeleteObjects: 0.057200 ms)

========================================================================
Received Import Request.
  Time since last request: 847.294830 seconds.
  path: ProjectSettings/TagManager.asset
  artifactKey: Guid(00000000000000003000000000000000) Importer(815301076,1909f56bfc062723c751e8b465ee728b)
Start importing ProjectSettings/TagManager.asset using Guid(00000000000000003000000000000000) Importer(815301076,1909f56bfc062723c751e8b465ee728b)  -> (artifact id: '98fabb29983d3a513879f218394ba280') in 0.327580 seconds 
========================================================================
Received Prepare
Registering precompiled user dll's ...
Registered in 0.121850 seconds.
Begin MonoManager ReloadAssembly
Native extension for WindowsStandalone target not found
Native extension for WebGL target not found
Refreshing native plugins compatible for Editor in 1.79 ms, found 1 plugins.
Preloading 0 native plugins for Editor in 0.00 ms.
Mono: successfully reloaded assembly
- Completed reload, in  6.734 seconds
Platform modules already initialized, skipping
Refreshing native plugins compatible for Editor in 1.85 ms, found 1 plugins.
Preloading 0 native plugins for Editor in 0.00 ms.
Unloading 1904 Unused Serialized files (Serialized files now loaded: 0)
System memory in use before: 97.4 MB.
System memory in use after: 97.5 MB.

Unloading 10 unused Assets to reduce memory usage. Loaded Objects now: 2468.
Total: 17.953900 ms (FindLiveObjects: 0.814200 ms CreateObjectMapping: 0.245500 ms MarkObjects: 7.033900 ms  DeleteObjects: 9.855600 ms)

========================================================================
Received Prepare
Registering precompiled user dll's ...
Registered in 0.009321 seconds.
Begin MonoManager ReloadAssembly
Native extension for WindowsStandalone target not found
Native extension for WebGL target not found
Refreshing native plugins compatible for Editor in 2.63 ms, found 1 plugins.
Preloading 0 native plugins for Editor in 0.00 ms.
Mono: successfully reloaded assembly
- Completed reload, in 10.049 seconds
Platform modules already initialized, skipping
Refreshing native plugins compatible for Editor in 6.44 ms, found 1 plugins.
Preloading 0 native plugins for Editor in 0.00 ms.
Unloading 1904 Unused Serialized files (Serialized files now loaded: 0)
System memory in use before: 97.5 MB.
System memory in use after: 97.6 MB.

Unloading 9 unused Assets to reduce memory usage. Loaded Objects now: 2471.
Total: 23.595600 ms (FindLiveObjects: 2.582600 ms CreateObjectMapping: 1.057800 ms MarkObjects: 17.212200 ms  DeleteObjects: 2.734700 ms)

========================================================================
Received Prepare
Registering precompiled user dll's ...
Registered in 0.016293 seconds.
Begin MonoManager ReloadAssembly
Native extension for WindowsStandalone target not found
Native extension for WebGL target not found
Refreshing native plugins compatible for Editor in 3.38 ms, found 1 plugins.
Preloading 0 native plugins for Editor in 0.00 ms.
Mono: successfully reloaded assembly
- Completed reload, in  9.295 seconds
Platform modules already initialized, skipping
Refreshing native plugins compatible for Editor in 1.86 ms, found 1 plugins.
Preloading 0 native plugins for Editor in 0.00 ms.
Unloading 1904 Unused Serialized files (Serialized files now loaded: 0)
System memory in use before: 97.5 MB.
System memory in use after: 97.6 MB.

Unloading 9 unused Assets to reduce memory usage. Loaded Objects now: 2474.
Total: 8.740500 ms (FindLiveObjects: 0.780700 ms CreateObjectMapping: 0.269900 ms MarkObjects: 7.352200 ms  DeleteObjects: 0.330400 ms)

========================================================================
Received Prepare
Registering precompiled user dll's ...
Registered in 0.007546 seconds.
Begin MonoManager ReloadAssembly
Native extension for WindowsStandalone target not found
Native extension for WebGL target not found
Refreshing native plugins compatible for Editor in 1.93 ms, found 1 plugins.
Preloading 0 native plugins for Editor in 0.00 ms.
Mono: successfully reloaded assembly
- Completed reload, in  5.114 seconds
Platform modules already initialized, skipping
Refreshing native plugins compatible for Editor in 1.64 ms, found 1 plugins.
Preloading 0 native plugins for Editor in 0.00 ms.
Unloading 1904 Unused Serialized files (Serialized files now loaded: 0)
System memory in use before: 97.5 MB.
System memory in use after: 97.6 MB.

Unloading 9 unused Assets to reduce memory usage. Loaded Objects now: 2477.
Total: 11.297800 ms (FindLiveObjects: 0.936800 ms CreateObjectMapping: 0.393700 ms MarkObjects: 9.657200 ms  DeleteObjects: 0.305500 ms)

========================================================================
Received Import Request.
  Time since last request: 2434.989445 seconds.
  path: Assets/teleporterscript.cs
  artifactKey: Guid(53c85f4b5d9213641aa19bb4a690024e) Importer(815301076,1909f56bfc062723c751e8b465ee728b)
Start importing Assets/teleporterscript.cs using Guid(53c85f4b5d9213641aa19bb4a690024e) Importer(815301076,1909f56bfc062723c751e8b465ee728b)  -> (artifact id: '7813365c37a29c3046355b4b366d05f8') in 0.219645 seconds 
========================================================================
Received Prepare
Registering precompiled user dll's ...
Registered in 0.007778 seconds.
Begin MonoManager ReloadAssembly
Native extension for WindowsStandalone target not found
Native extension for WebGL target not found
Refreshing native plugins compatible for Editor in 3.96 ms, found 1 plugins.
Preloading 0 native plugins for Editor in 0.00 ms.
Mono: successfully reloaded assembly
- Completed reload, in  5.233 seconds
Platform modules already initialized, skipping
Refreshing native plugins compatible for Editor in 4.03 ms, found 1 plugins.
Preloading 0 native plugins for Editor in 0.00 ms.
Unloading 1904 Unused Serialized files (Serialized files now loaded: 0)
System memory in use before: 97.5 MB.
System memory in use after: 97.6 MB.

Unloading 9 unused Assets to reduce memory usage. Loaded Objects now: 2480.
Total: 9.805600 ms (FindLiveObjects: 0.864800 ms CreateObjectMapping: 0.259700 ms MarkObjects: 8.467400 ms  DeleteObjects: 0.207900 ms)

========================================================================
Received Prepare
Registering precompiled user dll's ...
Registered in 0.008738 seconds.
Begin MonoManager ReloadAssembly
Native extension for WindowsStandalone target not found
Native extension for WebGL target not found
Refreshing native plugins compatible for Editor in 4.66 ms, found 1 plugins.
Preloading 0 native plugins for Editor in 0.00 ms.
Mono: successfully reloaded assembly
- Completed reload, in  7.951 seconds
Platform modules already initialized, skipping
Refreshing native plugins compatible for Editor in 3.44 ms, found 1 plugins.
Preloading 0 native plugins for Editor in 0.00 ms.
Unloading 1904 Unused Serialized files (Serialized files now loaded: 0)
System memory in use before: 97.5 MB.
System memory in use after: 97.6 MB.

Unloading 9 unused Assets to reduce memory usage. Loaded Objects now: 2483.
Total: 22.280400 ms (FindLiveObjects: 2.793900 ms CreateObjectMapping: 0.793800 ms MarkObjects: 17.693800 ms  DeleteObjects: 0.994300 ms)

========================================================================
Received Prepare
Registering precompiled user dll's ...
Registered in 0.007425 seconds.
Begin MonoManager ReloadAssembly
Native extension for WindowsStandalone target not found
Native extension for WebGL target not found
Refreshing native plugins compatible for Editor in 1.87 ms, found 1 plugins.
Preloading 0 native plugins for Editor in 0.00 ms.
Mono: successfully reloaded assembly
- Completed reload, in  6.413 seconds
Platform modules already initialized, skipping
Refreshing native plugins compatible for Editor in 2.32 ms, found 1 plugins.
Preloading 0 native plugins for Editor in 0.00 ms.
Unloading 1904 Unused Serialized files (Serialized files now loaded: 0)
System memory in use before: 97.5 MB.
System memory in use after: 97.6 MB.

Unloading 9 unused Assets to reduce memory usage. Loaded Objects now: 2486.
Total: 8.025100 ms (FindLiveObjects: 0.727800 ms CreateObjectMapping: 0.279500 ms MarkObjects: 6.956400 ms  DeleteObjects: 0.057300 ms)

========================================================================
Received Prepare
Registering precompiled user dll's ...
Registered in 0.011324 seconds.
Begin MonoManager ReloadAssembly
Native extension for WindowsStandalone target not found
Native extension for WebGL target not found
Refreshing native plugins compatible for Editor in 1.82 ms, found 1 plugins.
Preloading 0 native plugins for Editor in 0.00 ms.
Mono: successfully reloaded assembly
- Completed reload, in  8.636 seconds
Platform modules already initialized, skipping
Refreshing native plugins compatible for Editor in 3.84 ms, found 1 plugins.
Preloading 0 native plugins for Editor in 0.00 ms.
Unloading 1904 Unused Serialized files (Serialized files now loaded: 0)
System memory in use before: 97.5 MB.
System memory in use after: 97.6 MB.

Unloading 9 unused Assets to reduce memory usage. Loaded Objects now: 2489.
Total: 10.233400 ms (FindLiveObjects: 1.811400 ms CreateObjectMapping: 0.626400 ms MarkObjects: 7.370100 ms  DeleteObjects: 0.419300 ms)

========================================================================
Received Prepare
Registering precompiled user dll's ...
Registered in 0.007594 seconds.
Begin MonoManager ReloadAssembly
Native extension for WindowsStandalone target not found
Native extension for WebGL target not found
Refreshing native plugins compatible for Editor in 1.74 ms, found 1 plugins.
Preloading 0 native plugins for Editor in 0.00 ms.
Mono: successfully reloaded assembly
- Completed reload, in  5.008 seconds
Platform modules already initialized, skipping
Refreshing native plugins compatible for Editor in 3.05 ms, found 1 plugins.
Preloading 0 native plugins for Editor in 0.00 ms.
Unloading 1904 Unused Serialized files (Serialized files now loaded: 0)
System memory in use before: 97.5 MB.
System memory in use after: 97.6 MB.

Unloading 9 unused Assets to reduce memory usage. Loaded Objects now: 2492.
Total: 8.430600 ms (FindLiveObjects: 0.761800 ms CreateObjectMapping: 0.287600 ms MarkObjects: 7.287600 ms  DeleteObjects: 0.087700 ms)

========================================================================
Received Prepare
Registering precompiled user dll's ...
Registered in 0.007040 seconds.
Begin MonoManager ReloadAssembly
Native extension for WindowsStandalone target not found
Native extension for WebGL target not found
Refreshing native plugins compatible for Editor in 1.64 ms, found 1 plugins.
Preloading 0 native plugins for Editor in 0.00 ms.
Mono: successfully reloaded assembly
- Completed reload, in  5.009 seconds
Platform modules already initialized, skipping
Refreshing native plugins compatible for Editor in 1.95 ms, found 1 plugins.
Preloading 0 native plugins for Editor in 0.00 ms.
Unloading 1904 Unused Serialized files (Serialized files now loaded: 0)
System memory in use before: 97.5 MB.
System memory in use after: 97.6 MB.

Unloading 9 unused Assets to reduce memory usage. Loaded Objects now: 2495.
Total: 7.861500 ms (FindLiveObjects: 0.678200 ms CreateObjectMapping: 0.216800 ms MarkObjects: 6.904200 ms  DeleteObjects: 0.057200 ms)

========================================================================
Received Prepare
Registering precompiled user dll's ...
Registered in 0.008563 seconds.
Begin MonoManager ReloadAssembly
Native extension for WindowsStandalone target not found
Native extension for WebGL target not found
Refreshing native plugins compatible for Editor in 3.47 ms, found 1 plugins.
Preloading 0 native plugins for Editor in 0.00 ms.
Mono: successfully reloaded assembly
- Completed reload, in  5.665 seconds
Platform modules already initialized, skipping
Refreshing native plugins compatible for Editor in 1.81 ms, found 1 plugins.
Preloading 0 native plugins for Editor in 0.00 ms.
Unloading 1904 Unused Serialized files (Serialized files now loaded: 0)
System memory in use before: 97.5 MB.
System memory in use after: 97.7 MB.

Unloading 9 unused Assets to reduce memory usage. Loaded Objects now: 2498.
Total: 8.547600 ms (FindLiveObjects: 0.934600 ms CreateObjectMapping: 0.260000 ms MarkObjects: 7.150500 ms  DeleteObjects: 0.196000 ms)

========================================================================
Received Prepare
Registering precompiled user dll's ...
Registered in 0.007783 seconds.
Begin MonoManager ReloadAssembly
Native extension for WindowsStandalone target not found
Native extension for WebGL target not found
Refreshing native plugins compatible for Editor in 2.17 ms, found 1 plugins.
Preloading 0 native plugins for Editor in 0.00 ms.
Mono: successfully reloaded assembly
- Completed reload, in  5.082 seconds
Platform modules already initialized, skipping
Refreshing native plugins compatible for Editor in 2.35 ms, found 1 plugins.
Preloading 0 native plugins for Editor in 0.00 ms.
Unloading 1904 Unused Serialized files (Serialized files now loaded: 0)
System memory in use before: 97.5 MB.
System memory in use after: 97.7 MB.

Unloading 9 unused Assets to reduce memory usage. Loaded Objects now: 2501.
Total: 11.490000 ms (FindLiveObjects: 1.378000 ms CreateObjectMapping: 0.424300 ms MarkObjects: 9.531600 ms  DeleteObjects: 0.152200 ms)

========================================================================
Received Prepare
Registering precompiled user dll's ...
Registered in 0.007677 seconds.
Begin MonoManager ReloadAssembly
Native extension for WindowsStandalone target not found
Native extension for WebGL target not found
Refreshing native plugins compatible for Editor in 1.67 ms, found 1 plugins.
Preloading 0 native plugins for Editor in 0.00 ms.
Mono: successfully reloaded assembly
- Completed reload, in  5.069 seconds
Platform modules already initialized, skipping
Refreshing native plugins compatible for Editor in 1.83 ms, found 1 plugins.
Preloading 0 native plugins for Editor in 0.00 ms.
Unloading 1904 Unused Serialized files (Serialized files now loaded: 0)
System memory in use before: 97.6 MB.
System memory in use after: 97.7 MB.

Unloading 9 unused Assets to reduce memory usage. Loaded Objects now: 2504.
Total: 51.692400 ms (FindLiveObjects: 0.704200 ms CreateObjectMapping: 0.317600 ms MarkObjects: 7.070900 ms  DeleteObjects: 43.594100 ms)

========================================================================
Received Prepare
Registering precompiled user dll's ...
Registered in 0.467398 seconds.
Begin MonoManager ReloadAssembly
Native extension for WindowsStandalone target not found
Native extension for WebGL target not found
Refreshing native plugins compatible for Editor in 2.09 ms, found 1 plugins.
Preloading 0 native plugins for Editor in 0.00 ms.
Mono: successfully reloaded assembly
- Completed reload, in  8.330 seconds
Platform modules already initialized, skipping
Refreshing native plugins compatible for Editor in 1.88 ms, found 1 plugins.
Preloading 0 native plugins for Editor in 0.00 ms.
Unloading 1904 Unused Serialized files (Serialized files now loaded: 0)
System memory in use before: 97.6 MB.
System memory in use after: 97.7 MB.

Unloading 9 unused Assets to reduce memory usage. Loaded Objects now: 2507.
Total: 56.690600 ms (FindLiveObjects: 0.677500 ms CreateObjectMapping: 0.232800 ms MarkObjects: 55.595000 ms  DeleteObjects: 0.181700 ms)

========================================================================
Received Prepare
Registering precompiled user dll's ...
Registered in 0.007501 seconds.
Begin MonoManager ReloadAssembly
Native extension for WindowsStandalone target not found
Native extension for WebGL target not found
Refreshing native plugins compatible for Editor in 1.66 ms, found 1 plugins.
Preloading 0 native plugins for Editor in 0.00 ms.
Mono: successfully reloaded assembly
- Completed reload, in  4.903 seconds
Platform modules already initialized, skipping
Refreshing native plugins compatible for Editor in 2.01 ms, found 1 plugins.
Preloading 0 native plugins for Editor in 0.00 ms.
Unloading 1904 Unused Serialized files (Serialized files now loaded: 0)
System memory in use before: 97.6 MB.
System memory in use after: 97.7 MB.

Unloading 9 unused Assets to reduce memory usage. Loaded Objects now: 2510.
Total: 7.963200 ms (FindLiveObjects: 0.706100 ms CreateObjectMapping: 0.227300 ms MarkObjects: 6.845400 ms  DeleteObjects: 0.179500 ms)

========================================================================
Received Prepare
Registering precompiled user dll's ...
Registered in 0.016133 seconds.
Begin MonoManager ReloadAssembly
Native extension for WindowsStandalone target not found
Native extension for WebGL target not found
Refreshing native plugins compatible for Editor in 3.23 ms, found 1 plugins.
Preloading 0 native plugins for Editor in 0.00 ms.
Mono: successfully reloaded assembly
- Completed reload, in  7.081 seconds
Platform modules already initialized, skipping
Refreshing native plugins compatible for Editor in 2.69 ms, found 1 plugins.
Preloading 0 native plugins for Editor in 0.00 ms.
Unloading 1904 Unused Serialized files (Serialized files now loaded: 0)
System memory in use before: 97.6 MB.
System memory in use after: 97.7 MB.

Unloading 9 unused Assets to reduce memory usage. Loaded Objects now: 2513.
Total: 193.007200 ms (FindLiveObjects: 1.150000 ms CreateObjectMapping: 0.945900 ms MarkObjects: 14.020300 ms  DeleteObjects: 176.885000 ms)

========================================================================
Received Prepare
Registering precompiled user dll's ...
Registered in 0.007377 seconds.
Begin MonoManager ReloadAssembly
Native extension for WindowsStandalone target not found
Native extension for WebGL target not found
Refreshing native plugins compatible for Editor in 1.73 ms, found 1 plugins.
Preloading 0 native plugins for Editor in 0.00 ms.
Mono: successfully reloaded assembly
- Completed reload, in  4.940 seconds
Platform modules already initialized, skipping
Refreshing native plugins compatible for Editor in 1.90 ms, found 1 plugins.
Preloading 0 native plugins for Editor in 0.00 ms.
Unloading 1904 Unused Serialized files (Serialized files now loaded: 0)
System memory in use before: 97.6 MB.
System memory in use after: 97.7 MB.

Unloading 9 unused Assets to reduce memory usage. Loaded Objects now: 2516.
Total: 30.997200 ms (FindLiveObjects: 0.884500 ms CreateObjectMapping: 0.419300 ms MarkObjects: 8.701400 ms  DeleteObjects: 20.925700 ms)

========================================================================
Received Prepare
Registering precompiled user dll's ...
Registered in 0.007985 seconds.
Begin MonoManager ReloadAssembly
Native extension for WindowsStandalone target not found
Native extension for WebGL target not found
Refreshing native plugins compatible for Editor in 1.91 ms, found 1 plugins.
Preloading 0 native plugins for Editor in 0.00 ms.
Mono: successfully reloaded assembly
- Completed reload, in  4.825 seconds
Platform modules already initialized, skipping
Refreshing native plugins compatible for Editor in 1.80 ms, found 1 plugins.
Preloading 0 native plugins for Editor in 0.00 ms.
Unloading 1904 Unused Serialized files (Serialized files now loaded: 0)
System memory in use before: 97.6 MB.
System memory in use after: 97.7 MB.

Unloading 9 unused Assets to reduce memory usage. Loaded Objects now: 2519.
Total: 8.905700 ms (FindLiveObjects: 1.126100 ms CreateObjectMapping: 0.334900 ms MarkObjects: 7.296200 ms  DeleteObjects: 0.143800 ms)

========================================================================
Received Prepare
Registering precompiled user dll's ...
Registered in 0.009689 seconds.
Begin MonoManager ReloadAssembly
Native extension for WindowsStandalone target not found
Native extension for WebGL target not found
Refreshing native plugins compatible for Editor in 2.23 ms, found 1 plugins.
Preloading 0 native plugins for Editor in 0.00 ms.
Mono: successfully reloaded assembly
- Completed reload, in  5.044 seconds
Platform modules already initialized, skipping
Refreshing native plugins compatible for Editor in 1.96 ms, found 1 plugins.
Preloading 0 native plugins for Editor in 0.00 ms.
Unloading 1904 Unused Serialized files (Serialized files now loaded: 0)
System memory in use before: 97.6 MB.
System memory in use after: 97.7 MB.

Unloading 9 unused Assets to reduce memory usage. Loaded Objects now: 2522.
Total: 70.612700 ms (FindLiveObjects: 1.274500 ms CreateObjectMapping: 0.405600 ms MarkObjects: 9.667500 ms  DeleteObjects: 59.259700 ms)

========================================================================
Received Prepare
Registering precompiled user dll's ...
Registered in 0.007313 seconds.
Begin MonoManager ReloadAssembly
Native extension for WindowsStandalone target not found
Native extension for WebGL target not found
Refreshing native plugins compatible for Editor in 1.97 ms, found 1 plugins.
Preloading 0 native plugins for Editor in 0.00 ms.
Mono: successfully reloaded assembly
- Completed reload, in  5.342 seconds
Platform modules already initialized, skipping
Refreshing native plugins compatible for Editor in 7.78 ms, found 1 plugins.
Preloading 0 native plugins for Editor in 0.00 ms.
Unloading 1904 Unused Serialized files (Serialized files now loaded: 0)
System memory in use before: 97.6 MB.
System memory in use after: 97.7 MB.

Unloading 9 unused Assets to reduce memory usage. Loaded Objects now: 2525.
Total: 42.973200 ms (FindLiveObjects: 0.686100 ms CreateObjectMapping: 0.350300 ms MarkObjects: 10.464600 ms  DeleteObjects: 31.465900 ms)

========================================================================
Received Prepare
Registering precompiled user dll's ...
Registered in 0.014531 seconds.
Begin MonoManager ReloadAssembly
Native extension for WindowsStandalone target not found
Native extension for WebGL target not found
Refreshing native plugins compatible for Editor in 2.32 ms, found 1 plugins.
Preloading 0 native plugins for Editor in 0.00 ms.
Mono: successfully reloaded assembly
- Completed reload, in  5.087 seconds
Platform modules already initialized, skipping
Refreshing native plugins compatible for Editor in 1.82 ms, found 1 plugins.
Preloading 0 native plugins for Editor in 0.00 ms.
Unloading 1904 Unused Serialized files (Serialized files now loaded: 0)
System memory in use before: 97.6 MB.
System memory in use after: 97.7 MB.

Unloading 9 unused Assets to reduce memory usage. Loaded Objects now: 2528.
Total: 8.705700 ms (FindLiveObjects: 0.682400 ms CreateObjectMapping: 0.325700 ms MarkObjects: 7.485500 ms  DeleteObjects: 0.147100 ms)

========================================================================
Received Prepare
Registering precompiled user dll's ...
Registered in 0.007342 seconds.
Begin MonoManager ReloadAssembly
Native extension for WindowsStandalone target not found
Native extension for WebGL target not found
Refreshing native plugins compatible for Editor in 1.75 ms, found 1 plugins.
Preloading 0 native plugins for Editor in 0.00 ms.
Mono: successfully reloaded assembly
- Completed reload, in  5.168 seconds
Platform modules already initialized, skipping
Refreshing native plugins compatible for Editor in 2.59 ms, found 1 plugins.
Preloading 0 native plugins for Editor in 0.00 ms.
Unloading 1904 Unused Serialized files (Serialized files now loaded: 0)
System memory in use before: 97.6 MB.
System memory in use after: 97.7 MB.

Unloading 9 unused Assets to reduce memory usage. Loaded Objects now: 2531.
Total: 8.591600 ms (FindLiveObjects: 0.848800 ms CreateObjectMapping: 0.384300 ms MarkObjects: 7.152800 ms  DeleteObjects: 0.201000 ms)

========================================================================
Received Prepare
Registering precompiled user dll's ...
Registered in 0.007762 seconds.
Begin MonoManager ReloadAssembly
Native extension for WindowsStandalone target not found
Native extension for WebGL target not found
Refreshing native plugins compatible for Editor in 1.80 ms, found 1 plugins.
Preloading 0 native plugins for Editor in 0.00 ms.
Mono: successfully reloaded assembly
- Completed reload, in  4.530 seconds
Platform modules already initialized, skipping
Refreshing native plugins compatible for Editor in 1.77 ms, found 1 plugins.
Preloading 0 native plugins for Editor in 0.00 ms.
Unloading 1904 Unused Serialized files (Serialized files now loaded: 0)
System memory in use before: 97.6 MB.
System memory in use after: 97.8 MB.

Unloading 9 unused Assets to reduce memory usage. Loaded Objects now: 2534.
Total: 7.939200 ms (FindLiveObjects: 0.750100 ms CreateObjectMapping: 0.288000 ms MarkObjects: 6.832300 ms  DeleteObjects: 0.063900 ms)

========================================================================
Received Prepare
Registering precompiled user dll's ...
Registered in 0.007181 seconds.
Begin MonoManager ReloadAssembly
Native extension for WindowsStandalone target not found
Native extension for WebGL target not found
Refreshing native plugins compatible for Editor in 1.65 ms, found 1 plugins.
Preloading 0 native plugins for Editor in 0.00 ms.
Mono: successfully reloaded assembly
- Completed reload, in  4.928 seconds
Platform modules already initialized, skipping
Refreshing native plugins compatible for Editor in 1.95 ms, found 1 plugins.
Preloading 0 native plugins for Editor in 0.00 ms.
Unloading 1904 Unused Serialized files (Serialized files now loaded: 0)
System memory in use before: 97.6 MB.
System memory in use after: 97.8 MB.

Unloading 9 unused Assets to reduce memory usage. Loaded Objects now: 2537.
Total: 9.213800 ms (FindLiveObjects: 0.960800 ms CreateObjectMapping: 0.353400 ms MarkObjects: 7.728200 ms  DeleteObjects: 0.167100 ms)

========================================================================
Received Prepare
Registering precompiled user dll's ...
Registered in 0.007382 seconds.
Begin MonoManager ReloadAssembly
Native extension for WindowsStandalone target not found
Native extension for WebGL target not found
Refreshing native plugins compatible for Editor in 1.76 ms, found 1 plugins.
Preloading 0 native plugins for Editor in 0.00 ms.
Mono: successfully reloaded assembly
- Completed reload, in  5.074 seconds
Platform modules already initialized, skipping
Refreshing native plugins compatible for Editor in 2.06 ms, found 1 plugins.
Preloading 0 native plugins for Editor in 0.00 ms.
Unloading 1904 Unused Serialized files (Serialized files now loaded: 0)
System memory in use before: 97.7 MB.
System memory in use after: 97.8 MB.

Unloading 9 unused Assets to reduce memory usage. Loaded Objects now: 2540.
Total: 11.506000 ms (FindLiveObjects: 1.118400 ms CreateObjectMapping: 0.615500 ms MarkObjects: 9.689500 ms  DeleteObjects: 0.077300 ms)

========================================================================
Received Import Request.
  Time since last request: 7101.981421 seconds.
  path: Assets/Low Poly Girl/Anims/Idle/Low Poly Anim Controller.controller
  artifactKey: Guid(61c50f57145f0a843807bf764a4b31f9) Importer(815301076,1909f56bfc062723c751e8b465ee728b)
Start importing Assets/Low Poly Girl/Anims/Idle/Low Poly Anim Controller.controller using Guid(61c50f57145f0a843807bf764a4b31f9) Importer(815301076,1909f56bfc062723c751e8b465ee728b)  -> (artifact id: '8398ed1689e67df30fcf1efd462d21e2') in 3.227569 seconds 
========================================================================
Received Prepare
Registering precompiled user dll's ...
Registered in 0.007831 seconds.
Begin MonoManager ReloadAssembly
Native extension for WindowsStandalone target not found
Native extension for WebGL target not found
Refreshing native plugins compatible for Editor in 2.21 ms, found 1 plugins.
Preloading 0 native plugins for Editor in 0.00 ms.
Mono: successfully reloaded assembly
- Completed reload, in  7.040 seconds
Platform modules already initialized, skipping
Refreshing native plugins compatible for Editor in 5.81 ms, found 1 plugins.
Preloading 0 native plugins for Editor in 0.00 ms.
Unloading 1904 Unused Serialized files (Serialized files now loaded: 0)
System memory in use before: 97.8 MB.
System memory in use after: 98.0 MB.

Unloading 9 unused Assets to reduce memory usage. Loaded Objects now: 2543.
Total: 15.706200 ms (FindLiveObjects: 2.999300 ms CreateObjectMapping: 0.843100 ms MarkObjects: 11.704300 ms  DeleteObjects: 0.147600 ms)

========================================================================
Received Prepare
Registering precompiled user dll's ...
Registered in 0.008294 seconds.
Begin MonoManager ReloadAssembly
Native extension for WindowsStandalone target not found
Native extension for WebGL target not found
Refreshing native plugins compatible for Editor in 1.73 ms, found 1 plugins.
Preloading 0 native plugins for Editor in 0.00 ms.
Mono: successfully reloaded assembly
- Completed reload, in  4.877 seconds
Platform modules already initialized, skipping
Refreshing native plugins compatible for Editor in 1.86 ms, found 1 plugins.
Preloading 0 native plugins for Editor in 0.00 ms.
Unloading 1904 Unused Serialized files (Serialized files now loaded: 0)
System memory in use before: 97.8 MB.
System memory in use after: 98.0 MB.

Unloading 9 unused Assets to reduce memory usage. Loaded Objects now: 2546.
Total: 8.558500 ms (FindLiveObjects: 0.911200 ms CreateObjectMapping: 0.326700 ms MarkObjects: 7.255600 ms  DeleteObjects: 0.061000 ms)

========================================================================
Received Prepare
Registering precompiled user dll's ...
Registered in 0.010282 seconds.
Begin MonoManager ReloadAssembly
Native extension for WindowsStandalone target not found
Native extension for WebGL target not found
Refreshing native plugins compatible for Editor in 2.09 ms, found 1 plugins.
Preloading 0 native plugins for Editor in 0.00 ms.
Mono: successfully reloaded assembly
- Completed reload, in  6.605 seconds
Platform modules already initialized, skipping
Refreshing native plugins compatible for Editor in 11.42 ms, found 1 plugins.
Preloading 0 native plugins for Editor in 0.00 ms.
Unloading 1904 Unused Serialized files (Serialized files now loaded: 0)
System memory in use before: 97.9 MB.
System memory in use after: 98.0 MB.

Unloading 9 unused Assets to reduce memory usage. Loaded Objects now: 2549.
Total: 16.220200 ms (FindLiveObjects: 3.712300 ms CreateObjectMapping: 0.452000 ms MarkObjects: 11.928100 ms  DeleteObjects: 0.120100 ms)

========================================================================
Received Prepare
Registering precompiled user dll's ...
Registered in 0.010638 seconds.
Begin MonoManager ReloadAssembly
Native extension for WindowsStandalone target not found
Native extension for WebGL target not found
Refreshing native plugins compatible for Editor in 1.72 ms, found 1 plugins.
Preloading 0 native plugins for Editor in 0.00 ms.
Mono: successfully reloaded assembly
- Completed reload, in  6.161 seconds
Platform modules already initialized, skipping
Refreshing native plugins compatible for Editor in 2.62 ms, found 1 plugins.
Preloading 0 native plugins for Editor in 0.00 ms.
Unloading 1904 Unused Serialized files (Serialized files now loaded: 0)
System memory in use before: 97.9 MB.
System memory in use after: 98.0 MB.

Unloading 9 unused Assets to reduce memory usage. Loaded Objects now: 2552.
Total: 9.303300 ms (FindLiveObjects: 1.304300 ms CreateObjectMapping: 0.478100 ms MarkObjects: 7.457100 ms  DeleteObjects: 0.058400 ms)

========================================================================
Received Import Request.
  Time since last request: 1514.828795 seconds.
  path: Assets/Devlab/Tiles
  artifactKey: Guid(035ffd793d106f14ea01934fb4372ba9) Importer(815301076,1909f56bfc062723c751e8b465ee728b)
Start importing Assets/Devlab/Tiles using Guid(035ffd793d106f14ea01934fb4372ba9) Importer(815301076,1909f56bfc062723c751e8b465ee728b)  -> (artifact id: 'e571577ae960e025765c4f5ff43a9645') in 0.132469 seconds 
========================================================================
Received Import Request.
  Time since last request: 16.084345 seconds.
  path: Assets/Devlab/Tiles/Devlab Tilesheet 003.png
  artifactKey: Guid(e3d9c2bf09450df48b44987674e99752) Importer(815301076,1909f56bfc062723c751e8b465ee728b)
Start importing Assets/Devlab/Tiles/Devlab Tilesheet 003.png using Guid(e3d9c2bf09450df48b44987674e99752) Importer(815301076,1909f56bfc062723c751e8b465ee728b)  -> (artifact id: 'd01c3b905869cd6b30c2a21d1edf2460') in 1.834965 seconds 
========================================================================
Received Import Request.
  Time since last request: 27.190780 seconds.
  path: Assets/Devlab/Tiles/Devlab Tilesheet 003.png
  artifactKey: Guid(e3d9c2bf09450df48b44987674e99752) Importer(815301076,1909f56bfc062723c751e8b465ee728b)
Start importing Assets/Devlab/Tiles/Devlab Tilesheet 003.png using Guid(e3d9c2bf09450df48b44987674e99752) Importer(815301076,1909f56bfc062723c751e8b465ee728b)  -> (artifact id: 'a03332cbd7c80271ca3fa8983052a6a8') in 0.459349 seconds 
========================================================================
Received Prepare
Registering precompiled user dll's ...
Registered in 0.016734 seconds.
Begin MonoManager ReloadAssembly
Native extension for WindowsStandalone target not found
Native extension for WebGL target not found
Refreshing native plugins compatible for Editor in 2.79 ms, found 1 plugins.
Preloading 0 native plugins for Editor in 0.00 ms.
Mono: successfully reloaded assembly
- Completed reload, in  6.211 seconds
Platform modules already initialized, skipping
Refreshing native plugins compatible for Editor in 1.81 ms, found 1 plugins.
Preloading 0 native plugins for Editor in 0.00 ms.
Unloading 1904 Unused Serialized files (Serialized files now loaded: 0)
System memory in use before: 98.7 MB.
System memory in use after: 98.8 MB.

Unloading 9 unused Assets to reduce memory usage. Loaded Objects now: 2586.
Total: 11.009800 ms (FindLiveObjects: 1.944400 ms CreateObjectMapping: 0.630200 ms MarkObjects: 8.345400 ms  DeleteObjects: 0.082100 ms)

========================================================================
Received Import Request.
  Time since last request: 320.609750 seconds.
  path: Assets/Prefabs/Items/Bigass Screen.prefab
  artifactKey: Guid(8cffdb77e9bcde845a445e8992b3f556) Importer(815301076,1909f56bfc062723c751e8b465ee728b)
Start importing Assets/Prefabs/Items/Bigass Screen.prefab using Guid(8cffdb77e9bcde845a445e8992b3f556) Importer(815301076,1909f56bfc062723c751e8b465ee728b)  -> (artifact id: '8552613c6c49c18aca8b0ad289ea5068') in 1.158508 seconds 
========================================================================
Received Prepare
Registering precompiled user dll's ...
Registered in 0.007746 seconds.
Begin MonoManager ReloadAssembly
Native extension for WindowsStandalone target not found
Native extension for WebGL target not found
Refreshing native plugins compatible for Editor in 1.94 ms, found 1 plugins.
Preloading 0 native plugins for Editor in 0.00 ms.
Mono: successfully reloaded assembly
- Completed reload, in  4.769 seconds
Platform modules already initialized, skipping
Refreshing native plugins compatible for Editor in 2.86 ms, found 1 plugins.
Preloading 0 native plugins for Editor in 0.00 ms.
Unloading 1904 Unused Serialized files (Serialized files now loaded: 0)
System memory in use before: 98.8 MB.
System memory in use after: 98.9 MB.

Unloading 9 unused Assets to reduce memory usage. Loaded Objects now: 2594.
Total: 9.817600 ms (FindLiveObjects: 0.958200 ms CreateObjectMapping: 0.526600 ms MarkObjects: 8.266400 ms  DeleteObjects: 0.061700 ms)

========================================================================
Received Prepare
Registering precompiled user dll's ...
Registered in 0.007673 seconds.
Begin MonoManager ReloadAssembly
Native extension for WindowsStandalone target not found
Native extension for WebGL target not found
Refreshing native plugins compatible for Editor in 2.45 ms, found 1 plugins.
Preloading 0 native plugins for Editor in 0.00 ms.
Mono: successfully reloaded assembly
- Completed reload, in  8.092 seconds
Platform modules already initialized, skipping
Refreshing native plugins compatible for Editor in 2.56 ms, found 1 plugins.
Preloading 0 native plugins for Editor in 0.00 ms.
Unloading 1904 Unused Serialized files (Serialized files now loaded: 0)
System memory in use before: 98.7 MB.
System memory in use after: 98.8 MB.

Unloading 9 unused Assets to reduce memory usage. Loaded Objects now: 2597.
Total: 9.523300 ms (FindLiveObjects: 0.898600 ms CreateObjectMapping: 0.262000 ms MarkObjects: 8.290900 ms  DeleteObjects: 0.065000 ms)

