Using pre-set license
Built from '2021.1/release' branch; Version is '2021.1.0f1 (61a549675243) revision 6399305'; Using compiler version '192528614'; Build Type 'Release'
OS: 'Windows 10 Pro; OS build 18362.1082; Version 1903; 64bit' Language: 'en' Physical Memory: 3982 MB
BatchMode: 1, IsHumanControllingUs: 0, StartBugReporterOnCrash: 0, Is64bit: 1, IsPro: 0

 COMMAND LINE ARGUMENTS:
C:\Program Files\Unity\2021.1.0f1\Editor\Unity.exe
-adb2
-batchMode
-noUpm
-name
AssetImportWorker10
-projectPath
C:/Users/My Acer/Project-Earthend
-logFile
Logs/AssetImportWorker10.log
-srvPort
53289
Successfully changed project path to: C:/Users/My Acer/Project-Earthend
C:/Users/My Acer/Project-Earthend
Using Asset Import Pipeline V2.
Refreshing native plugins compatible for Editor in 185.39 ms, found 0 plugins.
Preloading 0 native plugins for Editor in 0.00 ms.
Initialize engine version: 2021.1.0f1 (61a549675243)
[Subsystems] Discovering subsystems at path C:/Program Files/Unity/2021.1.0f1/Editor/Data/Resources/UnitySubsystems
[Subsystems] Discovering subsystems at path C:/Users/My Acer/Project-Earthend/Assets
GfxDevice: creating device client; threaded=0; jobified=0
Direct3D:
    Version:  Direct3D 11.0 [level 11.0]
    Renderer: Intel(R) HD Graphics (ID=0xf31)
    Vendor:   Intel
    VRAM:     128 MB
    Driver:   10.18.10.4276
Initialize mono
Mono path[0] = 'C:/Program Files/Unity/2021.1.0f1/Editor/Data/Managed'
Mono path[1] = 'C:/Program Files/Unity/2021.1.0f1/Editor/Data/MonoBleedingEdge/lib/mono/unityjit'
Mono config path = 'C:/Program Files/Unity/2021.1.0f1/Editor/Data/MonoBleedingEdge/etc'
Using monoOptions --debugger-agent=transport=dt_socket,embedding=1,server=y,suspend=n,address=127.0.0.1:56232
Begin MonoManager ReloadAssembly
Registering precompiled unity dll's ...
Register platform support module: C:/Program Files/Unity/2021.1.0f1/Editor/Data/PlaybackEngines/WebGLSupport/UnityEditor.WebGL.Extensions.dll
Register platform support module: C:/Program Files/Unity/2021.1.0f1/Editor/Data/PlaybackEngines/WindowsStandaloneSupport/UnityEditor.WindowsStandalone.Extensions.dll
Registered in 0.011145 seconds.
Native extension for WindowsStandalone target not found
Native extension for WebGL target not found
Refreshing native plugins compatible for Editor in 208.27 ms, found 0 plugins.
Preloading 0 native plugins for Editor in 0.00 ms.
Mono: successfully reloaded assembly
- Completed reload, in  6.064 seconds
Platform modules already initialized, skipping
Registering precompiled user dll's ...
Registered in 0.006711 seconds.
Begin MonoManager ReloadAssembly
Native extension for WindowsStandalone target not found
Native extension for WebGL target not found
Refreshing native plugins compatible for Editor in 1.10 ms, found 0 plugins.
Preloading 0 native plugins for Editor in 0.00 ms.
Mono: successfully reloaded assembly
- Completed reload, in  6.009 seconds
Platform modules already initialized, skipping
========================================================================
Worker process is ready to serve import requests
Launched and connected shader compiler UnityShaderCompiler.exe after 0.88 seconds
Refreshing native plugins compatible for Editor in 1.73 ms, found 0 plugins.
Preloading 0 native plugins for Editor in 0.00 ms.
Unloading 1422 Unused Serialized files (Serialized files now loaded: 0)
System memory in use before: 70.1 MB.
System memory in use after: 70.2 MB.

Unloading 14 unused Assets to reduce memory usage. Loaded Objects now: 1883.
Total: 7.984200 ms (FindLiveObjects: 0.564600 ms CreateObjectMapping: 0.147400 ms MarkObjects: 7.056300 ms  DeleteObjects: 0.210300 ms)

========================================================================
Received Import Request.
  path: Assets/player_collider.cs
  artifactKey: Guid(5f8930b73d76d0646bfac72966f7cc58) Importer(815301076,1909f56bfc062723c751e8b465ee728b)
Start importing Assets/player_collider.cs using Guid(5f8930b73d76d0646bfac72966f7cc58) Importer(815301076,1909f56bfc062723c751e8b465ee728b)  -> (artifact id: 'eb1cbaadd4babf2cc7e56cbf52b47c55') in 0.842089 seconds 
========================================================================
Received Import Request.
  Time since last request: 24.796617 seconds.
  path: Assets/Hitbyplayer.cs
  artifactKey: Guid(a18f2089b54fd224a83e4947e2d6251b) Importer(815301076,1909f56bfc062723c751e8b465ee728b)
Start importing Assets/Hitbyplayer.cs using Guid(a18f2089b54fd224a83e4947e2d6251b) Importer(815301076,1909f56bfc062723c751e8b465ee728b)  -> (artifact id: '597379b1e6bbb2772985ca21b282f028') in 0.149017 seconds 
========================================================================
Received Prepare
Registering precompiled user dll's ...
Registered in 0.006821 seconds.
Begin MonoManager ReloadAssembly
Native extension for WindowsStandalone target not found
Native extension for WebGL target not found
Refreshing native plugins compatible for Editor in 1.07 ms, found 0 plugins.
Preloading 0 native plugins for Editor in 0.00 ms.
Mono: successfully reloaded assembly
- Completed reload, in  4.147 seconds
Platform modules already initialized, skipping
Refreshing native plugins compatible for Editor in 1.11 ms, found 0 plugins.
Preloading 0 native plugins for Editor in 0.00 ms.
Unloading 1403 Unused Serialized files (Serialized files now loaded: 0)
System memory in use before: 69.1 MB.
System memory in use after: 69.2 MB.

Unloading 5 unused Assets to reduce memory usage. Loaded Objects now: 1886.
Total: 7.076500 ms (FindLiveObjects: 0.508400 ms CreateObjectMapping: 0.140100 ms MarkObjects: 6.374600 ms  DeleteObjects: 0.048400 ms)

========================================================================
Received Prepare
Registering precompiled user dll's ...
Registered in 0.010034 seconds.
Begin MonoManager ReloadAssembly
Native extension for WindowsStandalone target not found
Native extension for WebGL target not found
Refreshing native plugins compatible for Editor in 1.14 ms, found 0 plugins.
Preloading 0 native plugins for Editor in 0.00 ms.
Mono: successfully reloaded assembly
- Completed reload, in  5.270 seconds
Platform modules already initialized, skipping
Refreshing native plugins compatible for Editor in 6.03 ms, found 0 plugins.
Preloading 0 native plugins for Editor in 0.00 ms.
Unloading 1403 Unused Serialized files (Serialized files now loaded: 0)
System memory in use before: 69.1 MB.
System memory in use after: 69.2 MB.

Unloading 5 unused Assets to reduce memory usage. Loaded Objects now: 1889.
Total: 10.012000 ms (FindLiveObjects: 0.752300 ms CreateObjectMapping: 0.272700 ms MarkObjects: 8.910500 ms  DeleteObjects: 0.070900 ms)

========================================================================
Received Prepare
Registering precompiled user dll's ...
Registered in 0.010182 seconds.
Begin MonoManager ReloadAssembly
Native extension for WindowsStandalone target not found
Native extension for WebGL target not found
Refreshing native plugins compatible for Editor in 1.14 ms, found 0 plugins.
Preloading 0 native plugins for Editor in 0.00 ms.
Mono: successfully reloaded assembly
- Completed reload, in  4.751 seconds
Platform modules already initialized, skipping
Refreshing native plugins compatible for Editor in 1.13 ms, found 0 plugins.
Preloading 0 native plugins for Editor in 0.00 ms.
Unloading 1403 Unused Serialized files (Serialized files now loaded: 0)
System memory in use before: 69.1 MB.
System memory in use after: 69.2 MB.

Unloading 5 unused Assets to reduce memory usage. Loaded Objects now: 1892.
Total: 7.672700 ms (FindLiveObjects: 0.597800 ms CreateObjectMapping: 0.201100 ms MarkObjects: 6.813200 ms  DeleteObjects: 0.055900 ms)

========================================================================
Received Prepare
Registering precompiled user dll's ...
Registered in 0.006441 seconds.
Begin MonoManager ReloadAssembly
Native extension for WindowsStandalone target not found
Native extension for WebGL target not found
Refreshing native plugins compatible for Editor in 1.10 ms, found 0 plugins.
Preloading 0 native plugins for Editor in 0.00 ms.
Mono: successfully reloaded assembly
- Completed reload, in  4.368 seconds
Platform modules already initialized, skipping
Refreshing native plugins compatible for Editor in 1.71 ms, found 0 plugins.
Preloading 0 native plugins for Editor in 0.00 ms.
Unloading 1403 Unused Serialized files (Serialized files now loaded: 0)
System memory in use before: 69.1 MB.
System memory in use after: 69.2 MB.

Unloading 5 unused Assets to reduce memory usage. Loaded Objects now: 1895.
Total: 7.436800 ms (FindLiveObjects: 0.557600 ms CreateObjectMapping: 0.233100 ms MarkObjects: 6.592500 ms  DeleteObjects: 0.049600 ms)

========================================================================
Received Prepare
Registering precompiled user dll's ...
Registered in 0.008124 seconds.
Begin MonoManager ReloadAssembly
Native extension for WindowsStandalone target not found
Native extension for WebGL target not found
Refreshing native plugins compatible for Editor in 1.06 ms, found 0 plugins.
Preloading 0 native plugins for Editor in 0.00 ms.
Mono: successfully reloaded assembly
- Completed reload, in  4.359 seconds
Platform modules already initialized, skipping
Refreshing native plugins compatible for Editor in 1.14 ms, found 0 plugins.
Preloading 0 native plugins for Editor in 0.00 ms.
Unloading 1403 Unused Serialized files (Serialized files now loaded: 0)
System memory in use before: 69.1 MB.
System memory in use after: 69.2 MB.

Unloading 5 unused Assets to reduce memory usage. Loaded Objects now: 1898.
Total: 6.660700 ms (FindLiveObjects: 0.494000 ms CreateObjectMapping: 0.133200 ms MarkObjects: 5.975600 ms  DeleteObjects: 0.053200 ms)

========================================================================
Received Prepare
Registering precompiled user dll's ...
Registered in 0.006161 seconds.
Begin MonoManager ReloadAssembly
Native extension for WindowsStandalone target not found
Native extension for WebGL target not found
Refreshing native plugins compatible for Editor in 1.27 ms, found 0 plugins.
Preloading 0 native plugins for Editor in 0.00 ms.
Mono: successfully reloaded assembly
- Completed reload, in  4.247 seconds
Platform modules already initialized, skipping
Refreshing native plugins compatible for Editor in 1.17 ms, found 0 plugins.
Preloading 0 native plugins for Editor in 0.00 ms.
Unloading 1403 Unused Serialized files (Serialized files now loaded: 0)
System memory in use before: 69.2 MB.
System memory in use after: 69.3 MB.

Unloading 5 unused Assets to reduce memory usage. Loaded Objects now: 1901.
Total: 6.982100 ms (FindLiveObjects: 0.511400 ms CreateObjectMapping: 0.139900 ms MarkObjects: 6.277900 ms  DeleteObjects: 0.048500 ms)

========================================================================
Received Prepare
Registering precompiled user dll's ...
Registered in 1.611842 seconds.
Begin MonoManager ReloadAssembly
Native extension for WindowsStandalone target not found
Native extension for WebGL target not found
Refreshing native plugins compatible for Editor in 1.19 ms, found 0 plugins.
Preloading 0 native plugins for Editor in 0.00 ms.
Mono: successfully reloaded assembly
- Completed reload, in 31.357 seconds
Platform modules already initialized, skipping
Refreshing native plugins compatible for Editor in 1.28 ms, found 0 plugins.
Preloading 0 native plugins for Editor in 0.00 ms.
Unloading 1403 Unused Serialized files (Serialized files now loaded: 0)
System memory in use before: 69.1 MB.
System memory in use after: 69.2 MB.

Unloading 5 unused Assets to reduce memory usage. Loaded Objects now: 1904.
Total: 16.940200 ms (FindLiveObjects: 0.503000 ms CreateObjectMapping: 0.133400 ms MarkObjects: 16.248700 ms  DeleteObjects: 0.050500 ms)

========================================================================
Received Import Request.
  Time since last request: 3449.653279 seconds.
  path: Assets/Fonts
  artifactKey: Guid(b75512a4693b9dd4bbeba2175f82e0b0) Importer(815301076,1909f56bfc062723c751e8b465ee728b)
Start importing Assets/Fonts using Guid(b75512a4693b9dd4bbeba2175f82e0b0) Importer(815301076,1909f56bfc062723c751e8b465ee728b)  -> (artifact id: '6702c69b2d4d929edfc40dad76794adf') in 0.673944 seconds 
========================================================================
Received Import Request.
  Time since last request: 94.638852 seconds.
  path: Assets/Fonts/DigitalDisco-Thin.ttf
  artifactKey: Guid(c40879ab88371424a8e86ec9ea9f1ce0) Importer(815301076,1909f56bfc062723c751e8b465ee728b)
Start importing Assets/Fonts/DigitalDisco-Thin.ttf using Guid(c40879ab88371424a8e86ec9ea9f1ce0) Importer(815301076,1909f56bfc062723c751e8b465ee728b)  -> (artifact id: '8bb43b5c56624bc422cad852788d5f59') in 2.876873 seconds 
========================================================================
Received Prepare
Registering precompiled user dll's ...
Registered in 0.005635 seconds.
Begin MonoManager ReloadAssembly
Native extension for WindowsStandalone target not found
Native extension for WebGL target not found
Refreshing native plugins compatible for Editor in 1.07 ms, found 0 plugins.
Preloading 0 native plugins for Editor in 0.00 ms.
Mono: successfully reloaded assembly
- Completed reload, in  4.589 seconds
Platform modules already initialized, skipping
Refreshing native plugins compatible for Editor in 1.14 ms, found 0 plugins.
Preloading 0 native plugins for Editor in 0.00 ms.
Unloading 1404 Unused Serialized files (Serialized files now loaded: 0)
System memory in use before: 73.8 MB.
System memory in use after: 73.9 MB.

Unloading 5 unused Assets to reduce memory usage. Loaded Objects now: 1966.
Total: 7.448400 ms (FindLiveObjects: 0.613200 ms CreateObjectMapping: 0.209500 ms MarkObjects: 6.419000 ms  DeleteObjects: 0.202300 ms)

========================================================================
Received Import Request.
  Time since last request: 450.694803 seconds.
  path: Assets/Prefabs/FloatingText.prefab
  artifactKey: Guid(4dc960fbf385bfd4cb8fceae8b674acf) Importer(815301076,1909f56bfc062723c751e8b465ee728b)
Start importing Assets/Prefabs/FloatingText.prefab using Guid(4dc960fbf385bfd4cb8fceae8b674acf) Importer(815301076,1909f56bfc062723c751e8b465ee728b)  -> (artifact id: '20d88c56908ddca905443884ef2992c2') in 0.907669 seconds 
========================================================================
Received Prepare
Registering precompiled user dll's ...
Registered in 0.005710 seconds.
Begin MonoManager ReloadAssembly
Native extension for WindowsStandalone target not found
Native extension for WebGL target not found
Refreshing native plugins compatible for Editor in 1.10 ms, found 0 plugins.
Preloading 0 native plugins for Editor in 0.00 ms.
Mono: successfully reloaded assembly
- Completed reload, in  4.715 seconds
Platform modules already initialized, skipping
Refreshing native plugins compatible for Editor in 1.45 ms, found 0 plugins.
Preloading 0 native plugins for Editor in 0.00 ms.
Unloading 1403 Unused Serialized files (Serialized files now loaded: 0)
System memory in use before: 73.7 MB.
System memory in use after: 73.8 MB.

Unloading 5 unused Assets to reduce memory usage. Loaded Objects now: 1969.
Total: 7.223000 ms (FindLiveObjects: 0.548700 ms CreateObjectMapping: 0.205600 ms MarkObjects: 6.325000 ms  DeleteObjects: 0.138700 ms)

========================================================================
Received Prepare
Registering precompiled user dll's ...
Registered in 0.005761 seconds.
Begin MonoManager ReloadAssembly
Native extension for WindowsStandalone target not found
Native extension for WebGL target not found
Refreshing native plugins compatible for Editor in 1.09 ms, found 0 plugins.
Preloading 0 native plugins for Editor in 0.00 ms.
Mono: successfully reloaded assembly
- Completed reload, in  4.339 seconds
Platform modules already initialized, skipping
Refreshing native plugins compatible for Editor in 1.13 ms, found 0 plugins.
Preloading 0 native plugins for Editor in 0.00 ms.
Unloading 1403 Unused Serialized files (Serialized files now loaded: 0)
System memory in use before: 73.8 MB.
System memory in use after: 73.9 MB.

Unloading 5 unused Assets to reduce memory usage. Loaded Objects now: 1972.
Total: 8.296200 ms (FindLiveObjects: 0.608900 ms CreateObjectMapping: 0.429300 ms MarkObjects: 7.200700 ms  DeleteObjects: 0.053200 ms)

========================================================================
Received Prepare
Registering precompiled user dll's ...
Registered in 0.007598 seconds.
Begin MonoManager ReloadAssembly
Native extension for WindowsStandalone target not found
Native extension for WebGL target not found
Refreshing native plugins compatible for Editor in 1.07 ms, found 0 plugins.
Preloading 0 native plugins for Editor in 0.00 ms.
Mono: successfully reloaded assembly
- Completed reload, in  4.641 seconds
Platform modules already initialized, skipping
Refreshing native plugins compatible for Editor in 2.70 ms, found 0 plugins.
Preloading 0 native plugins for Editor in 0.00 ms.
Unloading 1403 Unused Serialized files (Serialized files now loaded: 0)
System memory in use before: 73.8 MB.
System memory in use after: 73.9 MB.

Unloading 5 unused Assets to reduce memory usage. Loaded Objects now: 1975.
Total: 8.117500 ms (FindLiveObjects: 0.567900 ms CreateObjectMapping: 0.854900 ms MarkObjects: 6.634900 ms  DeleteObjects: 0.055300 ms)

========================================================================
Received Prepare
Registering precompiled user dll's ...
Registered in 0.012266 seconds.
Begin MonoManager ReloadAssembly
Native extension for WindowsStandalone target not found
Native extension for WebGL target not found
Refreshing native plugins compatible for Editor in 1.17 ms, found 0 plugins.
Preloading 0 native plugins for Editor in 0.00 ms.
Mono: successfully reloaded assembly
- Completed reload, in  4.976 seconds
Platform modules already initialized, skipping
Refreshing native plugins compatible for Editor in 1.30 ms, found 0 plugins.
Preloading 0 native plugins for Editor in 0.00 ms.
Unloading 1404 Unused Serialized files (Serialized files now loaded: 0)
System memory in use before: 73.8 MB.
System memory in use after: 73.9 MB.

Unloading 5 unused Assets to reduce memory usage. Loaded Objects now: 1979.
Total: 7.635400 ms (FindLiveObjects: 0.628600 ms CreateObjectMapping: 0.232700 ms MarkObjects: 6.714400 ms  DeleteObjects: 0.054300 ms)

========================================================================
Received Prepare
Registering precompiled user dll's ...
Registered in 0.005694 seconds.
Begin MonoManager ReloadAssembly
Native extension for WindowsStandalone target not found
Native extension for WebGL target not found
Refreshing native plugins compatible for Editor in 1.21 ms, found 0 plugins.
Preloading 0 native plugins for Editor in 0.00 ms.
Mono: successfully reloaded assembly
- Completed reload, in  4.424 seconds
Platform modules already initialized, skipping
Refreshing native plugins compatible for Editor in 1.74 ms, found 0 plugins.
Preloading 0 native plugins for Editor in 0.00 ms.
Unloading 1404 Unused Serialized files (Serialized files now loaded: 0)
System memory in use before: 73.8 MB.
System memory in use after: 73.9 MB.

Unloading 5 unused Assets to reduce memory usage. Loaded Objects now: 1982.
Total: 21.397500 ms (FindLiveObjects: 0.532700 ms CreateObjectMapping: 0.144600 ms MarkObjects: 20.664400 ms  DeleteObjects: 0.052400 ms)

========================================================================
Received Import Request.
  Time since last request: 1188.032063 seconds.
  path: Assets/Prefabs/FloatingText.prefab
  artifactKey: Guid(4dc960fbf385bfd4cb8fceae8b674acf) Importer(815301076,1909f56bfc062723c751e8b465ee728b)
Start importing Assets/Prefabs/FloatingText.prefab using Guid(4dc960fbf385bfd4cb8fceae8b674acf) Importer(815301076,1909f56bfc062723c751e8b465ee728b)  -> (artifact id: 'd64353a406ec7b6287e8248174c85111') in 0.387082 seconds 
========================================================================
Received Prepare
Registering precompiled user dll's ...
Registered in 0.100029 seconds.
Begin MonoManager ReloadAssembly
Native extension for WindowsStandalone target not found
Native extension for WebGL target not found
Refreshing native plugins compatible for Editor in 1.19 ms, found 0 plugins.
Preloading 0 native plugins for Editor in 0.00 ms.
Mono: successfully reloaded assembly
- Completed reload, in  7.823 seconds
Platform modules already initialized, skipping
Refreshing native plugins compatible for Editor in 1.15 ms, found 0 plugins.
Preloading 0 native plugins for Editor in 0.00 ms.
Unloading 1404 Unused Serialized files (Serialized files now loaded: 0)
System memory in use before: 73.8 MB.
System memory in use after: 73.9 MB.

Unloading 5 unused Assets to reduce memory usage. Loaded Objects now: 1985.
Total: 7.532600 ms (FindLiveObjects: 0.717700 ms CreateObjectMapping: 0.261100 ms MarkObjects: 6.492600 ms  DeleteObjects: 0.056800 ms)

========================================================================
Received Import Request.
  Time since last request: 302.238558 seconds.
  path: Assets/TextMesh Pro/Examples & Extras
  artifactKey: Guid(ce51c8e33b734b4db6086586558c53a3) Importer(815301076,1909f56bfc062723c751e8b465ee728b)
Start importing Assets/TextMesh Pro/Examples & Extras using Guid(ce51c8e33b734b4db6086586558c53a3) Importer(815301076,1909f56bfc062723c751e8b465ee728b)  -> (artifact id: '738acb952c86a2133e41380374f967d3') in 0.325439 seconds 
========================================================================
Received Import Request.
  Time since last request: 0.000659 seconds.
  path: Assets/TextMesh Pro/Examples & Extras/Scripts
  artifactKey: Guid(3979ce59e55144c89a2b3b3f8dcf7fd3) Importer(815301076,1909f56bfc062723c751e8b465ee728b)
Start importing Assets/TextMesh Pro/Examples & Extras/Scripts using Guid(3979ce59e55144c89a2b3b3f8dcf7fd3) Importer(815301076,1909f56bfc062723c751e8b465ee728b)  -> (artifact id: '13765c4d04d852ca382b3d2eebb6cd70') in 0.235134 seconds 
========================================================================
Received Import Request.
  Time since last request: 0.000546 seconds.
  path: Assets/TextMesh Pro/Examples & Extras/Scripts/TextMeshProFloatingText.cs
  artifactKey: Guid(a4d4c76e63944cba8c7d00f56334b98c) Importer(815301076,1909f56bfc062723c751e8b465ee728b)
Start importing Assets/TextMesh Pro/Examples & Extras/Scripts/TextMeshProFloatingText.cs using Guid(a4d4c76e63944cba8c7d00f56334b98c) Importer(815301076,1909f56bfc062723c751e8b465ee728b)  -> (artifact id: 'e0a954fad8109e89cfd3f519f417ab90') in 0.161957 seconds 
========================================================================
Received Prepare
Registering precompiled user dll's ...
Registered in 0.006413 seconds.
Begin MonoManager ReloadAssembly
Native extension for WindowsStandalone target not found
Native extension for WebGL target not found
Refreshing native plugins compatible for Editor in 1.08 ms, found 0 plugins.
Preloading 0 native plugins for Editor in 0.00 ms.
Mono: successfully reloaded assembly
- Completed reload, in  4.192 seconds
Platform modules already initialized, skipping
Refreshing native plugins compatible for Editor in 1.14 ms, found 0 plugins.
Preloading 0 native plugins for Editor in 0.00 ms.
Unloading 1404 Unused Serialized files (Serialized files now loaded: 0)
System memory in use before: 73.8 MB.
System memory in use after: 73.9 MB.

Unloading 5 unused Assets to reduce memory usage. Loaded Objects now: 1988.
Total: 7.276500 ms (FindLiveObjects: 0.532900 ms CreateObjectMapping: 0.144800 ms MarkObjects: 6.544700 ms  DeleteObjects: 0.050300 ms)

========================================================================
Received Prepare
Registering precompiled user dll's ...
Registered in 0.005795 seconds.
Begin MonoManager ReloadAssembly
Native extension for WindowsStandalone target not found
Native extension for WebGL target not found
Refreshing native plugins compatible for Editor in 1.07 ms, found 0 plugins.
Preloading 0 native plugins for Editor in 0.00 ms.
Mono: successfully reloaded assembly
- Completed reload, in  4.410 seconds
Platform modules already initialized, skipping
Refreshing native plugins compatible for Editor in 1.27 ms, found 0 plugins.
Preloading 0 native plugins for Editor in 0.00 ms.
Unloading 1404 Unused Serialized files (Serialized files now loaded: 0)
System memory in use before: 73.8 MB.
System memory in use after: 73.9 MB.

Unloading 5 unused Assets to reduce memory usage. Loaded Objects now: 1991.
Total: 7.087100 ms (FindLiveObjects: 0.565900 ms CreateObjectMapping: 0.160800 ms MarkObjects: 6.306600 ms  DeleteObjects: 0.049900 ms)

========================================================================
Received Import Request.
  Time since last request: 851.231548 seconds.
  path: Assets/Prefabs/FloatingTextAnim.anim
  artifactKey: Guid(4f3018dfbe22b5a4383586b9cd8454ae) Importer(815301076,1909f56bfc062723c751e8b465ee728b)
Start importing Assets/Prefabs/FloatingTextAnim.anim using Guid(4f3018dfbe22b5a4383586b9cd8454ae) Importer(815301076,1909f56bfc062723c751e8b465ee728b)  -> (artifact id: 'e5198a0d8d5585e32e0347f98c946af2') in 0.279817 seconds 
========================================================================
Received Import Request.
  Time since last request: 56.327050 seconds.
  path: Assets/Prefabs/FloatingText.prefab
  artifactKey: Guid(4dc960fbf385bfd4cb8fceae8b674acf) Importer(815301076,1909f56bfc062723c751e8b465ee728b)
Start importing Assets/Prefabs/FloatingText.prefab using Guid(4dc960fbf385bfd4cb8fceae8b674acf) Importer(815301076,1909f56bfc062723c751e8b465ee728b)  -> (artifact id: 'f3652e93adfdf7daab68fef6d09b9d2d') in 1.279941 seconds 
========================================================================
Received Prepare
Registering precompiled user dll's ...
Registered in 0.005983 seconds.
Begin MonoManager ReloadAssembly
Native extension for WindowsStandalone target not found
Native extension for WebGL target not found
Refreshing native plugins compatible for Editor in 1.23 ms, found 0 plugins.
Preloading 0 native plugins for Editor in 0.00 ms.
Mono: successfully reloaded assembly
- Completed reload, in  4.507 seconds
Platform modules already initialized, skipping
Refreshing native plugins compatible for Editor in 1.16 ms, found 0 plugins.
Preloading 0 native plugins for Editor in 0.00 ms.
Unloading 1404 Unused Serialized files (Serialized files now loaded: 0)
System memory in use before: 73.8 MB.
System memory in use after: 73.9 MB.

Unloading 5 unused Assets to reduce memory usage. Loaded Objects now: 1994.
Total: 7.313000 ms (FindLiveObjects: 0.893100 ms CreateObjectMapping: 0.220700 ms MarkObjects: 6.144800 ms  DeleteObjects: 0.050400 ms)

========================================================================
Received Prepare
Registering precompiled user dll's ...
Registered in 0.007032 seconds.
Begin MonoManager ReloadAssembly
Native extension for WindowsStandalone target not found
Native extension for WebGL target not found
Refreshing native plugins compatible for Editor in 1.08 ms, found 0 plugins.
Preloading 0 native plugins for Editor in 0.00 ms.
Mono: successfully reloaded assembly
- Completed reload, in  4.278 seconds
Platform modules already initialized, skipping
Refreshing native plugins compatible for Editor in 1.30 ms, found 0 plugins.
Preloading 0 native plugins for Editor in 0.00 ms.
Unloading 1404 Unused Serialized files (Serialized files now loaded: 0)
System memory in use before: 73.9 MB.
System memory in use after: 74.0 MB.

Unloading 5 unused Assets to reduce memory usage. Loaded Objects now: 1997.
Total: 7.297800 ms (FindLiveObjects: 0.557700 ms CreateObjectMapping: 0.158200 ms MarkObjects: 6.521100 ms  DeleteObjects: 0.056900 ms)

========================================================================
Received Import Request.
  Time since last request: 318.857724 seconds.
  path: Assets/Prefabs/FloatingText.controller
  artifactKey: Guid(f9049ec60c7bcb64aaa262f00cc006f1) Importer(815301076,1909f56bfc062723c751e8b465ee728b)
Start importing Assets/Prefabs/FloatingText.controller using Guid(f9049ec60c7bcb64aaa262f00cc006f1) Importer(815301076,1909f56bfc062723c751e8b465ee728b)  -> (artifact id: '659c92ff2c78fe4f428c92818cd8bd95') in 0.096376 seconds 
========================================================================
Received Import Request.
  Time since last request: 0.000531 seconds.
  path: Assets/Prefabs/FloatingText.prefab
  artifactKey: Guid(4dc960fbf385bfd4cb8fceae8b674acf) Importer(815301076,1909f56bfc062723c751e8b465ee728b)
Start importing Assets/Prefabs/FloatingText.prefab using Guid(4dc960fbf385bfd4cb8fceae8b674acf) Importer(815301076,1909f56bfc062723c751e8b465ee728b)  -> (artifact id: 'd15b31e9d8a6a4a60c28d9463dfc52cf') in 0.264484 seconds 
========================================================================
Received Import Request.
  Time since last request: 87.737169 seconds.
  path: Assets/Prefabs/FloatingText.prefab
  artifactKey: Guid(4dc960fbf385bfd4cb8fceae8b674acf) Importer(815301076,1909f56bfc062723c751e8b465ee728b)
Start importing Assets/Prefabs/FloatingText.prefab using Guid(4dc960fbf385bfd4cb8fceae8b674acf) Importer(815301076,1909f56bfc062723c751e8b465ee728b)  -> (artifact id: '6ed38cbc088e9f9527de07126f984ad5') in 0.053023 seconds 
========================================================================
Received Prepare
Registering precompiled user dll's ...
Registered in 0.005638 seconds.
Begin MonoManager ReloadAssembly
Native extension for WindowsStandalone target not found
Native extension for WebGL target not found
Refreshing native plugins compatible for Editor in 1.16 ms, found 0 plugins.
Preloading 0 native plugins for Editor in 0.00 ms.
Mono: successfully reloaded assembly
- Completed reload, in  4.764 seconds
Platform modules already initialized, skipping
Refreshing native plugins compatible for Editor in 1.35 ms, found 0 plugins.
Preloading 0 native plugins for Editor in 0.00 ms.
Unloading 1404 Unused Serialized files (Serialized files now loaded: 0)
System memory in use before: 73.9 MB.
System memory in use after: 74.0 MB.

Unloading 5 unused Assets to reduce memory usage. Loaded Objects now: 2000.
Total: 9.819800 ms (FindLiveObjects: 0.630700 ms CreateObjectMapping: 0.672500 ms MarkObjects: 8.452800 ms  DeleteObjects: 0.059300 ms)

========================================================================
Received Import Request.
  Time since last request: 485.895150 seconds.
  path: Assets/Prefabs/FloatingText.prefab
  artifactKey: Guid(4dc960fbf385bfd4cb8fceae8b674acf) Importer(815301076,1909f56bfc062723c751e8b465ee728b)
Start importing Assets/Prefabs/FloatingText.prefab using Guid(4dc960fbf385bfd4cb8fceae8b674acf) Importer(815301076,1909f56bfc062723c751e8b465ee728b)  -> (artifact id: '4ac52f23fb267c1d0e9d11f94abe4d2e') in 1.052727 seconds 
========================================================================
Received Prepare
Registering precompiled user dll's ...
Registered in 0.006828 seconds.
Begin MonoManager ReloadAssembly
Native extension for WindowsStandalone target not found
Native extension for WebGL target not found
Refreshing native plugins compatible for Editor in 3.27 ms, found 0 plugins.
Preloading 0 native plugins for Editor in 0.00 ms.
Mono: successfully reloaded assembly
- Completed reload, in  5.926 seconds
Platform modules already initialized, skipping
Refreshing native plugins compatible for Editor in 1.22 ms, found 0 plugins.
Preloading 0 native plugins for Editor in 0.00 ms.
Unloading 1404 Unused Serialized files (Serialized files now loaded: 0)
System memory in use before: 73.9 MB.
System memory in use after: 74.0 MB.

Unloading 5 unused Assets to reduce memory usage. Loaded Objects now: 2003.
Total: 7.781000 ms (FindLiveObjects: 0.658400 ms CreateObjectMapping: 0.246500 ms MarkObjects: 6.816600 ms  DeleteObjects: 0.054500 ms)

========================================================================
Received Import Request.
  Time since last request: 22.544262 seconds.
  path: Assets/Prefabs/FloatingText.prefab
  artifactKey: Guid(4dc960fbf385bfd4cb8fceae8b674acf) Importer(815301076,1909f56bfc062723c751e8b465ee728b)
Start importing Assets/Prefabs/FloatingText.prefab using Guid(4dc960fbf385bfd4cb8fceae8b674acf) Importer(815301076,1909f56bfc062723c751e8b465ee728b)  -> (artifact id: 'f9ee9c83cb7dcf7d751325a615033234') in 0.345803 seconds 
========================================================================
Received Prepare
Registering precompiled user dll's ...
Registered in 0.011867 seconds.
Begin MonoManager ReloadAssembly
Native extension for WindowsStandalone target not found
Native extension for WebGL target not found
Refreshing native plugins compatible for Editor in 3.78 ms, found 0 plugins.
Preloading 0 native plugins for Editor in 0.00 ms.
Mono: successfully reloaded assembly
- Completed reload, in  7.169 seconds
Platform modules already initialized, skipping
Refreshing native plugins compatible for Editor in 2.01 ms, found 0 plugins.
Preloading 0 native plugins for Editor in 0.00 ms.
Unloading 1404 Unused Serialized files (Serialized files now loaded: 0)
System memory in use before: 73.9 MB.
System memory in use after: 74.0 MB.

Unloading 5 unused Assets to reduce memory usage. Loaded Objects now: 2006.
Total: 25.817500 ms (FindLiveObjects: 4.829100 ms CreateObjectMapping: 1.295700 ms MarkObjects: 19.580400 ms  DeleteObjects: 0.103300 ms)

========================================================================
Received Import Request.
  Time since last request: 55.770936 seconds.
  path: Assets/Prefabs/FloatingText.prefab
  artifactKey: Guid(4dc960fbf385bfd4cb8fceae8b674acf) Importer(815301076,1909f56bfc062723c751e8b465ee728b)
Start importing Assets/Prefabs/FloatingText.prefab using Guid(4dc960fbf385bfd4cb8fceae8b674acf) Importer(815301076,1909f56bfc062723c751e8b465ee728b)  -> (artifact id: 'c9e7bc4dd06e4fb2599085f0a0e34112') in 0.656027 seconds 
========================================================================
Received Import Request.
  Time since last request: 8.729395 seconds.
  path: Assets/Prefabs/FloatingText.prefab
  artifactKey: Guid(4dc960fbf385bfd4cb8fceae8b674acf) Importer(815301076,1909f56bfc062723c751e8b465ee728b)
Start importing Assets/Prefabs/FloatingText.prefab using Guid(4dc960fbf385bfd4cb8fceae8b674acf) Importer(815301076,1909f56bfc062723c751e8b465ee728b)  -> (artifact id: 'f04ccb7317412c0b20f7bbf8589e168f') in 0.057764 seconds 
========================================================================
Received Import Request.
  Time since last request: 3.156196 seconds.
  path: Assets/Prefabs/FloatingText.prefab
  artifactKey: Guid(4dc960fbf385bfd4cb8fceae8b674acf) Importer(815301076,1909f56bfc062723c751e8b465ee728b)
Start importing Assets/Prefabs/FloatingText.prefab using Guid(4dc960fbf385bfd4cb8fceae8b674acf) Importer(815301076,1909f56bfc062723c751e8b465ee728b)  -> (artifact id: '3d3a6bf6bcd31b1566e91e53bf72c24f') in 0.057691 seconds 
========================================================================
Received Import Request.
  Time since last request: 3.312696 seconds.
  path: Assets/Prefabs/FloatingText.prefab
  artifactKey: Guid(4dc960fbf385bfd4cb8fceae8b674acf) Importer(815301076,1909f56bfc062723c751e8b465ee728b)
Start importing Assets/Prefabs/FloatingText.prefab using Guid(4dc960fbf385bfd4cb8fceae8b674acf) Importer(815301076,1909f56bfc062723c751e8b465ee728b)  -> (artifact id: 'cceaf2c17562f31ffdc661ddecb3cd38') in 0.044106 seconds 
========================================================================
Received Import Request.
  Time since last request: 5.681624 seconds.
  path: Assets/Prefabs/FloatingText.prefab
  artifactKey: Guid(4dc960fbf385bfd4cb8fceae8b674acf) Importer(815301076,1909f56bfc062723c751e8b465ee728b)
Start importing Assets/Prefabs/FloatingText.prefab using Guid(4dc960fbf385bfd4cb8fceae8b674acf) Importer(815301076,1909f56bfc062723c751e8b465ee728b)  -> (artifact id: 'afb4ae6ee207dedad0f1319d6135f586') in 0.073301 seconds 
========================================================================
Received Import Request.
  Time since last request: 3.856840 seconds.
  path: Assets/Prefabs/FloatingText.prefab
  artifactKey: Guid(4dc960fbf385bfd4cb8fceae8b674acf) Importer(815301076,1909f56bfc062723c751e8b465ee728b)
Start importing Assets/Prefabs/FloatingText.prefab using Guid(4dc960fbf385bfd4cb8fceae8b674acf) Importer(815301076,1909f56bfc062723c751e8b465ee728b)  -> (artifact id: '4f19c8712c2d29acbbbe0d414853a651') in 0.090713 seconds 
========================================================================
Received Import Request.
  Time since last request: 17.553426 seconds.
  path: Assets/Prefabs/FloatingText.prefab
  artifactKey: Guid(4dc960fbf385bfd4cb8fceae8b674acf) Importer(815301076,1909f56bfc062723c751e8b465ee728b)
Start importing Assets/Prefabs/FloatingText.prefab using Guid(4dc960fbf385bfd4cb8fceae8b674acf) Importer(815301076,1909f56bfc062723c751e8b465ee728b)  -> (artifact id: '6a2391d536764631d2e9924586e87d97') in 0.068530 seconds 
========================================================================
Received Prepare
Registering precompiled user dll's ...
Registered in 0.005851 seconds.
Begin MonoManager ReloadAssembly
Native extension for WindowsStandalone target not found
Native extension for WebGL target not found
Refreshing native plugins compatible for Editor in 1.28 ms, found 0 plugins.
Preloading 0 native plugins for Editor in 0.00 ms.
Mono: successfully reloaded assembly
- Completed reload, in  4.172 seconds
Platform modules already initialized, skipping
Refreshing native plugins compatible for Editor in 1.47 ms, found 0 plugins.
Preloading 0 native plugins for Editor in 0.00 ms.
Unloading 1404 Unused Serialized files (Serialized files now loaded: 0)
System memory in use before: 73.9 MB.
System memory in use after: 74.0 MB.

Unloading 5 unused Assets to reduce memory usage. Loaded Objects now: 2009.
Total: 7.185500 ms (FindLiveObjects: 0.596100 ms CreateObjectMapping: 0.181800 ms MarkObjects: 6.354600 ms  DeleteObjects: 0.049400 ms)

========================================================================
Received Import Request.
  Time since last request: 285.175272 seconds.
  path: Assets/Prefabs/FloatingText.prefab
  artifactKey: Guid(4dc960fbf385bfd4cb8fceae8b674acf) Importer(815301076,1909f56bfc062723c751e8b465ee728b)
Start importing Assets/Prefabs/FloatingText.prefab using Guid(4dc960fbf385bfd4cb8fceae8b674acf) Importer(815301076,1909f56bfc062723c751e8b465ee728b)  -> (artifact id: '1fd512176ee99763a34212f5f9447d88') in 0.255642 seconds 
========================================================================
Received Prepare
Registering precompiled user dll's ...
Registered in 0.006874 seconds.
Begin MonoManager ReloadAssembly
Native extension for WindowsStandalone target not found
Native extension for WebGL target not found
Refreshing native plugins compatible for Editor in 1.10 ms, found 0 plugins.
Preloading 0 native plugins for Editor in 0.00 ms.
Mono: successfully reloaded assembly
- Completed reload, in  4.355 seconds
Platform modules already initialized, skipping
Refreshing native plugins compatible for Editor in 1.16 ms, found 0 plugins.
Preloading 0 native plugins for Editor in 0.00 ms.
Unloading 1404 Unused Serialized files (Serialized files now loaded: 0)
System memory in use before: 73.9 MB.
System memory in use after: 74.0 MB.

Unloading 5 unused Assets to reduce memory usage. Loaded Objects now: 2012.
Total: 7.184300 ms (FindLiveObjects: 0.562900 ms CreateObjectMapping: 0.216400 ms MarkObjects: 6.345300 ms  DeleteObjects: 0.055700 ms)

========================================================================
Received Import Request.
  Time since last request: 198.833850 seconds.
  path: Assets/Prefabs/FloatingText.prefab
  artifactKey: Guid(4dc960fbf385bfd4cb8fceae8b674acf) Importer(815301076,1909f56bfc062723c751e8b465ee728b)
Start importing Assets/Prefabs/FloatingText.prefab using Guid(4dc960fbf385bfd4cb8fceae8b674acf) Importer(815301076,1909f56bfc062723c751e8b465ee728b)  -> (artifact id: 'ac8ac0c8442fce0834afd2da114bf797') in 0.271268 seconds 
========================================================================
Received Prepare
Registering precompiled user dll's ...
Registered in 0.010914 seconds.
Begin MonoManager ReloadAssembly
Native extension for WindowsStandalone target not found
Native extension for WebGL target not found
Refreshing native plugins compatible for Editor in 2.70 ms, found 0 plugins.
Preloading 0 native plugins for Editor in 0.00 ms.
Mono: successfully reloaded assembly
- Completed reload, in  7.537 seconds
Platform modules already initialized, skipping
Refreshing native plugins compatible for Editor in 2.36 ms, found 0 plugins.
Preloading 0 native plugins for Editor in 0.00 ms.
Unloading 1404 Unused Serialized files (Serialized files now loaded: 0)
System memory in use before: 73.9 MB.
System memory in use after: 74.0 MB.

Unloading 5 unused Assets to reduce memory usage. Loaded Objects now: 2015.
Total: 14.201800 ms (FindLiveObjects: 1.264700 ms CreateObjectMapping: 0.744800 ms MarkObjects: 12.079000 ms  DeleteObjects: 0.102600 ms)

========================================================================
Received Import Request.
  Time since last request: 106.527151 seconds.
  path: Assets/Prefabs/FloatingText.prefab
  artifactKey: Guid(4dc960fbf385bfd4cb8fceae8b674acf) Importer(815301076,1909f56bfc062723c751e8b465ee728b)
Start importing Assets/Prefabs/FloatingText.prefab using Guid(4dc960fbf385bfd4cb8fceae8b674acf) Importer(815301076,1909f56bfc062723c751e8b465ee728b)  -> (artifact id: '5eba1c2cb77e947fb25d8fbca1a6f6a3') in 0.572190 seconds 
========================================================================
Received Prepare
Registering precompiled user dll's ...
Registered in 0.005818 seconds.
Begin MonoManager ReloadAssembly
Native extension for WindowsStandalone target not found
Native extension for WebGL target not found
Refreshing native plugins compatible for Editor in 1.20 ms, found 0 plugins.
Preloading 0 native plugins for Editor in 0.00 ms.
Mono: successfully reloaded assembly
- Completed reload, in  6.785 seconds
Platform modules already initialized, skipping
Refreshing native plugins compatible for Editor in 1.25 ms, found 0 plugins.
Preloading 0 native plugins for Editor in 0.00 ms.
Unloading 1404 Unused Serialized files (Serialized files now loaded: 0)
System memory in use before: 73.9 MB.
System memory in use after: 74.0 MB.

Unloading 5 unused Assets to reduce memory usage. Loaded Objects now: 2018.
Total: 21.177700 ms (FindLiveObjects: 1.316100 ms CreateObjectMapping: 0.194900 ms MarkObjects: 19.601800 ms  DeleteObjects: 0.059800 ms)

========================================================================
Received Prepare
Registering precompiled user dll's ...
Registered in 0.005893 seconds.
Begin MonoManager ReloadAssembly
Native extension for WindowsStandalone target not found
Native extension for WebGL target not found
Refreshing native plugins compatible for Editor in 1.12 ms, found 0 plugins.
Preloading 0 native plugins for Editor in 0.00 ms.
Mono: successfully reloaded assembly
- Completed reload, in  4.411 seconds
Platform modules already initialized, skipping
Refreshing native plugins compatible for Editor in 1.22 ms, found 0 plugins.
Preloading 0 native plugins for Editor in 0.00 ms.
Unloading 1404 Unused Serialized files (Serialized files now loaded: 0)
System memory in use before: 73.9 MB.
System memory in use after: 74.0 MB.

Unloading 5 unused Assets to reduce memory usage. Loaded Objects now: 2021.
Total: 9.407100 ms (FindLiveObjects: 0.775300 ms CreateObjectMapping: 0.246500 ms MarkObjects: 8.314700 ms  DeleteObjects: 0.065600 ms)

========================================================================
Received Prepare
Registering precompiled user dll's ...
Registered in 0.005850 seconds.
Begin MonoManager ReloadAssembly
Native extension for WindowsStandalone target not found
Native extension for WebGL target not found
Refreshing native plugins compatible for Editor in 1.07 ms, found 0 plugins.
Preloading 0 native plugins for Editor in 0.00 ms.
Mono: successfully reloaded assembly
- Completed reload, in  4.335 seconds
Platform modules already initialized, skipping
Refreshing native plugins compatible for Editor in 1.43 ms, found 0 plugins.
Preloading 0 native plugins for Editor in 0.00 ms.
Unloading 1404 Unused Serialized files (Serialized files now loaded: 0)
System memory in use before: 73.9 MB.
System memory in use after: 74.0 MB.

Unloading 5 unused Assets to reduce memory usage. Loaded Objects now: 2024.
Total: 6.980200 ms (FindLiveObjects: 0.582700 ms CreateObjectMapping: 0.205000 ms MarkObjects: 6.131500 ms  DeleteObjects: 0.056100 ms)

========================================================================
Received Prepare
Registering precompiled user dll's ...
Registered in 0.006741 seconds.
Begin MonoManager ReloadAssembly
Native extension for WindowsStandalone target not found
Native extension for WebGL target not found
Refreshing native plugins compatible for Editor in 1.26 ms, found 0 plugins.
Preloading 0 native plugins for Editor in 0.00 ms.
Mono: successfully reloaded assembly
- Completed reload, in  4.202 seconds
Platform modules already initialized, skipping
Refreshing native plugins compatible for Editor in 1.18 ms, found 0 plugins.
Preloading 0 native plugins for Editor in 0.00 ms.
Unloading 1404 Unused Serialized files (Serialized files now loaded: 0)
System memory in use before: 74.0 MB.
System memory in use after: 74.1 MB.

Unloading 5 unused Assets to reduce memory usage. Loaded Objects now: 2027.
Total: 7.295500 ms (FindLiveObjects: 0.576300 ms CreateObjectMapping: 0.187300 ms MarkObjects: 6.476500 ms  DeleteObjects: 0.051600 ms)

AssetImportWorkerClient::OnTransportError - code=2 error=End of file
