Using pre-set license
Built from '2021.1/release' branch; Version is '2021.1.0f1 (61a549675243) revision 6399305'; Using compiler version '192528614'; Build Type 'Release'
OS: 'Windows 10 Pro; OS build 18362.1082; Version 1903; 64bit' Language: 'en' Physical Memory: 3982 MB
BatchMode: 1, IsHumanControllingUs: 0, StartBugReporterOnCrash: 0, Is64bit: 1, IsPro: 0

 COMMAND LINE ARGUMENTS:
C:\Program Files\Unity\2021.1.0f1\Editor\Unity.exe
-adb2
-batchMode
-noUpm
-name
AssetImportWorker6
-projectPath
C:/Users/My Acer/Project-Earthend
-logFile
Logs/AssetImportWorker6.log
-srvPort
50787
Successfully changed project path to: C:/Users/My Acer/Project-Earthend
C:/Users/My Acer/Project-Earthend
Using Asset Import Pipeline V2.
Refreshing native plugins compatible for Editor in 304.37 ms, found 1 plugins.
Preloading 0 native plugins for Editor in 0.00 ms.
Initialize engine version: 2021.1.0f1 (61a549675243)
[Subsystems] Discovering subsystems at path C:/Program Files/Unity/2021.1.0f1/Editor/Data/Resources/UnitySubsystems
[Subsystems] Discovering subsystems at path C:/Users/My Acer/Project-Earthend/Assets
GfxDevice: creating device client; threaded=0; jobified=0
Direct3D:
    Version:  Direct3D 11.0 [level 11.0]
    Renderer: Intel(R) HD Graphics (ID=0xf31)
    Vendor:   Intel
    VRAM:     128 MB
    Driver:   10.18.10.4276
Initialize mono
Mono path[0] = 'C:/Program Files/Unity/2021.1.0f1/Editor/Data/Managed'
Mono path[1] = 'C:/Program Files/Unity/2021.1.0f1/Editor/Data/MonoBleedingEdge/lib/mono/unityjit'
Mono config path = 'C:/Program Files/Unity/2021.1.0f1/Editor/Data/MonoBleedingEdge/etc'
Using monoOptions --debugger-agent=transport=dt_socket,embedding=1,server=y,suspend=n,address=127.0.0.1:56408
Begin MonoManager ReloadAssembly
Registering precompiled unity dll's ...
Register platform support module: C:/Program Files/Unity/2021.1.0f1/Editor/Data/PlaybackEngines/WebGLSupport/UnityEditor.WebGL.Extensions.dll
Register platform support module: C:/Program Files/Unity/2021.1.0f1/Editor/Data/PlaybackEngines/WindowsStandaloneSupport/UnityEditor.WindowsStandalone.Extensions.dll
Registered in 0.011165 seconds.
Native extension for WindowsStandalone target not found
Native extension for WebGL target not found
Refreshing native plugins compatible for Editor in 269.94 ms, found 1 plugins.
Preloading 0 native plugins for Editor in 0.00 ms.
Mono: successfully reloaded assembly
- Completed reload, in  6.535 seconds
Platform modules already initialized, skipping
Registering precompiled user dll's ...
Registered in 0.007822 seconds.
Begin MonoManager ReloadAssembly
Native extension for WindowsStandalone target not found
Native extension for WebGL target not found
Refreshing native plugins compatible for Editor in 2.20 ms, found 1 plugins.
Preloading 0 native plugins for Editor in 0.00 ms.
Mono: successfully reloaded assembly
- Completed reload, in  5.136 seconds
Platform modules already initialized, skipping
========================================================================
Worker process is ready to serve import requests
Launched and connected shader compiler UnityShaderCompiler.exe after 0.57 seconds
Refreshing native plugins compatible for Editor in 1.93 ms, found 1 plugins.
Preloading 0 native plugins for Editor in 0.00 ms.
Unloading 1926 Unused Serialized files (Serialized files now loaded: 0)
System memory in use before: 92.4 MB.
System memory in use after: 92.5 MB.

Unloading 20 unused Assets to reduce memory usage. Loaded Objects now: 2390.
Total: 8.719000 ms (FindLiveObjects: 0.756100 ms CreateObjectMapping: 0.222700 ms MarkObjects: 7.393400 ms  DeleteObjects: 0.341500 ms)

========================================================================
Received Import Request.
  path: Assets/Scripts/Systems/Inventory/ItemObject.cs
  artifactKey: Guid(1263aae381afbe7419b95495356c0e7f) Importer(815301076,1909f56bfc062723c751e8b465ee728b)
Start importing Assets/Scripts/Systems/Inventory/ItemObject.cs using Guid(1263aae381afbe7419b95495356c0e7f) Importer(815301076,1909f56bfc062723c751e8b465ee728b)  -> (artifact id: 'b5851dd7985df1898efb69c1aed07b76') in 2.280919 seconds 
========================================================================
Received Import Request.
  Time since last request: 1943.199337 seconds.
  path: Assets/Scripts/Systems/Inventory
  artifactKey: Guid(0191eb54370063944a05829f4f61d623) Importer(815301076,1909f56bfc062723c751e8b465ee728b)
Start importing Assets/Scripts/Systems/Inventory using Guid(0191eb54370063944a05829f4f61d623) Importer(815301076,1909f56bfc062723c751e8b465ee728b)  -> (artifact id: 'a3c94af065f3a1eb9bf273a0c96e8363') in 1.021094 seconds 
========================================================================
Received Import Request.
  Time since last request: 40.921258 seconds.
  path: Assets/Scripts/Systems/Inventory/DefaultObject.cs
  artifactKey: Guid(829c6d2374967024296780d5bf137229) Importer(815301076,1909f56bfc062723c751e8b465ee728b)
Start importing Assets/Scripts/Systems/Inventory/DefaultObject.cs using Guid(829c6d2374967024296780d5bf137229) Importer(815301076,1909f56bfc062723c751e8b465ee728b)  -> (artifact id: '51187aa859e3dbbc42620c88c5025725') in 0.505671 seconds 
========================================================================
Received Prepare
Registering precompiled user dll's ...
Registered in 0.109163 seconds.
Begin MonoManager ReloadAssembly
Native extension for WindowsStandalone target not found
Native extension for WebGL target not found
Refreshing native plugins compatible for Editor in 1.68 ms, found 1 plugins.
Preloading 0 native plugins for Editor in 0.00 ms.
Mono: successfully reloaded assembly
- Completed reload, in 12.926 seconds
Platform modules already initialized, skipping
Refreshing native plugins compatible for Editor in 2.44 ms, found 1 plugins.
Preloading 0 native plugins for Editor in 0.00 ms.
Unloading 1906 Unused Serialized files (Serialized files now loaded: 0)
System memory in use before: 91.2 MB.
System memory in use after: 91.3 MB.

Unloading 9 unused Assets to reduce memory usage. Loaded Objects now: 2394.
Total: 213.223800 ms (FindLiveObjects: 18.363800 ms CreateObjectMapping: 0.405600 ms MarkObjects: 192.179500 ms  DeleteObjects: 2.269000 ms)

========================================================================
Received Import Request.
  Time since last request: 391.713426 seconds.
  path: Assets/Scripts/Systems/Inventory/Objects
  artifactKey: Guid(0d4f41cc48f9da94bbc4873a02ec6c14) Importer(815301076,1909f56bfc062723c751e8b465ee728b)
Start importing Assets/Scripts/Systems/Inventory/Objects using Guid(0d4f41cc48f9da94bbc4873a02ec6c14) Importer(815301076,1909f56bfc062723c751e8b465ee728b)  -> (artifact id: '436e41d320154d81f77cfd3a3f8abc36') in 0.417806 seconds 
========================================================================
Received Prepare
Registering precompiled user dll's ...
Registered in 0.041843 seconds.
Begin MonoManager ReloadAssembly
Native extension for WindowsStandalone target not found
Native extension for WebGL target not found
Refreshing native plugins compatible for Editor in 1.84 ms, found 1 plugins.
Preloading 0 native plugins for Editor in 0.00 ms.
Mono: successfully reloaded assembly
- Completed reload, in  4.984 seconds
Platform modules already initialized, skipping
Refreshing native plugins compatible for Editor in 2.10 ms, found 1 plugins.
Preloading 0 native plugins for Editor in 0.00 ms.
Unloading 1906 Unused Serialized files (Serialized files now loaded: 0)
System memory in use before: 91.2 MB.
System memory in use after: 91.3 MB.

Unloading 9 unused Assets to reduce memory usage. Loaded Objects now: 2397.
Total: 7.840900 ms (FindLiveObjects: 0.723300 ms CreateObjectMapping: 0.383400 ms MarkObjects: 6.673200 ms  DeleteObjects: 0.055900 ms)

========================================================================
Received Import Request.
  Time since last request: 168.919118 seconds.
  path: Assets/Scriptable Objects
  artifactKey: Guid(c4e0e5285bccdfa43a169dffecb661a6) Importer(815301076,1909f56bfc062723c751e8b465ee728b)
Start importing Assets/Scriptable Objects using Guid(c4e0e5285bccdfa43a169dffecb661a6) Importer(815301076,1909f56bfc062723c751e8b465ee728b)  -> (artifact id: '92f79781d1e8730d32cd582bfd6e0453') in 0.610201 seconds 
========================================================================
Received Import Request.
  Time since last request: 4.321107 seconds.
  path: Assets/Scriptable Objects/Items
  artifactKey: Guid(df3b94e5437a11148b50e74aada87160) Importer(815301076,1909f56bfc062723c751e8b465ee728b)
Start importing Assets/Scriptable Objects/Items using Guid(df3b94e5437a11148b50e74aada87160) Importer(815301076,1909f56bfc062723c751e8b465ee728b)  -> (artifact id: 'a7e2f090f67e28f45e219fcb465a5fb7') in 0.106685 seconds 
========================================================================
Received Import Request.
  Time since last request: 6.596423 seconds.
  path: Assets/Scriptable Objects/Items/Scripts
  artifactKey: Guid(4b2c930c6bf31ac4bbd2ff6076ff606c) Importer(815301076,1909f56bfc062723c751e8b465ee728b)
Start importing Assets/Scriptable Objects/Items/Scripts using Guid(4b2c930c6bf31ac4bbd2ff6076ff606c) Importer(815301076,1909f56bfc062723c751e8b465ee728b)  -> (artifact id: 'b3e59716daca8945a263b647403ae945') in 0.233199 seconds 
========================================================================
Received Import Request.
  Time since last request: 16.080257 seconds.
  path: Assets/Scripts/Systems/Inventory/DefaultObject.cs
  artifactKey: Guid(829c6d2374967024296780d5bf137229) Importer(815301076,1909f56bfc062723c751e8b465ee728b)
Start importing Assets/Scripts/Systems/Inventory/DefaultObject.cs using Guid(829c6d2374967024296780d5bf137229) Importer(815301076,1909f56bfc062723c751e8b465ee728b)  -> (artifact id: '8bc02522e6c64b078bd8254f3338b4e1') in 0.023084 seconds 
========================================================================
Received Import Request.
  Time since last request: 0.335324 seconds.
  path: Assets/Scripts/Systems/Inventory/ItemObject.cs
  artifactKey: Guid(1263aae381afbe7419b95495356c0e7f) Importer(815301076,1909f56bfc062723c751e8b465ee728b)
Start importing Assets/Scripts/Systems/Inventory/ItemObject.cs using Guid(1263aae381afbe7419b95495356c0e7f) Importer(815301076,1909f56bfc062723c751e8b465ee728b)  -> (artifact id: 'e743c105148c534499afd6e265f4a763') in 0.057246 seconds 
========================================================================
Received Prepare
Registering precompiled user dll's ...
Registered in 0.073045 seconds.
Begin MonoManager ReloadAssembly
Native extension for WindowsStandalone target not found
Native extension for WebGL target not found
Refreshing native plugins compatible for Editor in 1.67 ms, found 1 plugins.
Preloading 0 native plugins for Editor in 0.00 ms.
Mono: successfully reloaded assembly
- Completed reload, in  5.422 seconds
Platform modules already initialized, skipping
Refreshing native plugins compatible for Editor in 1.95 ms, found 1 plugins.
Preloading 0 native plugins for Editor in 0.00 ms.
Unloading 1906 Unused Serialized files (Serialized files now loaded: 0)
System memory in use before: 91.3 MB.
System memory in use after: 91.4 MB.

Unloading 9 unused Assets to reduce memory usage. Loaded Objects now: 2400.
Total: 9.236200 ms (FindLiveObjects: 0.673700 ms CreateObjectMapping: 0.411300 ms MarkObjects: 8.039000 ms  DeleteObjects: 0.104900 ms)

========================================================================
Received Prepare
Registering precompiled user dll's ...
Registered in 0.015064 seconds.
Begin MonoManager ReloadAssembly
Native extension for WindowsStandalone target not found
Native extension for WebGL target not found
Refreshing native plugins compatible for Editor in 1.71 ms, found 1 plugins.
Preloading 0 native plugins for Editor in 0.00 ms.
Mono: successfully reloaded assembly
- Completed reload, in  4.968 seconds
Platform modules already initialized, skipping
Refreshing native plugins compatible for Editor in 2.62 ms, found 1 plugins.
Preloading 0 native plugins for Editor in 0.00 ms.
Unloading 1906 Unused Serialized files (Serialized files now loaded: 0)
System memory in use before: 91.3 MB.
System memory in use after: 91.4 MB.

Unloading 9 unused Assets to reduce memory usage. Loaded Objects now: 2403.
Total: 8.047000 ms (FindLiveObjects: 0.614200 ms CreateObjectMapping: 0.192500 ms MarkObjects: 7.181100 ms  DeleteObjects: 0.055000 ms)

========================================================================
Received Prepare
Registering precompiled user dll's ...
Registered in 0.010351 seconds.
Begin MonoManager ReloadAssembly
Native extension for WindowsStandalone target not found
Native extension for WebGL target not found
Refreshing native plugins compatible for Editor in 1.87 ms, found 1 plugins.
Preloading 0 native plugins for Editor in 0.00 ms.
Mono: successfully reloaded assembly
- Completed reload, in  4.860 seconds
Platform modules already initialized, skipping
Refreshing native plugins compatible for Editor in 1.79 ms, found 1 plugins.
Preloading 0 native plugins for Editor in 0.00 ms.
Unloading 1906 Unused Serialized files (Serialized files now loaded: 0)
System memory in use before: 91.3 MB.
System memory in use after: 91.4 MB.

Unloading 9 unused Assets to reduce memory usage. Loaded Objects now: 2406.
Total: 14.970800 ms (FindLiveObjects: 3.958500 ms CreateObjectMapping: 0.475500 ms MarkObjects: 10.456800 ms  DeleteObjects: 0.073800 ms)

========================================================================
Received Import Request.
  Time since last request: 963.939438 seconds.
  path: Assets/Scriptable Objects/Items/Scripts/DefaultObject.cs
  artifactKey: Guid(829c6d2374967024296780d5bf137229) Importer(815301076,1909f56bfc062723c751e8b465ee728b)
Start importing Assets/Scriptable Objects/Items/Scripts/DefaultObject.cs using Guid(829c6d2374967024296780d5bf137229) Importer(815301076,1909f56bfc062723c751e8b465ee728b)  -> (artifact id: '5bcfded8ad37d04b39044923c35202bb') in 0.079731 seconds 
========================================================================
Received Import Request.
  Time since last request: 47.522511 seconds.
  path: Assets/Scriptable Objects/Items/Bones.asset
  artifactKey: Guid(63a290fe6f9a0a245b7a9d5952713486) Importer(815301076,1909f56bfc062723c751e8b465ee728b)
Start importing Assets/Scriptable Objects/Items/Bones.asset using Guid(63a290fe6f9a0a245b7a9d5952713486) Importer(815301076,1909f56bfc062723c751e8b465ee728b)  -> (artifact id: 'effa77eb3b40125ea1e24e48affd8574') in 0.570725 seconds 
========================================================================
Received Import Request.
  Time since last request: 49.330959 seconds.
  path: Assets/Scriptable Objects/Items/Scripts/FoodObject.cs
  artifactKey: Guid(a95db262e4294a44d9a76695d45b17a7) Importer(815301076,1909f56bfc062723c751e8b465ee728b)
Start importing Assets/Scriptable Objects/Items/Scripts/FoodObject.cs using Guid(a95db262e4294a44d9a76695d45b17a7) Importer(815301076,1909f56bfc062723c751e8b465ee728b)  -> (artifact id: '9b6f748b933f735e72148bfb629d46ff') in 0.179600 seconds 
========================================================================
Received Prepare
Registering precompiled user dll's ...
Registered in 0.007774 seconds.
Begin MonoManager ReloadAssembly
Native extension for WindowsStandalone target not found
Native extension for WebGL target not found
Refreshing native plugins compatible for Editor in 1.62 ms, found 1 plugins.
Preloading 0 native plugins for Editor in 0.00 ms.
Mono: successfully reloaded assembly
- Completed reload, in  4.865 seconds
Platform modules already initialized, skipping
Refreshing native plugins compatible for Editor in 3.58 ms, found 1 plugins.
Preloading 0 native plugins for Editor in 0.00 ms.
Unloading 1907 Unused Serialized files (Serialized files now loaded: 0)
System memory in use before: 91.3 MB.
System memory in use after: 91.4 MB.

Unloading 9 unused Assets to reduce memory usage. Loaded Objects now: 2410.
Total: 8.281200 ms (FindLiveObjects: 1.027200 ms CreateObjectMapping: 0.279400 ms MarkObjects: 6.914800 ms  DeleteObjects: 0.055300 ms)

========================================================================
Received Prepare
Registering precompiled user dll's ...
Registered in 0.007055 seconds.
Begin MonoManager ReloadAssembly
Native extension for WindowsStandalone target not found
Native extension for WebGL target not found
Refreshing native plugins compatible for Editor in 1.64 ms, found 1 plugins.
Preloading 0 native plugins for Editor in 0.00 ms.
Mono: successfully reloaded assembly
- Completed reload, in  4.801 seconds
Platform modules already initialized, skipping
Refreshing native plugins compatible for Editor in 1.90 ms, found 1 plugins.
Preloading 0 native plugins for Editor in 0.00 ms.
Unloading 1907 Unused Serialized files (Serialized files now loaded: 0)
System memory in use before: 91.3 MB.
System memory in use after: 91.4 MB.

Unloading 9 unused Assets to reduce memory usage. Loaded Objects now: 2413.
Total: 8.461900 ms (FindLiveObjects: 0.816300 ms CreateObjectMapping: 0.313100 ms MarkObjects: 7.258500 ms  DeleteObjects: 0.069300 ms)

========================================================================
Received Import Request.
  Time since last request: 673.510254 seconds.
  path: Assets/Scriptable Objects/Items/Scripts/FoodObject.cs
  artifactKey: Guid(a95db262e4294a44d9a76695d45b17a7) Importer(815301076,1909f56bfc062723c751e8b465ee728b)
Start importing Assets/Scriptable Objects/Items/Scripts/FoodObject.cs using Guid(a95db262e4294a44d9a76695d45b17a7) Importer(815301076,1909f56bfc062723c751e8b465ee728b)  -> (artifact id: 'd2f712faabbae9bc5c1d732adac88b36') in 0.031138 seconds 
========================================================================
Received Import Request.
  Time since last request: 59.922273 seconds.
  path: Assets/Scriptable Objects/Items/Void Bread.asset
  artifactKey: Guid(7885617e6e4565d4c9ef5101ecfb76fc) Importer(815301076,1909f56bfc062723c751e8b465ee728b)
Start importing Assets/Scriptable Objects/Items/Void Bread.asset using Guid(7885617e6e4565d4c9ef5101ecfb76fc) Importer(815301076,1909f56bfc062723c751e8b465ee728b)  -> (artifact id: '251c8dd4c94e11131aa88594e2706449') in 0.104535 seconds 
========================================================================
Received Import Request.
  Time since last request: 62.889804 seconds.
  path: Assets/Scriptable Objects/Items/Scripts/EquipmentObject.cs
  artifactKey: Guid(fcfecc7283651fe4280cf7a874bfb68a) Importer(815301076,1909f56bfc062723c751e8b465ee728b)
Start importing Assets/Scriptable Objects/Items/Scripts/EquipmentObject.cs using Guid(fcfecc7283651fe4280cf7a874bfb68a) Importer(815301076,1909f56bfc062723c751e8b465ee728b)  -> (artifact id: '398a8b8f36ed0f4f9246fcdf2b15e3c3') in 0.064417 seconds 
========================================================================
Received Prepare
Registering precompiled user dll's ...
Registered in 0.010172 seconds.
Begin MonoManager ReloadAssembly
Native extension for WindowsStandalone target not found
Native extension for WebGL target not found
Refreshing native plugins compatible for Editor in 1.69 ms, found 1 plugins.
Preloading 0 native plugins for Editor in 0.00 ms.
Mono: successfully reloaded assembly
- Completed reload, in  4.863 seconds
Platform modules already initialized, skipping
Refreshing native plugins compatible for Editor in 2.91 ms, found 1 plugins.
Preloading 0 native plugins for Editor in 0.00 ms.
Unloading 1908 Unused Serialized files (Serialized files now loaded: 0)
System memory in use before: 91.4 MB.
System memory in use after: 91.5 MB.

Unloading 9 unused Assets to reduce memory usage. Loaded Objects now: 2417.
Total: 8.027400 ms (FindLiveObjects: 0.654100 ms CreateObjectMapping: 0.224600 ms MarkObjects: 7.089500 ms  DeleteObjects: 0.055700 ms)

========================================================================
Received Prepare
Registering precompiled user dll's ...
Registered in 0.007188 seconds.
Begin MonoManager ReloadAssembly
Native extension for WindowsStandalone target not found
Native extension for WebGL target not found
Refreshing native plugins compatible for Editor in 1.75 ms, found 1 plugins.
Preloading 0 native plugins for Editor in 0.00 ms.
Mono: successfully reloaded assembly
- Completed reload, in  4.795 seconds
Platform modules already initialized, skipping
Refreshing native plugins compatible for Editor in 1.90 ms, found 1 plugins.
Preloading 0 native plugins for Editor in 0.00 ms.
Unloading 1908 Unused Serialized files (Serialized files now loaded: 0)
System memory in use before: 91.4 MB.
System memory in use after: 91.5 MB.

Unloading 9 unused Assets to reduce memory usage. Loaded Objects now: 2420.
Total: 10.345800 ms (FindLiveObjects: 1.021900 ms CreateObjectMapping: 0.457800 ms MarkObjects: 8.785500 ms  DeleteObjects: 0.074400 ms)

========================================================================
Received Import Request.
  Time since last request: 1328.670861 seconds.
  path: Assets/Scriptable Objects/Items/Scripts/EquipmentObject.cs
  artifactKey: Guid(fcfecc7283651fe4280cf7a874bfb68a) Importer(815301076,1909f56bfc062723c751e8b465ee728b)
Start importing Assets/Scriptable Objects/Items/Scripts/EquipmentObject.cs using Guid(fcfecc7283651fe4280cf7a874bfb68a) Importer(815301076,1909f56bfc062723c751e8b465ee728b)  -> (artifact id: '0e492bee18085f14734758174bdabc44') in 0.031269 seconds 
========================================================================
Received Import Request.
  Time since last request: 286.184103 seconds.
  path: Assets/Scriptable Objects/Items/Annihilation Plate.asset
  artifactKey: Guid(ca88fcb47187c7542b592931451aea6f) Importer(815301076,1909f56bfc062723c751e8b465ee728b)
Start importing Assets/Scriptable Objects/Items/Annihilation Plate.asset using Guid(ca88fcb47187c7542b592931451aea6f) Importer(815301076,1909f56bfc062723c751e8b465ee728b)  -> (artifact id: '5aa9c813bc4038d654b1d59a3f244732') in 0.315653 seconds 
========================================================================
Received Import Request.
  Time since last request: 123.797225 seconds.
  path: Assets/Scriptable Objects/Items/Galaxy Sword.asset
  artifactKey: Guid(d09cb4816dfb3204aa061783461926b2) Importer(815301076,1909f56bfc062723c751e8b465ee728b)
Start importing Assets/Scriptable Objects/Items/Galaxy Sword.asset using Guid(d09cb4816dfb3204aa061783461926b2) Importer(815301076,1909f56bfc062723c751e8b465ee728b)  -> (artifact id: '6f87b7070d5990a0d439d2728240b19a') in 0.325374 seconds 
========================================================================
Received Import Request.
  Time since last request: 440.219977 seconds.
  path: Assets/Scriptable Objects/Inventory
  artifactKey: Guid(305d9e6b1ee796f42b186e4acfb53fc7) Importer(815301076,1909f56bfc062723c751e8b465ee728b)
Start importing Assets/Scriptable Objects/Inventory using Guid(305d9e6b1ee796f42b186e4acfb53fc7) Importer(815301076,1909f56bfc062723c751e8b465ee728b)  -> (artifact id: '20b6338e34e069aca132753b4d71c647') in 0.115185 seconds 
========================================================================
Received Import Request.
  Time since last request: 22.463615 seconds.
  path: Assets/Scriptable Objects/Inventory/Scripts
  artifactKey: Guid(55108bb9e3f20764391dc750412e90fc) Importer(815301076,1909f56bfc062723c751e8b465ee728b)
Start importing Assets/Scriptable Objects/Inventory/Scripts using Guid(55108bb9e3f20764391dc750412e90fc) Importer(815301076,1909f56bfc062723c751e8b465ee728b)  -> (artifact id: '3b50e8e54897904ff5ca9db2217c9bbd') in 0.112385 seconds 
========================================================================
Received Prepare
Registering precompiled user dll's ...
Registered in 0.018824 seconds.
Begin MonoManager ReloadAssembly
Native extension for WindowsStandalone target not found
Native extension for WebGL target not found
Refreshing native plugins compatible for Editor in 1.88 ms, found 1 plugins.
Preloading 0 native plugins for Editor in 0.00 ms.
Mono: successfully reloaded assembly
- Completed reload, in  4.960 seconds
Platform modules already initialized, skipping
Refreshing native plugins compatible for Editor in 1.74 ms, found 1 plugins.
Preloading 0 native plugins for Editor in 0.00 ms.
Unloading 1909 Unused Serialized files (Serialized files now loaded: 0)
System memory in use before: 91.4 MB.
System memory in use after: 91.5 MB.

Unloading 9 unused Assets to reduce memory usage. Loaded Objects now: 2424.
Total: 7.636400 ms (FindLiveObjects: 0.629700 ms CreateObjectMapping: 0.218800 ms MarkObjects: 6.727900 ms  DeleteObjects: 0.055400 ms)

========================================================================
Received Import Request.
  Time since last request: 113.099236 seconds.
  path: Assets/Scriptable Objects/Inventory/Scripts/InventoryObject.cs
  artifactKey: Guid(e284965a8e1d44843af275c6c178af34) Importer(815301076,1909f56bfc062723c751e8b465ee728b)
Start importing Assets/Scriptable Objects/Inventory/Scripts/InventoryObject.cs using Guid(e284965a8e1d44843af275c6c178af34) Importer(815301076,1909f56bfc062723c751e8b465ee728b)  -> (artifact id: '4f91ccabc56190ac101f65e2c7de65a0') in 0.087917 seconds 
========================================================================
Received Prepare
Registering precompiled user dll's ...
Registered in 0.009153 seconds.
Begin MonoManager ReloadAssembly
Native extension for WindowsStandalone target not found
Native extension for WebGL target not found
Refreshing native plugins compatible for Editor in 6.01 ms, found 1 plugins.
Preloading 0 native plugins for Editor in 0.00 ms.
Mono: successfully reloaded assembly
- Completed reload, in  5.446 seconds
Platform modules already initialized, skipping
Refreshing native plugins compatible for Editor in 2.29 ms, found 1 plugins.
Preloading 0 native plugins for Editor in 0.00 ms.
Unloading 1909 Unused Serialized files (Serialized files now loaded: 0)
System memory in use before: 91.4 MB.
System memory in use after: 91.5 MB.

Unloading 9 unused Assets to reduce memory usage. Loaded Objects now: 2427.
Total: 11.497800 ms (FindLiveObjects: 1.151700 ms CreateObjectMapping: 0.711900 ms MarkObjects: 9.533600 ms  DeleteObjects: 0.093800 ms)

========================================================================
Received Import Request.
  Time since last request: 2017.247155 seconds.
  path: Assets/Scriptable Objects/Inventory/Scripts/InventoryObject.cs
  artifactKey: Guid(e284965a8e1d44843af275c6c178af34) Importer(815301076,1909f56bfc062723c751e8b465ee728b)
Start importing Assets/Scriptable Objects/Inventory/Scripts/InventoryObject.cs using Guid(e284965a8e1d44843af275c6c178af34) Importer(815301076,1909f56bfc062723c751e8b465ee728b)  -> (artifact id: '8c244a27edd70e0629978f7d6c03fad5') in 0.111962 seconds 
========================================================================
Received Import Request.
  Time since last request: 602.744636 seconds.
  path: Assets/Scriptable Objects/Inventory/Player Inv.asset
  artifactKey: Guid(353432c4e418d2f40bf82467f36ce9af) Importer(815301076,1909f56bfc062723c751e8b465ee728b)
Start importing Assets/Scriptable Objects/Inventory/Player Inv.asset using Guid(353432c4e418d2f40bf82467f36ce9af) Importer(815301076,1909f56bfc062723c751e8b465ee728b)  -> (artifact id: '24c340d75c1577012f7c5c184c5c4b68') in 0.277996 seconds 
========================================================================
Received Prepare
Registering precompiled user dll's ...
Registered in 0.009208 seconds.
Begin MonoManager ReloadAssembly
Native extension for WindowsStandalone target not found
Native extension for WebGL target not found
Refreshing native plugins compatible for Editor in 1.76 ms, found 1 plugins.
Preloading 0 native plugins for Editor in 0.00 ms.
Mono: successfully reloaded assembly
- Completed reload, in  5.685 seconds
Platform modules already initialized, skipping
Refreshing native plugins compatible for Editor in 2.22 ms, found 1 plugins.
Preloading 0 native plugins for Editor in 0.00 ms.
Unloading 1910 Unused Serialized files (Serialized files now loaded: 0)
System memory in use before: 91.4 MB.
System memory in use after: 91.6 MB.

Unloading 9 unused Assets to reduce memory usage. Loaded Objects now: 2431.
Total: 7.780300 ms (FindLiveObjects: 0.739400 ms CreateObjectMapping: 0.322000 ms MarkObjects: 6.643800 ms  DeleteObjects: 0.070800 ms)

========================================================================
Received Prepare
Registering precompiled user dll's ...
Registered in 0.019837 seconds.
Begin MonoManager ReloadAssembly
Native extension for WindowsStandalone target not found
Native extension for WebGL target not found
Refreshing native plugins compatible for Editor in 1.71 ms, found 1 plugins.
Preloading 0 native plugins for Editor in 0.00 ms.
Mono: successfully reloaded assembly
- Completed reload, in  7.537 seconds
Platform modules already initialized, skipping
Refreshing native plugins compatible for Editor in 2.02 ms, found 1 plugins.
Preloading 0 native plugins for Editor in 0.00 ms.
Unloading 1910 Unused Serialized files (Serialized files now loaded: 0)
System memory in use before: 91.4 MB.
System memory in use after: 91.6 MB.

Unloading 9 unused Assets to reduce memory usage. Loaded Objects now: 2434.
Total: 8.946400 ms (FindLiveObjects: 0.893200 ms CreateObjectMapping: 0.397200 ms MarkObjects: 7.573800 ms  DeleteObjects: 0.076700 ms)

========================================================================
Received Prepare
Registering precompiled user dll's ...
Registered in 0.008594 seconds.
Begin MonoManager ReloadAssembly
Native extension for WindowsStandalone target not found
Native extension for WebGL target not found
Refreshing native plugins compatible for Editor in 2.52 ms, found 1 plugins.
Preloading 0 native plugins for Editor in 0.00 ms.
Mono: successfully reloaded assembly
- Completed reload, in  6.009 seconds
Platform modules already initialized, skipping
Refreshing native plugins compatible for Editor in 3.73 ms, found 1 plugins.
Preloading 0 native plugins for Editor in 0.00 ms.
Unloading 1910 Unused Serialized files (Serialized files now loaded: 0)
System memory in use before: 91.5 MB.
System memory in use after: 91.6 MB.

Unloading 9 unused Assets to reduce memory usage. Loaded Objects now: 2437.
Total: 13.990600 ms (FindLiveObjects: 2.636200 ms CreateObjectMapping: 0.497900 ms MarkObjects: 10.784300 ms  DeleteObjects: 0.066800 ms)

========================================================================
Received Prepare
Registering precompiled user dll's ...
Registered in 0.017370 seconds.
Begin MonoManager ReloadAssembly
Native extension for WindowsStandalone target not found
Native extension for WebGL target not found
Refreshing native plugins compatible for Editor in 1.90 ms, found 1 plugins.
Preloading 0 native plugins for Editor in 0.00 ms.
Mono: successfully reloaded assembly
- Completed reload, in  5.753 seconds
Platform modules already initialized, skipping
Refreshing native plugins compatible for Editor in 1.96 ms, found 1 plugins.
Preloading 0 native plugins for Editor in 0.00 ms.
Unloading 1910 Unused Serialized files (Serialized files now loaded: 0)
System memory in use before: 91.5 MB.
System memory in use after: 91.6 MB.

Unloading 9 unused Assets to reduce memory usage. Loaded Objects now: 2440.
Total: 10.051700 ms (FindLiveObjects: 0.895300 ms CreateObjectMapping: 0.238700 ms MarkObjects: 8.856300 ms  DeleteObjects: 0.056900 ms)

========================================================================
Received Prepare
Registering precompiled user dll's ...
Registered in 0.007862 seconds.
Begin MonoManager ReloadAssembly
Native extension for WindowsStandalone target not found
Native extension for WebGL target not found
Refreshing native plugins compatible for Editor in 1.64 ms, found 1 plugins.
Preloading 0 native plugins for Editor in 0.00 ms.
Mono: successfully reloaded assembly
- Completed reload, in  5.083 seconds
Platform modules already initialized, skipping
Refreshing native plugins compatible for Editor in 1.93 ms, found 1 plugins.
Preloading 0 native plugins for Editor in 0.00 ms.
Unloading 1910 Unused Serialized files (Serialized files now loaded: 0)
System memory in use before: 91.5 MB.
System memory in use after: 91.6 MB.

Unloading 9 unused Assets to reduce memory usage. Loaded Objects now: 2443.
Total: 9.223800 ms (FindLiveObjects: 1.774300 ms CreateObjectMapping: 0.367300 ms MarkObjects: 7.013600 ms  DeleteObjects: 0.063200 ms)

========================================================================
Received Prepare
Registering precompiled user dll's ...
Registered in 0.012810 seconds.
Begin MonoManager ReloadAssembly
Native extension for WindowsStandalone target not found
Native extension for WebGL target not found
Refreshing native plugins compatible for Editor in 1.73 ms, found 1 plugins.
Preloading 0 native plugins for Editor in 0.00 ms.
Mono: successfully reloaded assembly
- Completed reload, in  8.185 seconds
Platform modules already initialized, skipping
Refreshing native plugins compatible for Editor in 2.36 ms, found 1 plugins.
Preloading 0 native plugins for Editor in 0.00 ms.
Unloading 1910 Unused Serialized files (Serialized files now loaded: 0)
System memory in use before: 91.5 MB.
System memory in use after: 91.6 MB.

Unloading 9 unused Assets to reduce memory usage. Loaded Objects now: 2446.
Total: 9.733000 ms (FindLiveObjects: 1.428400 ms CreateObjectMapping: 0.381300 ms MarkObjects: 7.846400 ms  DeleteObjects: 0.071400 ms)

========================================================================
Received Import Request.
  Time since last request: 4182.324631 seconds.
  path: Assets/Prefabs/Inventory
  artifactKey: Guid(e7fc6019ff8fc254c9792f94a7cd2673) Importer(815301076,1909f56bfc062723c751e8b465ee728b)
Start importing Assets/Prefabs/Inventory using Guid(e7fc6019ff8fc254c9792f94a7cd2673) Importer(815301076,1909f56bfc062723c751e8b465ee728b)  -> (artifact id: '29f27630417c1113e395e52a66442d27') in 0.043426 seconds 
========================================================================
Received Import Request.
  Time since last request: 8.198613 seconds.
  path: Assets/Prefabs/Inventory/Graphics
  artifactKey: Guid(183bda7f5aecc334e8944cff4ac3314e) Importer(815301076,1909f56bfc062723c751e8b465ee728b)
Start importing Assets/Prefabs/Inventory/Graphics using Guid(183bda7f5aecc334e8944cff4ac3314e) Importer(815301076,1909f56bfc062723c751e8b465ee728b)  -> (artifact id: 'babdf84a55935fb9353158ddcc3a5123') in 0.446289 seconds 
========================================================================
Received Import Request.
  Time since last request: 3051.945052 seconds.
  path: Assets/Prefabs/Inventory/Graphics/Image.prefab
  artifactKey: Guid(1b0fba6ef2eb13744ba843137c79226d) Importer(815301076,1909f56bfc062723c751e8b465ee728b)
Start importing Assets/Prefabs/Inventory/Graphics/Image.prefab using Guid(1b0fba6ef2eb13744ba843137c79226d) Importer(815301076,1909f56bfc062723c751e8b465ee728b)  -> (artifact id: '9463c26b03d067fc8f9e37f15a78d387') in 7.915092 seconds 
========================================================================
Received Import Request.
  Time since last request: 119.225832 seconds.
  path: Assets/Prefabs/Inventory/Graphics/Item_Annihilation Plate Variant.prefab
  artifactKey: Guid(8316f8856fde46744847420d8ab1d56a) Importer(815301076,1909f56bfc062723c751e8b465ee728b)
Start importing Assets/Prefabs/Inventory/Graphics/Item_Annihilation Plate Variant.prefab using Guid(8316f8856fde46744847420d8ab1d56a) Importer(815301076,1909f56bfc062723c751e8b465ee728b)  -> (artifact id: '98ae97c857f2f74427fb2a14e9baf94d') in 0.195980 seconds 
========================================================================
Received Import Request.
  Time since last request: 29.495175 seconds.
  path: Assets/Prefabs/Inventory/Graphics/Item_Void Bread Variant.prefab
  artifactKey: Guid(e08b741ba7af6a749861a25aa1dffa39) Importer(815301076,1909f56bfc062723c751e8b465ee728b)
Start importing Assets/Prefabs/Inventory/Graphics/Item_Void Bread Variant.prefab using Guid(e08b741ba7af6a749861a25aa1dffa39) Importer(815301076,1909f56bfc062723c751e8b465ee728b)  -> (artifact id: '6a69202bc9c7785c81665395d353a438') in 0.239478 seconds 
========================================================================
Received Prepare
Registering precompiled user dll's ...
Registered in 0.092146 seconds.
Begin MonoManager ReloadAssembly
Native extension for WindowsStandalone target not found
Native extension for WebGL target not found
Refreshing native plugins compatible for Editor in 2.88 ms, found 1 plugins.
Preloading 0 native plugins for Editor in 0.00 ms.
Mono: successfully reloaded assembly
- Completed reload, in  6.262 seconds
Platform modules already initialized, skipping
Refreshing native plugins compatible for Editor in 1.78 ms, found 1 plugins.
Preloading 0 native plugins for Editor in 0.00 ms.
Unloading 1911 Unused Serialized files (Serialized files now loaded: 0)
System memory in use before: 91.7 MB.
System memory in use after: 91.8 MB.

Unloading 9 unused Assets to reduce memory usage. Loaded Objects now: 2450.
Total: 10.271000 ms (FindLiveObjects: 0.708400 ms CreateObjectMapping: 0.225600 ms MarkObjects: 9.255600 ms  DeleteObjects: 0.075200 ms)

========================================================================
Received Prepare
Registering precompiled user dll's ...
Registered in 0.102116 seconds.
Begin MonoManager ReloadAssembly
Native extension for WindowsStandalone target not found
Native extension for WebGL target not found
Refreshing native plugins compatible for Editor in 1.71 ms, found 1 plugins.
Preloading 0 native plugins for Editor in 0.00 ms.
Mono: successfully reloaded assembly
- Completed reload, in  5.803 seconds
Platform modules already initialized, skipping
Refreshing native plugins compatible for Editor in 1.76 ms, found 1 plugins.
Preloading 0 native plugins for Editor in 0.00 ms.
Unloading 1911 Unused Serialized files (Serialized files now loaded: 0)
System memory in use before: 91.7 MB.
System memory in use after: 91.8 MB.

Unloading 9 unused Assets to reduce memory usage. Loaded Objects now: 2453.
Total: 9.387600 ms (FindLiveObjects: 0.750400 ms CreateObjectMapping: 0.216000 ms MarkObjects: 8.358300 ms  DeleteObjects: 0.058800 ms)

========================================================================
Received Prepare
Registering precompiled user dll's ...
Registered in 0.008074 seconds.
Begin MonoManager ReloadAssembly
Native extension for WindowsStandalone target not found
Native extension for WebGL target not found
Refreshing native plugins compatible for Editor in 2.29 ms, found 1 plugins.
Preloading 0 native plugins for Editor in 0.00 ms.
Mono: successfully reloaded assembly
- Completed reload, in  7.075 seconds
Platform modules already initialized, skipping
Refreshing native plugins compatible for Editor in 2.06 ms, found 1 plugins.
Preloading 0 native plugins for Editor in 0.00 ms.
Unloading 1911 Unused Serialized files (Serialized files now loaded: 0)
System memory in use before: 91.7 MB.
System memory in use after: 91.8 MB.

Unloading 9 unused Assets to reduce memory usage. Loaded Objects now: 2456.
Total: 9.330400 ms (FindLiveObjects: 0.961200 ms CreateObjectMapping: 0.430500 ms MarkObjects: 7.837800 ms  DeleteObjects: 0.093600 ms)

========================================================================
Received Prepare
Registering precompiled user dll's ...
Registered in 0.008973 seconds.
Begin MonoManager ReloadAssembly
Native extension for WindowsStandalone target not found
Native extension for WebGL target not found
Refreshing native plugins compatible for Editor in 1.69 ms, found 1 plugins.
Preloading 0 native plugins for Editor in 0.00 ms.
Mono: successfully reloaded assembly
- Completed reload, in  4.946 seconds
Platform modules already initialized, skipping
Refreshing native plugins compatible for Editor in 1.99 ms, found 1 plugins.
Preloading 0 native plugins for Editor in 0.00 ms.
Unloading 1911 Unused Serialized files (Serialized files now loaded: 0)
System memory in use before: 91.7 MB.
System memory in use after: 91.8 MB.

Unloading 9 unused Assets to reduce memory usage. Loaded Objects now: 2459.
Total: 9.850900 ms (FindLiveObjects: 1.168600 ms CreateObjectMapping: 0.324700 ms MarkObjects: 8.295100 ms  DeleteObjects: 0.058300 ms)

========================================================================
Received Prepare
Registering precompiled user dll's ...
Registered in 0.010544 seconds.
Begin MonoManager ReloadAssembly
Native extension for WindowsStandalone target not found
Native extension for WebGL target not found
Refreshing native plugins compatible for Editor in 1.78 ms, found 1 plugins.
Preloading 0 native plugins for Editor in 0.00 ms.
Mono: successfully reloaded assembly
- Completed reload, in 10.170 seconds
Platform modules already initialized, skipping
Refreshing native plugins compatible for Editor in 2.53 ms, found 1 plugins.
Preloading 0 native plugins for Editor in 0.00 ms.
Unloading 1911 Unused Serialized files (Serialized files now loaded: 0)
System memory in use before: 91.7 MB.
System memory in use after: 91.8 MB.

Unloading 9 unused Assets to reduce memory usage. Loaded Objects now: 2462.
Total: 9.950500 ms (FindLiveObjects: 0.933400 ms CreateObjectMapping: 0.271400 ms MarkObjects: 8.682700 ms  DeleteObjects: 0.058500 ms)

========================================================================
Received Prepare
Registering precompiled user dll's ...
Registered in 0.009440 seconds.
Begin MonoManager ReloadAssembly
Native extension for WindowsStandalone target not found
Native extension for WebGL target not found
Refreshing native plugins compatible for Editor in 1.69 ms, found 1 plugins.
Preloading 0 native plugins for Editor in 0.00 ms.
Mono: successfully reloaded assembly
- Completed reload, in  5.558 seconds
Platform modules already initialized, skipping
Refreshing native plugins compatible for Editor in 2.45 ms, found 1 plugins.
Preloading 0 native plugins for Editor in 0.00 ms.
Unloading 1911 Unused Serialized files (Serialized files now loaded: 0)
System memory in use before: 91.7 MB.
System memory in use after: 91.8 MB.

Unloading 9 unused Assets to reduce memory usage. Loaded Objects now: 2465.
Total: 10.314300 ms (FindLiveObjects: 1.315800 ms CreateObjectMapping: 0.513100 ms MarkObjects: 8.420100 ms  DeleteObjects: 0.061100 ms)

========================================================================
Received Prepare
Registering precompiled user dll's ...
Registered in 0.010210 seconds.
Begin MonoManager ReloadAssembly
Native extension for WindowsStandalone target not found
Native extension for WebGL target not found
Refreshing native plugins compatible for Editor in 1.67 ms, found 1 plugins.
Preloading 0 native plugins for Editor in 0.00 ms.
Mono: successfully reloaded assembly
- Completed reload, in  9.638 seconds
Platform modules already initialized, skipping
Refreshing native plugins compatible for Editor in 1.91 ms, found 1 plugins.
Preloading 0 native plugins for Editor in 0.00 ms.
Unloading 1911 Unused Serialized files (Serialized files now loaded: 0)
System memory in use before: 91.7 MB.
System memory in use after: 91.8 MB.

Unloading 9 unused Assets to reduce memory usage. Loaded Objects now: 2468.
Total: 8.445400 ms (FindLiveObjects: 0.968100 ms CreateObjectMapping: 0.414600 ms MarkObjects: 6.978800 ms  DeleteObjects: 0.079200 ms)

========================================================================
Received Prepare
Registering precompiled user dll's ...
Registered in 0.007310 seconds.
Begin MonoManager ReloadAssembly
Native extension for WindowsStandalone target not found
Native extension for WebGL target not found
Refreshing native plugins compatible for Editor in 3.18 ms, found 1 plugins.
Preloading 0 native plugins for Editor in 0.00 ms.
Mono: successfully reloaded assembly
- Completed reload, in  6.048 seconds
Platform modules already initialized, skipping
Refreshing native plugins compatible for Editor in 1.96 ms, found 1 plugins.
Preloading 0 native plugins for Editor in 0.00 ms.
Unloading 1911 Unused Serialized files (Serialized files now loaded: 0)
System memory in use before: 91.7 MB.
System memory in use after: 91.8 MB.

Unloading 9 unused Assets to reduce memory usage. Loaded Objects now: 2471.
Total: 11.865200 ms (FindLiveObjects: 1.536000 ms CreateObjectMapping: 0.549700 ms MarkObjects: 9.712300 ms  DeleteObjects: 0.062600 ms)

========================================================================
Received Prepare
Registering precompiled user dll's ...
Registered in 0.009701 seconds.
Begin MonoManager ReloadAssembly
Native extension for WindowsStandalone target not found
Native extension for WebGL target not found
Refreshing native plugins compatible for Editor in 1.97 ms, found 1 plugins.
Preloading 0 native plugins for Editor in 0.00 ms.
Mono: successfully reloaded assembly
- Completed reload, in  5.907 seconds
Platform modules already initialized, skipping
Refreshing native plugins compatible for Editor in 2.71 ms, found 1 plugins.
Preloading 0 native plugins for Editor in 0.00 ms.
Unloading 1911 Unused Serialized files (Serialized files now loaded: 0)
System memory in use before: 91.7 MB.
System memory in use after: 91.8 MB.

Unloading 9 unused Assets to reduce memory usage. Loaded Objects now: 2474.
Total: 9.955700 ms (FindLiveObjects: 0.987700 ms CreateObjectMapping: 0.265600 ms MarkObjects: 8.625400 ms  DeleteObjects: 0.072400 ms)

========================================================================
Received Prepare
Registering precompiled user dll's ...
Registered in 0.008199 seconds.
Begin MonoManager ReloadAssembly
Native extension for WindowsStandalone target not found
Native extension for WebGL target not found
Refreshing native plugins compatible for Editor in 1.94 ms, found 1 plugins.
Preloading 0 native plugins for Editor in 0.00 ms.
Mono: successfully reloaded assembly
- Completed reload, in  5.561 seconds
Platform modules already initialized, skipping
Refreshing native plugins compatible for Editor in 2.65 ms, found 1 plugins.
Preloading 0 native plugins for Editor in 0.00 ms.
Unloading 1911 Unused Serialized files (Serialized files now loaded: 0)
System memory in use before: 91.7 MB.
System memory in use after: 91.9 MB.

Unloading 9 unused Assets to reduce memory usage. Loaded Objects now: 2477.
Total: 11.120900 ms (FindLiveObjects: 3.243200 ms CreateObjectMapping: 0.795300 ms MarkObjects: 7.017500 ms  DeleteObjects: 0.059300 ms)

========================================================================
Received Prepare
Registering precompiled user dll's ...
Registered in 0.007571 seconds.
Begin MonoManager ReloadAssembly
Native extension for WindowsStandalone target not found
Native extension for WebGL target not found
Refreshing native plugins compatible for Editor in 1.78 ms, found 1 plugins.
Preloading 0 native plugins for Editor in 0.00 ms.
Mono: successfully reloaded assembly
- Completed reload, in  5.609 seconds
Platform modules already initialized, skipping
Refreshing native plugins compatible for Editor in 1.71 ms, found 1 plugins.
Preloading 0 native plugins for Editor in 0.00 ms.
Unloading 1911 Unused Serialized files (Serialized files now loaded: 0)
System memory in use before: 91.8 MB.
System memory in use after: 91.9 MB.

Unloading 9 unused Assets to reduce memory usage. Loaded Objects now: 2480.
Total: 9.992100 ms (FindLiveObjects: 0.691600 ms CreateObjectMapping: 0.309700 ms MarkObjects: 8.908100 ms  DeleteObjects: 0.078300 ms)

========================================================================
Received Prepare
Registering precompiled user dll's ...
Registered in 0.008035 seconds.
Begin MonoManager ReloadAssembly
Native extension for WindowsStandalone target not found
Native extension for WebGL target not found
Refreshing native plugins compatible for Editor in 3.21 ms, found 1 plugins.
Preloading 0 native plugins for Editor in 0.00 ms.
Mono: successfully reloaded assembly
- Completed reload, in  5.636 seconds
Platform modules already initialized, skipping
Refreshing native plugins compatible for Editor in 1.82 ms, found 1 plugins.
Preloading 0 native plugins for Editor in 0.00 ms.
Unloading 1911 Unused Serialized files (Serialized files now loaded: 0)
System memory in use before: 91.8 MB.
System memory in use after: 91.9 MB.

Unloading 9 unused Assets to reduce memory usage. Loaded Objects now: 2483.
Total: 9.914500 ms (FindLiveObjects: 0.918600 ms CreateObjectMapping: 0.469300 ms MarkObjects: 8.461000 ms  DeleteObjects: 0.060500 ms)

========================================================================
Received Prepare
Registering precompiled user dll's ...
Registered in 0.017000 seconds.
Begin MonoManager ReloadAssembly
Native extension for WindowsStandalone target not found
Native extension for WebGL target not found
Refreshing native plugins compatible for Editor in 1.74 ms, found 1 plugins.
Preloading 0 native plugins for Editor in 0.00 ms.
Mono: successfully reloaded assembly
- Completed reload, in  5.923 seconds
Platform modules already initialized, skipping
Refreshing native plugins compatible for Editor in 2.70 ms, found 1 plugins.
Preloading 0 native plugins for Editor in 0.00 ms.
Unloading 1911 Unused Serialized files (Serialized files now loaded: 0)
System memory in use before: 91.8 MB.
System memory in use after: 91.9 MB.

Unloading 9 unused Assets to reduce memory usage. Loaded Objects now: 2486.
Total: 8.128000 ms (FindLiveObjects: 0.755300 ms CreateObjectMapping: 0.237800 ms MarkObjects: 7.028900 ms  DeleteObjects: 0.100900 ms)

========================================================================
Received Prepare
Registering precompiled user dll's ...
Registered in 0.009773 seconds.
Begin MonoManager ReloadAssembly
Native extension for WindowsStandalone target not found
Native extension for WebGL target not found
Refreshing native plugins compatible for Editor in 2.43 ms, found 1 plugins.
Preloading 0 native plugins for Editor in 0.00 ms.
Mono: successfully reloaded assembly
- Completed reload, in  6.189 seconds
Platform modules already initialized, skipping
Refreshing native plugins compatible for Editor in 2.00 ms, found 1 plugins.
Preloading 0 native plugins for Editor in 0.00 ms.
Unloading 1911 Unused Serialized files (Serialized files now loaded: 0)
System memory in use before: 91.8 MB.
System memory in use after: 91.9 MB.

Unloading 9 unused Assets to reduce memory usage. Loaded Objects now: 2489.
Total: 8.059000 ms (FindLiveObjects: 0.674000 ms CreateObjectMapping: 0.301000 ms MarkObjects: 6.993900 ms  DeleteObjects: 0.086500 ms)

========================================================================
Received Prepare
Registering precompiled user dll's ...
Registered in 0.009111 seconds.
Begin MonoManager ReloadAssembly
Native extension for WindowsStandalone target not found
Native extension for WebGL target not found
Refreshing native plugins compatible for Editor in 1.94 ms, found 1 plugins.
Preloading 0 native plugins for Editor in 0.00 ms.
Mono: successfully reloaded assembly
- Completed reload, in  5.143 seconds
Platform modules already initialized, skipping
Refreshing native plugins compatible for Editor in 11.03 ms, found 1 plugins.
Preloading 0 native plugins for Editor in 0.00 ms.
Unloading 1911 Unused Serialized files (Serialized files now loaded: 0)
System memory in use before: 91.8 MB.
System memory in use after: 91.9 MB.

Unloading 9 unused Assets to reduce memory usage. Loaded Objects now: 2492.
Total: 25.871200 ms (FindLiveObjects: 6.924700 ms CreateObjectMapping: 0.510900 ms MarkObjects: 18.342900 ms  DeleteObjects: 0.086400 ms)

========================================================================
Received Prepare
Registering precompiled user dll's ...
Registered in 0.007136 seconds.
Begin MonoManager ReloadAssembly
Native extension for WindowsStandalone target not found
Native extension for WebGL target not found
Refreshing native plugins compatible for Editor in 1.68 ms, found 1 plugins.
Preloading 0 native plugins for Editor in 0.00 ms.
Mono: successfully reloaded assembly
- Completed reload, in  4.593 seconds
Platform modules already initialized, skipping
Refreshing native plugins compatible for Editor in 1.91 ms, found 1 plugins.
Preloading 0 native plugins for Editor in 0.00 ms.
Unloading 1911 Unused Serialized files (Serialized files now loaded: 0)
System memory in use before: 91.8 MB.
System memory in use after: 91.9 MB.

Unloading 9 unused Assets to reduce memory usage. Loaded Objects now: 2495.
Total: 7.968300 ms (FindLiveObjects: 0.739700 ms CreateObjectMapping: 0.301000 ms MarkObjects: 6.865700 ms  DeleteObjects: 0.057800 ms)

========================================================================
Received Prepare
Registering precompiled user dll's ...
Registered in 0.018459 seconds.
Begin MonoManager ReloadAssembly
Native extension for WindowsStandalone target not found
Native extension for WebGL target not found
Refreshing native plugins compatible for Editor in 1.95 ms, found 1 plugins.
Preloading 0 native plugins for Editor in 0.00 ms.
Mono: successfully reloaded assembly
- Completed reload, in 12.079 seconds
Platform modules already initialized, skipping
Script is not up to date after domain reload: guid(2c5a5525909748f4eb392495e1737a87) path("Assets/Scriptable Objects/Items/Scripts/ItemDatabaseObject.cs") state(2)
Refreshing native plugins compatible for Editor in 1.82 ms, found 1 plugins.
Preloading 0 native plugins for Editor in 0.00 ms.
Unloading 1911 Unused Serialized files (Serialized files now loaded: 0)
System memory in use before: 91.8 MB.
System memory in use after: 91.9 MB.

Unloading 9 unused Assets to reduce memory usage. Loaded Objects now: 2498.
Total: 8.591800 ms (FindLiveObjects: 0.865400 ms CreateObjectMapping: 0.609400 ms MarkObjects: 7.047600 ms  DeleteObjects: 0.064000 ms)

========================================================================
Received Prepare
Registering precompiled user dll's ...
Registered in 0.128129 seconds.
Begin MonoManager ReloadAssembly
Native extension for WindowsStandalone target not found
Native extension for WebGL target not found
Refreshing native plugins compatible for Editor in 2.42 ms, found 1 plugins.
Preloading 0 native plugins for Editor in 0.00 ms.
Mono: successfully reloaded assembly
- Completed reload, in  5.999 seconds
Platform modules already initialized, skipping
Refreshing native plugins compatible for Editor in 1.90 ms, found 1 plugins.
Preloading 0 native plugins for Editor in 0.00 ms.
Unloading 1912 Unused Serialized files (Serialized files now loaded: 0)
System memory in use before: 91.8 MB.
System memory in use after: 91.9 MB.

Unloading 9 unused Assets to reduce memory usage. Loaded Objects now: 2502.
Total: 8.253400 ms (FindLiveObjects: 0.730400 ms CreateObjectMapping: 0.291500 ms MarkObjects: 7.163100 ms  DeleteObjects: 0.064300 ms)

========================================================================
Received Import Request.
  Time since last request: 16400.271150 seconds.
  path: Assets/Scriptable Objects/Items/Scripts/ItemDatabaseObject.cs
  artifactKey: Guid(2c5a5525909748f4eb392495e1737a87) Importer(815301076,1909f56bfc062723c751e8b465ee728b)
Start importing Assets/Scriptable Objects/Items/Scripts/ItemDatabaseObject.cs using Guid(2c5a5525909748f4eb392495e1737a87) Importer(815301076,1909f56bfc062723c751e8b465ee728b)  -> (artifact id: '6097ed5db50fa45a294cae74a5c5b777') in 0.167184 seconds 
========================================================================
Received Prepare
Registering precompiled user dll's ...
Registered in 0.055219 seconds.
Begin MonoManager ReloadAssembly
Native extension for WindowsStandalone target not found
Native extension for WebGL target not found
Refreshing native plugins compatible for Editor in 2.40 ms, found 1 plugins.
Preloading 0 native plugins for Editor in 0.00 ms.
Mono: successfully reloaded assembly
- Completed reload, in  8.918 seconds
Platform modules already initialized, skipping
Refreshing native plugins compatible for Editor in 3.92 ms, found 1 plugins.
Preloading 0 native plugins for Editor in 0.00 ms.
Unloading 1912 Unused Serialized files (Serialized files now loaded: 0)
System memory in use before: 91.8 MB.
System memory in use after: 92.0 MB.

Unloading 9 unused Assets to reduce memory usage. Loaded Objects now: 2505.
Total: 11.288200 ms (FindLiveObjects: 1.062700 ms CreateObjectMapping: 0.422500 ms MarkObjects: 9.645200 ms  DeleteObjects: 0.147500 ms)

========================================================================
Received Import Request.
  Time since last request: 1795.124843 seconds.
  path: Assets/Scriptable Objects/Items/Scripts/New Item Database.asset
  artifactKey: Guid(ada8dda8d1d189c4cb70a6203f5d8fd9) Importer(815301076,1909f56bfc062723c751e8b465ee728b)
Start importing Assets/Scriptable Objects/Items/Scripts/New Item Database.asset using Guid(ada8dda8d1d189c4cb70a6203f5d8fd9) Importer(815301076,1909f56bfc062723c751e8b465ee728b)  -> (artifact id: '7a472bff57bcc2f0d72b4cc74c68b643') in 0.193298 seconds 
========================================================================
Received Prepare
Registering precompiled user dll's ...
Registered in 0.022085 seconds.
Begin MonoManager ReloadAssembly
Native extension for WindowsStandalone target not found
Native extension for WebGL target not found
Refreshing native plugins compatible for Editor in 3.77 ms, found 1 plugins.
Preloading 0 native plugins for Editor in 0.00 ms.
Mono: successfully reloaded assembly
- Completed reload, in  6.206 seconds
Platform modules already initialized, skipping
Refreshing native plugins compatible for Editor in 3.18 ms, found 1 plugins.
Preloading 0 native plugins for Editor in 0.00 ms.
Unloading 1912 Unused Serialized files (Serialized files now loaded: 0)
System memory in use before: 91.9 MB.
System memory in use after: 92.0 MB.

Unloading 9 unused Assets to reduce memory usage. Loaded Objects now: 2508.
Total: 10.238800 ms (FindLiveObjects: 1.128200 ms CreateObjectMapping: 0.411800 ms MarkObjects: 8.632900 ms  DeleteObjects: 0.061100 ms)

========================================================================
Received Prepare
Registering precompiled user dll's ...
Registered in 0.039383 seconds.
Begin MonoManager ReloadAssembly
Native extension for WindowsStandalone target not found
Native extension for WebGL target not found
Refreshing native plugins compatible for Editor in 2.91 ms, found 1 plugins.
Preloading 0 native plugins for Editor in 0.00 ms.
Mono: successfully reloaded assembly
- Completed reload, in 26.749 seconds
Platform modules already initialized, skipping
Refreshing native plugins compatible for Editor in 2.39 ms, found 1 plugins.
Preloading 0 native plugins for Editor in 0.00 ms.
Unloading 1912 Unused Serialized files (Serialized files now loaded: 0)
System memory in use before: 91.9 MB.
System memory in use after: 92.0 MB.

Unloading 9 unused Assets to reduce memory usage. Loaded Objects now: 2511.
Total: 63.480100 ms (FindLiveObjects: 1.379700 ms CreateObjectMapping: 0.700200 ms MarkObjects: 61.185800 ms  DeleteObjects: 0.205100 ms)

========================================================================
Received Prepare
Registering precompiled user dll's ...
Registered in 0.007989 seconds.
Begin MonoManager ReloadAssembly
Native extension for WindowsStandalone target not found
Native extension for WebGL target not found
Refreshing native plugins compatible for Editor in 2.20 ms, found 1 plugins.
Preloading 0 native plugins for Editor in 0.00 ms.
Mono: successfully reloaded assembly
- Completed reload, in  6.163 seconds
Platform modules already initialized, skipping
Refreshing native plugins compatible for Editor in 1.87 ms, found 1 plugins.
Preloading 0 native plugins for Editor in 0.00 ms.
Unloading 1912 Unused Serialized files (Serialized files now loaded: 0)
System memory in use before: 91.9 MB.
System memory in use after: 92.0 MB.

Unloading 9 unused Assets to reduce memory usage. Loaded Objects now: 2514.
Total: 8.363400 ms (FindLiveObjects: 0.756900 ms CreateObjectMapping: 0.319100 ms MarkObjects: 7.129600 ms  DeleteObjects: 0.135200 ms)

========================================================================
Received Import Request.
  Time since last request: 6747.951724 seconds.
  path: Assets/Scriptable Objects/Items/Scripts/ItemDatabaseObject.cs
  artifactKey: Guid(2c5a5525909748f4eb392495e1737a87) Importer(815301076,1909f56bfc062723c751e8b465ee728b)
Start importing Assets/Scriptable Objects/Items/Scripts/ItemDatabaseObject.cs using Guid(2c5a5525909748f4eb392495e1737a87) Importer(815301076,1909f56bfc062723c751e8b465ee728b)  -> (artifact id: 'dec46d196ee7ef460bf293e9541c1a25') in 0.096085 seconds 
========================================================================
Received Import Request.
  Time since last request: 278.709215 seconds.
  path: Assets/Resources/Inventory
  artifactKey: Guid(d54c4532537846c46ba9a7aa55aa794d) Importer(815301076,1909f56bfc062723c751e8b465ee728b)
Start importing Assets/Resources/Inventory using Guid(d54c4532537846c46ba9a7aa55aa794d) Importer(815301076,1909f56bfc062723c751e8b465ee728b)  -> (artifact id: 'b4ebd7f67284047c239427e92f020180') in 0.249866 seconds 
========================================================================
Received Prepare
Registering precompiled user dll's ...
Registered in 0.156435 seconds.
Begin MonoManager ReloadAssembly
Native extension for WindowsStandalone target not found
Native extension for WebGL target not found
Refreshing native plugins compatible for Editor in 1.79 ms, found 1 plugins.
Preloading 0 native plugins for Editor in 0.00 ms.
Mono: successfully reloaded assembly
- Completed reload, in 59.915 seconds
Platform modules already initialized, skipping
Refreshing native plugins compatible for Editor in 1.95 ms, found 1 plugins.
Preloading 0 native plugins for Editor in 0.00 ms.
Unloading 1912 Unused Serialized files (Serialized files now loaded: 0)
System memory in use before: 91.9 MB.
System memory in use after: 92.0 MB.

Unloading 9 unused Assets to reduce memory usage. Loaded Objects now: 2517.
Total: 1596.822700 ms (FindLiveObjects: 51.063900 ms CreateObjectMapping: 0.411700 ms MarkObjects: 1487.701800 ms  DeleteObjects: 57.638700 ms)

========================================================================
Received Import Request.
  Time since last request: 5465.643530 seconds.
  path: Assets/Resources/Inventory/New Item Database.asset
  artifactKey: Guid(ada8dda8d1d189c4cb70a6203f5d8fd9) Importer(815301076,1909f56bfc062723c751e8b465ee728b)
Start importing Assets/Resources/Inventory/New Item Database.asset using Guid(ada8dda8d1d189c4cb70a6203f5d8fd9) Importer(815301076,1909f56bfc062723c751e8b465ee728b)  -> (artifact id: '42603091d512930b16f76e6fedf439fc') in 3.404907 seconds 
