Using pre-set license
Built from '2021.1/release' branch; Version is '2021.1.0f1 (61a549675243) revision 6399305'; Using compiler version '192528614'; Build Type 'Release'
OS: 'Windows 10 Pro; OS build 18362.1082; Version 1903; 64bit' Language: 'en' Physical Memory: 3982 MB
BatchMode: 1, IsHumanControllingUs: 0, StartBugReporterOnCrash: 0, Is64bit: 1, IsPro: 0

 COMMAND LINE ARGUMENTS:
C:\Program Files\Unity\2021.1.0f1\Editor\Unity.exe
-adb2
-batchMode
-noUpm
-name
AssetImportWorker29
-projectPath
C:/Users/My Acer/Project-Earthend
-logFile
Logs/AssetImportWorker29.log
-srvPort
54019
Successfully changed project path to: C:/Users/My Acer/Project-Earthend
C:/Users/My Acer/Project-Earthend
Using Asset Import Pipeline V2.
Refreshing native plugins compatible for Editor in 250.87 ms, found 0 plugins.
Preloading 0 native plugins for Editor in 0.00 ms.
Initialize engine version: 2021.1.0f1 (61a549675243)
[Subsystems] Discovering subsystems at path C:/Program Files/Unity/2021.1.0f1/Editor/Data/Resources/UnitySubsystems
[Subsystems] Discovering subsystems at path C:/Users/My Acer/Project-Earthend/Assets
GfxDevice: creating device client; threaded=0; jobified=0
Direct3D:
    Version:  Direct3D 11.0 [level 11.0]
    Renderer: Intel(R) HD Graphics (ID=0xf31)
    Vendor:   Intel
    VRAM:     128 MB
    Driver:   10.18.10.4276
Initialize mono
Mono path[0] = 'C:/Program Files/Unity/2021.1.0f1/Editor/Data/Managed'
Mono path[1] = 'C:/Program Files/Unity/2021.1.0f1/Editor/Data/MonoBleedingEdge/lib/mono/unityjit'
Mono config path = 'C:/Program Files/Unity/2021.1.0f1/Editor/Data/MonoBleedingEdge/etc'
Using monoOptions --debugger-agent=transport=dt_socket,embedding=1,server=y,suspend=n,address=127.0.0.1:56404
Begin MonoManager ReloadAssembly
Registering precompiled unity dll's ...
Register platform support module: C:/Program Files/Unity/2021.1.0f1/Editor/Data/PlaybackEngines/WebGLSupport/UnityEditor.WebGL.Extensions.dll
Register platform support module: C:/Program Files/Unity/2021.1.0f1/Editor/Data/PlaybackEngines/WindowsStandaloneSupport/UnityEditor.WindowsStandalone.Extensions.dll
Registered in 0.016646 seconds.
Native extension for WindowsStandalone target not found
Native extension for WebGL target not found
Refreshing native plugins compatible for Editor in 222.37 ms, found 0 plugins.
Preloading 0 native plugins for Editor in 0.00 ms.
Mono: successfully reloaded assembly
- Completed reload, in  6.157 seconds
Platform modules already initialized, skipping
Registering precompiled user dll's ...
Registered in 0.006331 seconds.
Begin MonoManager ReloadAssembly
Native extension for WindowsStandalone target not found
Native extension for WebGL target not found
Refreshing native plugins compatible for Editor in 1.28 ms, found 0 plugins.
Preloading 0 native plugins for Editor in 0.00 ms.
Mono: successfully reloaded assembly
- Completed reload, in  8.014 seconds
Platform modules already initialized, skipping
========================================================================
Worker process is ready to serve import requests
Launched and connected shader compiler UnityShaderCompiler.exe after 0.63 seconds
Refreshing native plugins compatible for Editor in 1.18 ms, found 0 plugins.
Preloading 0 native plugins for Editor in 0.00 ms.
Unloading 1450 Unused Serialized files (Serialized files now loaded: 0)
System memory in use before: 71.3 MB.
System memory in use after: 71.3 MB.

Unloading 14 unused Assets to reduce memory usage. Loaded Objects now: 1911.
Total: 65.768400 ms (FindLiveObjects: 0.603300 ms CreateObjectMapping: 0.178300 ms MarkObjects: 64.771800 ms  DeleteObjects: 0.210300 ms)

========================================================================
Received Import Request.
  path: Assets/Resources/Sprites/Status effects
  artifactKey: Guid(525124edf98072d479238a8cc3e068e3) Importer(815301076,1909f56bfc062723c751e8b465ee728b)
Start importing Assets/Resources/Sprites/Status effects using Guid(525124edf98072d479238a8cc3e068e3) Importer(815301076,1909f56bfc062723c751e8b465ee728b)  -> (artifact id: '116ee5f6616ee10185eb5019abfcc55f') in 0.118468 seconds 
========================================================================
Received Import Request.
  Time since last request: 12.678150 seconds.
  path: Assets/Resources/Sprites/Hit effects
  artifactKey: Guid(b44bbaaa669b62241ae92473379f9f81) Importer(815301076,1909f56bfc062723c751e8b465ee728b)
Start importing Assets/Resources/Sprites/Hit effects using Guid(b44bbaaa669b62241ae92473379f9f81) Importer(815301076,1909f56bfc062723c751e8b465ee728b)  -> (artifact id: '88da9524e72a63fed36c62e92e26cdb2') in 0.148590 seconds 
========================================================================
Received Import Request.
  Time since last request: 8.751807 seconds.
  path: Assets/Resources/Sprites/Status effects/Poison
  artifactKey: Guid(29dd19a115de73744ae399c8c231d466) Importer(815301076,1909f56bfc062723c751e8b465ee728b)
Start importing Assets/Resources/Sprites/Status effects/Poison using Guid(29dd19a115de73744ae399c8c231d466) Importer(815301076,1909f56bfc062723c751e8b465ee728b)  -> (artifact id: 'cc142e30a8e1c783e3cbd0f5ae90dc41') in 0.026328 seconds 
========================================================================
Received Import Request.
  Time since last request: 253.632910 seconds.
  path: Assets/Resources/Sprites/Hit effects/Hit effect 1
  artifactKey: Guid(9ccfff67a5b562346bc19104f8d8fb48) Importer(815301076,1909f56bfc062723c751e8b465ee728b)
Start importing Assets/Resources/Sprites/Hit effects/Hit effect 1 using Guid(9ccfff67a5b562346bc19104f8d8fb48) Importer(815301076,1909f56bfc062723c751e8b465ee728b)  -> (artifact id: 'f1de97994dcc4955176b90684ed80c39') in 0.037835 seconds 
========================================================================
Received Import Request.
  Time since last request: 7.451192 seconds.
  path: Assets/Resources/Sprites/Hit effects/Hit effect 1/Hit effect 1.png
  artifactKey: Guid(64127f219f3d7c040968b9fd735e0eb2) Importer(815301076,1909f56bfc062723c751e8b465ee728b)
Start importing Assets/Resources/Sprites/Hit effects/Hit effect 1/Hit effect 1.png using Guid(64127f219f3d7c040968b9fd735e0eb2) Importer(815301076,1909f56bfc062723c751e8b465ee728b)  -> (artifact id: 'd6bbbc7295a9dbd5b991050e68963b26') in 4.803713 seconds 
========================================================================
Received Import Request.
  Time since last request: 29.979205 seconds.
  path: Assets/Resources/Sprites/Hit effects/Hit effect 1/Hit effect 1.png
  artifactKey: Guid(64127f219f3d7c040968b9fd735e0eb2) Importer(815301076,1909f56bfc062723c751e8b465ee728b)
Start importing Assets/Resources/Sprites/Hit effects/Hit effect 1/Hit effect 1.png using Guid(64127f219f3d7c040968b9fd735e0eb2) Importer(815301076,1909f56bfc062723c751e8b465ee728b)  -> (artifact id: '63ceebcbba63a3f2968343809a6ef73b') in 0.036128 seconds 
========================================================================
Received Import Request.
  Time since last request: 4.170834 seconds.
  path: Assets/Resources/Sprites/Hit effects/Hit effect 1/Hit effect 6.png
  artifactKey: Guid(8e6d6a4af7904a546bc0768c907a6098) Importer(815301076,1909f56bfc062723c751e8b465ee728b)
Start importing Assets/Resources/Sprites/Hit effects/Hit effect 1/Hit effect 6.png using Guid(8e6d6a4af7904a546bc0768c907a6098) Importer(815301076,1909f56bfc062723c751e8b465ee728b)  -> (artifact id: '30d67e264ee789a8d74e7540ff9bd522') in 0.044409 seconds 
========================================================================
Received Import Request.
  Time since last request: 15.212054 seconds.
  path: Assets/Resources/Sprites/Hit effects/Hit effect 1/Hit effect 6.png
  artifactKey: Guid(8e6d6a4af7904a546bc0768c907a6098) Importer(815301076,1909f56bfc062723c751e8b465ee728b)
Start importing Assets/Resources/Sprites/Hit effects/Hit effect 1/Hit effect 6.png using Guid(8e6d6a4af7904a546bc0768c907a6098) Importer(815301076,1909f56bfc062723c751e8b465ee728b)  -> (artifact id: 'dca7e078beb40458135a86f519526c66') in 0.117006 seconds 
========================================================================
Received Import Request.
  Time since last request: 216.286105 seconds.
  path: Assets/Resources/Sprites/Hit effects/Hit effect 1/Hit effect 1.anim
  artifactKey: Guid(5a49e33f05aee1e4f83ff855c2861323) Importer(815301076,1909f56bfc062723c751e8b465ee728b)
Start importing Assets/Resources/Sprites/Hit effects/Hit effect 1/Hit effect 1.anim using Guid(5a49e33f05aee1e4f83ff855c2861323) Importer(815301076,1909f56bfc062723c751e8b465ee728b)  -> (artifact id: 'f46008ceaaeb565fd2a9288cc0b26b48') in 0.028593 seconds 
========================================================================
Received Prepare
Registering precompiled user dll's ...
Registered in 0.006569 seconds.
Begin MonoManager ReloadAssembly
Native extension for WindowsStandalone target not found
Native extension for WebGL target not found
Refreshing native plugins compatible for Editor in 1.35 ms, found 0 plugins.
Preloading 0 native plugins for Editor in 0.00 ms.
Mono: successfully reloaded assembly
- Completed reload, in  9.538 seconds
Platform modules already initialized, skipping
Refreshing native plugins compatible for Editor in 1.20 ms, found 0 plugins.
Preloading 0 native plugins for Editor in 0.00 ms.
Unloading 1435 Unused Serialized files (Serialized files now loaded: 0)
System memory in use before: 75.8 MB.
System memory in use after: 75.9 MB.

Unloading 5 unused Assets to reduce memory usage. Loaded Objects now: 1979.
Total: 90.948800 ms (FindLiveObjects: 0.635900 ms CreateObjectMapping: 0.183600 ms MarkObjects: 90.044400 ms  DeleteObjects: 0.078400 ms)

========================================================================
Received Prepare
Registering precompiled user dll's ...
Registered in 0.006201 seconds.
Begin MonoManager ReloadAssembly
Native extension for WindowsStandalone target not found
Native extension for WebGL target not found
Refreshing native plugins compatible for Editor in 1.23 ms, found 0 plugins.
Preloading 0 native plugins for Editor in 0.00 ms.
Mono: successfully reloaded assembly
- Completed reload, in  4.432 seconds
Platform modules already initialized, skipping
Refreshing native plugins compatible for Editor in 1.27 ms, found 0 plugins.
Preloading 0 native plugins for Editor in 0.00 ms.
Unloading 1433 Unused Serialized files (Serialized files now loaded: 0)
System memory in use before: 75.7 MB.
System memory in use after: 75.8 MB.

Unloading 5 unused Assets to reduce memory usage. Loaded Objects now: 1982.
Total: 6.879800 ms (FindLiveObjects: 0.573000 ms CreateObjectMapping: 0.166400 ms MarkObjects: 6.062900 ms  DeleteObjects: 0.073800 ms)

========================================================================
Received Prepare
Registering precompiled user dll's ...
Registered in 0.006008 seconds.
Begin MonoManager ReloadAssembly
Native extension for WindowsStandalone target not found
Native extension for WebGL target not found
Refreshing native plugins compatible for Editor in 1.31 ms, found 0 plugins.
Preloading 0 native plugins for Editor in 0.00 ms.
Mono: successfully reloaded assembly
- Completed reload, in  4.354 seconds
Platform modules already initialized, skipping
Refreshing native plugins compatible for Editor in 1.42 ms, found 0 plugins.
Preloading 0 native plugins for Editor in 0.00 ms.
Unloading 1433 Unused Serialized files (Serialized files now loaded: 0)
System memory in use before: 75.7 MB.
System memory in use after: 75.8 MB.

Unloading 5 unused Assets to reduce memory usage. Loaded Objects now: 1985.
Total: 7.724600 ms (FindLiveObjects: 1.119400 ms CreateObjectMapping: 0.271200 ms MarkObjects: 6.257200 ms  DeleteObjects: 0.072300 ms)

========================================================================
Received Import Request.
  Time since last request: 1956.193654 seconds.
  path: Assets/Prefabs/Sprites
  artifactKey: Guid(cae7bf6cb24782c4daa5e8f318f3ed6f) Importer(815301076,1909f56bfc062723c751e8b465ee728b)
Start importing Assets/Prefabs/Sprites using Guid(cae7bf6cb24782c4daa5e8f318f3ed6f) Importer(815301076,1909f56bfc062723c751e8b465ee728b)  -> (artifact id: '23b4245ae644d6ee4a9a399506f48f89') in 0.222697 seconds 
========================================================================
Received Import Request.
  Time since last request: 9.904883 seconds.
  path: Assets/Prefabs/Sprites/Hit effects
  artifactKey: Guid(090e0b807d7c3924bb30df909632f3d9) Importer(815301076,1909f56bfc062723c751e8b465ee728b)
Start importing Assets/Prefabs/Sprites/Hit effects using Guid(090e0b807d7c3924bb30df909632f3d9) Importer(815301076,1909f56bfc062723c751e8b465ee728b)  -> (artifact id: 'ef06aa25cdd78f5e260c8893ea84f746') in 0.091027 seconds 
========================================================================
Received Import Request.
  Time since last request: 3.730523 seconds.
  path: Assets/Prefabs/Sprites/Hit effects/Hit effect 1.prefab
  artifactKey: Guid(e6d7ae9e8c4152249998db67371c6215) Importer(815301076,1909f56bfc062723c751e8b465ee728b)
Start importing Assets/Prefabs/Sprites/Hit effects/Hit effect 1.prefab using Guid(e6d7ae9e8c4152249998db67371c6215) Importer(815301076,1909f56bfc062723c751e8b465ee728b) The Animator Controller (Hit effect 1) you have used is not valid. Animations will not play
UnityEngine.StackTraceUtility:ExtractStackTrace ()
UnityEditor.EditorUtility:Internal_InstantiateRemoveAllNonAnimationComponentsSingle (UnityEngine.Object,UnityEngine.Vector3,UnityEngine.Quaternion)
UnityEditor.EditorUtility:InstantiateRemoveAllNonAnimationComponents (UnityEngine.Object,UnityEngine.Vector3,UnityEngine.Quaternion)
UnityEditor.EditorUtility:InstantiateForAnimatorPreview (UnityEngine.Object)
UnityEditor.GameObjectInspector/PreviewData:UpdateGameObject (UnityEngine.Object)
UnityEditor.GameObjectInspector/PreviewData:.ctor (UnityEngine.Object)
UnityEditor.GameObjectInspector:GetPreviewData ()
UnityEditor.GameObjectInspector:RenderStaticPreview (string,UnityEngine.Object[],int,int)
UnityEditor.AssetPreviewUpdater:CreatePreview (UnityEngine.Object,UnityEngine.Object[],string,int,int)
UnityEditor.AssetPreviewUpdater:CreatePreviewForAsset (UnityEngine.Object,UnityEngine.Object[],string)

[C:\buildslave\unity\build\Modules/Animation/Director/AnimatorControllerPlayable.cpp line 333]

The Animator Controller (Hit effect 1) you have used is not valid. Animations will not play
UnityEngine.StackTraceUtility:ExtractStackTrace ()
UnityEditor.EditorUtility:InitInstantiatedPreviewRecursive (UnityEngine.GameObject)
UnityEditor.EditorUtility:InstantiateForAnimatorPreview (UnityEngine.Object)
UnityEditor.GameObjectInspector/PreviewData:UpdateGameObject (UnityEngine.Object)
UnityEditor.GameObjectInspector/PreviewData:.ctor (UnityEngine.Object)
UnityEditor.GameObjectInspector:GetPreviewData ()
UnityEditor.GameObjectInspector:RenderStaticPreview (string,UnityEngine.Object[],int,int)
UnityEditor.AssetPreviewUpdater:CreatePreview (UnityEngine.Object,UnityEngine.Object[],string,int,int)
UnityEditor.AssetPreviewUpdater:CreatePreviewForAsset (UnityEngine.Object,UnityEngine.Object[],string)

[C:\buildslave\unity\build\Modules/Animation/Director/AnimatorControllerPlayable.cpp line 333]

 -> (artifact id: 'e93232a5b14457a9b4ef2f95b76ed97c') in 1.860597 seconds 
========================================================================
Received Prepare
Registering precompiled user dll's ...
Registered in 0.006190 seconds.
Begin MonoManager ReloadAssembly
Native extension for WindowsStandalone target not found
Native extension for WebGL target not found
Refreshing native plugins compatible for Editor in 1.36 ms, found 0 plugins.
Preloading 0 native plugins for Editor in 0.00 ms.
Mono: successfully reloaded assembly
- Completed reload, in  4.656 seconds
Platform modules already initialized, skipping
Refreshing native plugins compatible for Editor in 1.35 ms, found 0 plugins.
Preloading 0 native plugins for Editor in 0.00 ms.
Unloading 1433 Unused Serialized files (Serialized files now loaded: 0)
System memory in use before: 75.9 MB.
System memory in use after: 76.0 MB.

Unloading 5 unused Assets to reduce memory usage. Loaded Objects now: 1993.
Total: 7.907200 ms (FindLiveObjects: 0.728700 ms CreateObjectMapping: 0.257900 ms MarkObjects: 6.852100 ms  DeleteObjects: 0.062700 ms)

========================================================================
Received Prepare
Registering precompiled user dll's ...
Registered in 0.006361 seconds.
Begin MonoManager ReloadAssembly
Native extension for WindowsStandalone target not found
Native extension for WebGL target not found
Refreshing native plugins compatible for Editor in 1.23 ms, found 0 plugins.
Preloading 0 native plugins for Editor in 0.00 ms.
Mono: successfully reloaded assembly
- Completed reload, in  4.197 seconds
Platform modules already initialized, skipping
Refreshing native plugins compatible for Editor in 1.30 ms, found 0 plugins.
Preloading 0 native plugins for Editor in 0.00 ms.
Unloading 1433 Unused Serialized files (Serialized files now loaded: 0)
System memory in use before: 75.9 MB.
System memory in use after: 76.0 MB.

Unloading 5 unused Assets to reduce memory usage. Loaded Objects now: 1996.
Total: 6.734700 ms (FindLiveObjects: 0.554600 ms CreateObjectMapping: 0.175000 ms MarkObjects: 5.942500 ms  DeleteObjects: 0.059000 ms)

========================================================================
Received Prepare
Registering precompiled user dll's ...
Registered in 0.007162 seconds.
Begin MonoManager ReloadAssembly
Native extension for WindowsStandalone target not found
Native extension for WebGL target not found
Refreshing native plugins compatible for Editor in 1.17 ms, found 0 plugins.
Preloading 0 native plugins for Editor in 0.00 ms.
Mono: successfully reloaded assembly
- Completed reload, in  4.351 seconds
Platform modules already initialized, skipping
Refreshing native plugins compatible for Editor in 2.13 ms, found 0 plugins.
Preloading 0 native plugins for Editor in 0.00 ms.
Unloading 1433 Unused Serialized files (Serialized files now loaded: 0)
System memory in use before: 75.9 MB.
System memory in use after: 76.0 MB.

Unloading 5 unused Assets to reduce memory usage. Loaded Objects now: 1999.
Total: 7.490800 ms (FindLiveObjects: 0.663800 ms CreateObjectMapping: 0.251000 ms MarkObjects: 6.511200 ms  DeleteObjects: 0.060000 ms)

========================================================================
Received Import Request.
  Time since last request: 390.607076 seconds.
  path: Assets/Resources/Sprites/Hit effects/Hit effect 1.prefab
  artifactKey: Guid(7ef8af78286578f428506863930bfe9f) Importer(815301076,1909f56bfc062723c751e8b465ee728b)
Start importing Assets/Resources/Sprites/Hit effects/Hit effect 1.prefab using Guid(7ef8af78286578f428506863930bfe9f) Importer(815301076,1909f56bfc062723c751e8b465ee728b) The Animator Controller (Hit effect 1) you have used is not valid. Animations will not play
UnityEngine.StackTraceUtility:ExtractStackTrace ()
UnityEditor.EditorUtility:Internal_InstantiateRemoveAllNonAnimationComponentsSingle (UnityEngine.Object,UnityEngine.Vector3,UnityEngine.Quaternion)
UnityEditor.EditorUtility:InstantiateRemoveAllNonAnimationComponents (UnityEngine.Object,UnityEngine.Vector3,UnityEngine.Quaternion)
UnityEditor.EditorUtility:InstantiateForAnimatorPreview (UnityEngine.Object)
UnityEditor.GameObjectInspector/PreviewData:UpdateGameObject (UnityEngine.Object)
UnityEditor.GameObjectInspector/PreviewData:.ctor (UnityEngine.Object)
UnityEditor.GameObjectInspector:GetPreviewData ()
UnityEditor.GameObjectInspector:RenderStaticPreview (string,UnityEngine.Object[],int,int)
UnityEditor.AssetPreviewUpdater:CreatePreview (UnityEngine.Object,UnityEngine.Object[],string,int,int)
UnityEditor.AssetPreviewUpdater:CreatePreviewForAsset (UnityEngine.Object,UnityEngine.Object[],string)

[C:\buildslave\unity\build\Modules/Animation/Director/AnimatorControllerPlayable.cpp line 333]

The Animator Controller (Hit effect 1) you have used is not valid. Animations will not play
UnityEngine.StackTraceUtility:ExtractStackTrace ()
UnityEditor.EditorUtility:InitInstantiatedPreviewRecursive (UnityEngine.GameObject)
UnityEditor.EditorUtility:InstantiateForAnimatorPreview (UnityEngine.Object)
UnityEditor.GameObjectInspector/PreviewData:UpdateGameObject (UnityEngine.Object)
UnityEditor.GameObjectInspector/PreviewData:.ctor (UnityEngine.Object)
UnityEditor.GameObjectInspector:GetPreviewData ()
UnityEditor.GameObjectInspector:RenderStaticPreview (string,UnityEngine.Object[],int,int)
UnityEditor.AssetPreviewUpdater:CreatePreview (UnityEngine.Object,UnityEngine.Object[],string,int,int)
UnityEditor.AssetPreviewUpdater:CreatePreviewForAsset (UnityEngine.Object,UnityEngine.Object[],string)

[C:\buildslave\unity\build\Modules/Animation/Director/AnimatorControllerPlayable.cpp line 333]

 -> (artifact id: '7afee0db427c9fc24b03d629e246cbba') in 0.468407 seconds 
========================================================================
Received Prepare
Registering precompiled user dll's ...
Registered in 0.006137 seconds.
Begin MonoManager ReloadAssembly
Native extension for WindowsStandalone target not found
Native extension for WebGL target not found
Refreshing native plugins compatible for Editor in 1.24 ms, found 0 plugins.
Preloading 0 native plugins for Editor in 0.00 ms.
Mono: successfully reloaded assembly
- Completed reload, in  4.331 seconds
Platform modules already initialized, skipping
Refreshing native plugins compatible for Editor in 5.83 ms, found 0 plugins.
Preloading 0 native plugins for Editor in 0.00 ms.
Unloading 1433 Unused Serialized files (Serialized files now loaded: 0)
System memory in use before: 76.0 MB.
System memory in use after: 76.1 MB.

Unloading 5 unused Assets to reduce memory usage. Loaded Objects now: 2003.
Total: 7.527900 ms (FindLiveObjects: 0.816700 ms CreateObjectMapping: 0.251400 ms MarkObjects: 6.395700 ms  DeleteObjects: 0.058400 ms)

========================================================================
Received Prepare
Registering precompiled user dll's ...
Registered in 0.006362 seconds.
Begin MonoManager ReloadAssembly
Native extension for WindowsStandalone target not found
Native extension for WebGL target not found
Refreshing native plugins compatible for Editor in 1.20 ms, found 0 plugins.
Preloading 0 native plugins for Editor in 0.00 ms.
Mono: successfully reloaded assembly
- Completed reload, in  4.579 seconds
Platform modules already initialized, skipping
Refreshing native plugins compatible for Editor in 1.51 ms, found 0 plugins.
Preloading 0 native plugins for Editor in 0.00 ms.
Unloading 1433 Unused Serialized files (Serialized files now loaded: 0)
System memory in use before: 76.0 MB.
System memory in use after: 76.1 MB.

Unloading 5 unused Assets to reduce memory usage. Loaded Objects now: 2006.
Total: 7.638700 ms (FindLiveObjects: 0.651600 ms CreateObjectMapping: 0.478500 ms MarkObjects: 6.447500 ms  DeleteObjects: 0.057000 ms)

========================================================================
Received Prepare
Registering precompiled user dll's ...
Registered in 0.259553 seconds.
Begin MonoManager ReloadAssembly
Native extension for WindowsStandalone target not found
Native extension for WebGL target not found
Refreshing native plugins compatible for Editor in 1.34 ms, found 0 plugins.
Preloading 0 native plugins for Editor in 0.00 ms.
Mono: successfully reloaded assembly
- Completed reload, in  5.099 seconds
Platform modules already initialized, skipping
Refreshing native plugins compatible for Editor in 1.25 ms, found 0 plugins.
Preloading 0 native plugins for Editor in 0.00 ms.
Unloading 1433 Unused Serialized files (Serialized files now loaded: 0)
System memory in use before: 76.0 MB.
System memory in use after: 76.1 MB.

Unloading 5 unused Assets to reduce memory usage. Loaded Objects now: 2009.
Total: 7.581300 ms (FindLiveObjects: 0.577900 ms CreateObjectMapping: 0.160000 ms MarkObjects: 6.786000 ms  DeleteObjects: 0.053700 ms)

========================================================================
Received Prepare
Registering precompiled user dll's ...
Registered in 0.006822 seconds.
Begin MonoManager ReloadAssembly
Native extension for WindowsStandalone target not found
Native extension for WebGL target not found
Refreshing native plugins compatible for Editor in 1.66 ms, found 0 plugins.
Preloading 0 native plugins for Editor in 0.00 ms.
Mono: successfully reloaded assembly
- Completed reload, in  4.273 seconds
Platform modules already initialized, skipping
Refreshing native plugins compatible for Editor in 1.73 ms, found 0 plugins.
Preloading 0 native plugins for Editor in 0.00 ms.
Unloading 1433 Unused Serialized files (Serialized files now loaded: 0)
System memory in use before: 76.0 MB.
System memory in use after: 76.1 MB.

Unloading 5 unused Assets to reduce memory usage. Loaded Objects now: 2012.
Total: 7.699000 ms (FindLiveObjects: 0.745600 ms CreateObjectMapping: 0.255000 ms MarkObjects: 6.639500 ms  DeleteObjects: 0.052600 ms)

========================================================================
Received Prepare
Registering precompiled user dll's ...
Registered in 0.005987 seconds.
Begin MonoManager ReloadAssembly
Native extension for WindowsStandalone target not found
Native extension for WebGL target not found
Refreshing native plugins compatible for Editor in 2.22 ms, found 0 plugins.
Preloading 0 native plugins for Editor in 0.00 ms.
Mono: successfully reloaded assembly
- Completed reload, in  8.371 seconds
Platform modules already initialized, skipping
Refreshing native plugins compatible for Editor in 2.25 ms, found 0 plugins.
Preloading 0 native plugins for Editor in 0.00 ms.
Unloading 1433 Unused Serialized files (Serialized files now loaded: 0)
System memory in use before: 76.0 MB.
System memory in use after: 76.1 MB.

Unloading 5 unused Assets to reduce memory usage. Loaded Objects now: 2015.
Total: 17.915700 ms (FindLiveObjects: 3.225500 ms CreateObjectMapping: 0.623600 ms MarkObjects: 13.807800 ms  DeleteObjects: 0.248400 ms)

========================================================================
Received Prepare
Registering precompiled user dll's ...
Registered in 0.007357 seconds.
Begin MonoManager ReloadAssembly
Native extension for WindowsStandalone target not found
Native extension for WebGL target not found
Refreshing native plugins compatible for Editor in 2.40 ms, found 0 plugins.
Preloading 0 native plugins for Editor in 0.00 ms.
Mono: successfully reloaded assembly
- Completed reload, in  8.130 seconds
Platform modules already initialized, skipping
Refreshing native plugins compatible for Editor in 3.38 ms, found 0 plugins.
Preloading 0 native plugins for Editor in 0.00 ms.
Unloading 1433 Unused Serialized files (Serialized files now loaded: 0)
System memory in use before: 76.0 MB.
System memory in use after: 76.1 MB.

Unloading 5 unused Assets to reduce memory usage. Loaded Objects now: 2018.
Total: 17.871000 ms (FindLiveObjects: 2.016000 ms CreateObjectMapping: 0.533200 ms MarkObjects: 15.104300 ms  DeleteObjects: 0.205500 ms)

========================================================================
Received Prepare
Registering precompiled user dll's ...
Registered in 0.006147 seconds.
Begin MonoManager ReloadAssembly
Native extension for WindowsStandalone target not found
Native extension for WebGL target not found
Refreshing native plugins compatible for Editor in 1.22 ms, found 0 plugins.
Preloading 0 native plugins for Editor in 0.00 ms.
Mono: successfully reloaded assembly
- Completed reload, in  4.195 seconds
Platform modules already initialized, skipping
Refreshing native plugins compatible for Editor in 2.03 ms, found 0 plugins.
Preloading 0 native plugins for Editor in 0.00 ms.
Unloading 1433 Unused Serialized files (Serialized files now loaded: 0)
System memory in use before: 76.0 MB.
System memory in use after: 76.1 MB.

Unloading 5 unused Assets to reduce memory usage. Loaded Objects now: 2021.
Total: 7.030900 ms (FindLiveObjects: 0.564600 ms CreateObjectMapping: 0.163300 ms MarkObjects: 6.242800 ms  DeleteObjects: 0.056000 ms)

========================================================================
Received Prepare
Registering precompiled user dll's ...
Registered in 0.006327 seconds.
Begin MonoManager ReloadAssembly
Native extension for WindowsStandalone target not found
Native extension for WebGL target not found
Refreshing native plugins compatible for Editor in 1.24 ms, found 0 plugins.
Preloading 0 native plugins for Editor in 0.00 ms.
Mono: successfully reloaded assembly
- Completed reload, in  4.360 seconds
Platform modules already initialized, skipping
Refreshing native plugins compatible for Editor in 1.81 ms, found 0 plugins.
Preloading 0 native plugins for Editor in 0.00 ms.
Unloading 1433 Unused Serialized files (Serialized files now loaded: 0)
System memory in use before: 76.0 MB.
System memory in use after: 76.1 MB.

Unloading 5 unused Assets to reduce memory usage. Loaded Objects now: 2024.
Total: 7.448200 ms (FindLiveObjects: 0.733500 ms CreateObjectMapping: 0.243600 ms MarkObjects: 6.407000 ms  DeleteObjects: 0.059700 ms)

========================================================================
Received Prepare
Registering precompiled user dll's ...
Registered in 0.005902 seconds.
Begin MonoManager ReloadAssembly
Native extension for WindowsStandalone target not found
Native extension for WebGL target not found
Refreshing native plugins compatible for Editor in 1.18 ms, found 0 plugins.
Preloading 0 native plugins for Editor in 0.00 ms.
Mono: successfully reloaded assembly
- Completed reload, in  4.256 seconds
Platform modules already initialized, skipping
Refreshing native plugins compatible for Editor in 1.39 ms, found 0 plugins.
Preloading 0 native plugins for Editor in 0.00 ms.
Unloading 1433 Unused Serialized files (Serialized files now loaded: 0)
System memory in use before: 76.0 MB.
System memory in use after: 76.1 MB.

Unloading 5 unused Assets to reduce memory usage. Loaded Objects now: 2027.
Total: 11.270000 ms (FindLiveObjects: 0.875300 ms CreateObjectMapping: 0.304900 ms MarkObjects: 9.996800 ms  DeleteObjects: 0.086900 ms)

========================================================================
Received Prepare
Registering precompiled user dll's ...
Registered in 0.006469 seconds.
Begin MonoManager ReloadAssembly
Native extension for WindowsStandalone target not found
Native extension for WebGL target not found
Refreshing native plugins compatible for Editor in 1.21 ms, found 0 plugins.
Preloading 0 native plugins for Editor in 0.00 ms.
Mono: successfully reloaded assembly
- Completed reload, in  4.300 seconds
Platform modules already initialized, skipping
Refreshing native plugins compatible for Editor in 1.23 ms, found 0 plugins.
Preloading 0 native plugins for Editor in 0.00 ms.
Unloading 1433 Unused Serialized files (Serialized files now loaded: 0)
System memory in use before: 76.0 MB.
System memory in use after: 76.1 MB.

Unloading 5 unused Assets to reduce memory usage. Loaded Objects now: 2030.
Total: 7.634300 ms (FindLiveObjects: 0.611800 ms CreateObjectMapping: 0.177900 ms MarkObjects: 6.779800 ms  DeleteObjects: 0.059400 ms)

========================================================================
Received Import Request.
  Time since last request: 1639.726470 seconds.
  path: Assets/Hitbyplayer.cs
  artifactKey: Guid(a18f2089b54fd224a83e4947e2d6251b) Importer(815301076,1909f56bfc062723c751e8b465ee728b)
Start importing Assets/Hitbyplayer.cs using Guid(a18f2089b54fd224a83e4947e2d6251b) Importer(815301076,1909f56bfc062723c751e8b465ee728b)  -> (artifact id: '780202c48b2e1d87e5824ccc408f3c45') in 1.156927 seconds 
========================================================================
Received Prepare
Registering precompiled user dll's ...
Registered in 0.006807 seconds.
Begin MonoManager ReloadAssembly
Native extension for WindowsStandalone target not found
Native extension for WebGL target not found
Refreshing native plugins compatible for Editor in 1.46 ms, found 0 plugins.
Preloading 0 native plugins for Editor in 0.00 ms.
Mono: successfully reloaded assembly
- Completed reload, in  4.414 seconds
Platform modules already initialized, skipping
Refreshing native plugins compatible for Editor in 1.76 ms, found 0 plugins.
Preloading 0 native plugins for Editor in 0.00 ms.
Unloading 1433 Unused Serialized files (Serialized files now loaded: 0)
System memory in use before: 76.1 MB.
System memory in use after: 76.2 MB.

Unloading 5 unused Assets to reduce memory usage. Loaded Objects now: 2033.
Total: 6.980700 ms (FindLiveObjects: 0.565200 ms CreateObjectMapping: 0.149800 ms MarkObjects: 6.205500 ms  DeleteObjects: 0.055900 ms)

========================================================================
Received Prepare
Registering precompiled user dll's ...
Registered in 0.006100 seconds.
Begin MonoManager ReloadAssembly
Native extension for WindowsStandalone target not found
Native extension for WebGL target not found
Refreshing native plugins compatible for Editor in 1.19 ms, found 0 plugins.
Preloading 0 native plugins for Editor in 0.00 ms.
Mono: successfully reloaded assembly
- Completed reload, in  4.580 seconds
Platform modules already initialized, skipping
Refreshing native plugins compatible for Editor in 1.36 ms, found 0 plugins.
Preloading 0 native plugins for Editor in 0.00 ms.
Unloading 1433 Unused Serialized files (Serialized files now loaded: 0)
System memory in use before: 76.1 MB.
System memory in use after: 76.2 MB.

Unloading 5 unused Assets to reduce memory usage. Loaded Objects now: 2036.
Total: 7.438900 ms (FindLiveObjects: 0.687600 ms CreateObjectMapping: 0.165400 ms MarkObjects: 6.508200 ms  DeleteObjects: 0.071400 ms)

========================================================================
Received Prepare
Registering precompiled user dll's ...
Registered in 0.011747 seconds.
Begin MonoManager ReloadAssembly
Native extension for WindowsStandalone target not found
Native extension for WebGL target not found
Refreshing native plugins compatible for Editor in 1.23 ms, found 0 plugins.
Preloading 0 native plugins for Editor in 0.00 ms.
Mono: successfully reloaded assembly
- Completed reload, in  4.956 seconds
Platform modules already initialized, skipping
Refreshing native plugins compatible for Editor in 2.31 ms, found 0 plugins.
Preloading 0 native plugins for Editor in 0.00 ms.
Unloading 1433 Unused Serialized files (Serialized files now loaded: 0)
System memory in use before: 76.1 MB.
System memory in use after: 76.2 MB.

Unloading 5 unused Assets to reduce memory usage. Loaded Objects now: 2039.
Total: 7.674800 ms (FindLiveObjects: 0.788000 ms CreateObjectMapping: 0.303700 ms MarkObjects: 6.506900 ms  DeleteObjects: 0.071200 ms)

========================================================================
Received Prepare
Registering precompiled user dll's ...
Registered in 0.005962 seconds.
Begin MonoManager ReloadAssembly
Native extension for WindowsStandalone target not found
Native extension for WebGL target not found
Refreshing native plugins compatible for Editor in 1.20 ms, found 0 plugins.
Preloading 0 native plugins for Editor in 0.00 ms.
Mono: successfully reloaded assembly
- Completed reload, in  4.285 seconds
Platform modules already initialized, skipping
Refreshing native plugins compatible for Editor in 2.70 ms, found 0 plugins.
Preloading 0 native plugins for Editor in 0.00 ms.
Unloading 1433 Unused Serialized files (Serialized files now loaded: 0)
System memory in use before: 76.1 MB.
System memory in use after: 76.2 MB.

Unloading 5 unused Assets to reduce memory usage. Loaded Objects now: 2042.
Total: 7.477100 ms (FindLiveObjects: 0.651400 ms CreateObjectMapping: 0.208200 ms MarkObjects: 6.558800 ms  DeleteObjects: 0.054000 ms)

========================================================================
Received Prepare
Registering precompiled user dll's ...
Registered in 0.006711 seconds.
Begin MonoManager ReloadAssembly
Native extension for WindowsStandalone target not found
Native extension for WebGL target not found
Refreshing native plugins compatible for Editor in 1.34 ms, found 0 plugins.
Preloading 0 native plugins for Editor in 0.00 ms.
Mono: successfully reloaded assembly
- Completed reload, in  4.292 seconds
Platform modules already initialized, skipping
Refreshing native plugins compatible for Editor in 1.86 ms, found 0 plugins.
Preloading 0 native plugins for Editor in 0.00 ms.
Unloading 1433 Unused Serialized files (Serialized files now loaded: 0)
System memory in use before: 76.1 MB.
System memory in use after: 76.2 MB.

Unloading 5 unused Assets to reduce memory usage. Loaded Objects now: 2045.
Total: 7.817500 ms (FindLiveObjects: 0.580400 ms CreateObjectMapping: 0.158300 ms MarkObjects: 7.014200 ms  DeleteObjects: 0.059400 ms)

========================================================================
Received Import Request.
  Time since last request: 544.077822 seconds.
  path: Assets/Scripts/Enemy Scripts/trainingball_controller.cs
  artifactKey: Guid(f426931d71312b448b92f909dcd0e2ab) Importer(815301076,1909f56bfc062723c751e8b465ee728b)
Start importing Assets/Scripts/Enemy Scripts/trainingball_controller.cs using Guid(f426931d71312b448b92f909dcd0e2ab) Importer(815301076,1909f56bfc062723c751e8b465ee728b)  -> (artifact id: 'f56a73caf4fbd687284b93c3c029b2ce') in 0.042871 seconds 
========================================================================
Received Prepare
Registering precompiled user dll's ...
Registered in 0.007663 seconds.
Begin MonoManager ReloadAssembly
Native extension for WindowsStandalone target not found
Native extension for WebGL target not found
Refreshing native plugins compatible for Editor in 1.25 ms, found 0 plugins.
Preloading 0 native plugins for Editor in 0.00 ms.
Mono: successfully reloaded assembly
- Completed reload, in  4.173 seconds
Platform modules already initialized, skipping
Refreshing native plugins compatible for Editor in 1.32 ms, found 0 plugins.
Preloading 0 native plugins for Editor in 0.00 ms.
Unloading 1433 Unused Serialized files (Serialized files now loaded: 0)
System memory in use before: 76.1 MB.
System memory in use after: 76.2 MB.

Unloading 5 unused Assets to reduce memory usage. Loaded Objects now: 2048.
Total: 7.419900 ms (FindLiveObjects: 0.556700 ms CreateObjectMapping: 0.161600 ms MarkObjects: 6.635800 ms  DeleteObjects: 0.060500 ms)

========================================================================
Received Import Request.
  Time since last request: 64.004324 seconds.
  path: Assets/Scripts/Enemy Scripts/trainingball_controller.cs
  artifactKey: Guid(f426931d71312b448b92f909dcd0e2ab) Importer(815301076,1909f56bfc062723c751e8b465ee728b)
Start importing Assets/Scripts/Enemy Scripts/trainingball_controller.cs using Guid(f426931d71312b448b92f909dcd0e2ab) Importer(815301076,1909f56bfc062723c751e8b465ee728b)  -> (artifact id: '4555ba1170484dce81060c2e62b91d4c') in 0.027714 seconds 
========================================================================
Received Prepare
Registering precompiled user dll's ...
Registered in 0.006342 seconds.
Begin MonoManager ReloadAssembly
Native extension for WindowsStandalone target not found
Native extension for WebGL target not found
Refreshing native plugins compatible for Editor in 1.28 ms, found 0 plugins.
Preloading 0 native plugins for Editor in 0.00 ms.
Mono: successfully reloaded assembly
- Completed reload, in  4.327 seconds
Platform modules already initialized, skipping
Refreshing native plugins compatible for Editor in 1.41 ms, found 0 plugins.
Preloading 0 native plugins for Editor in 0.00 ms.
Unloading 1433 Unused Serialized files (Serialized files now loaded: 0)
System memory in use before: 76.1 MB.
System memory in use after: 76.2 MB.

Unloading 5 unused Assets to reduce memory usage. Loaded Objects now: 2051.
Total: 7.235800 ms (FindLiveObjects: 0.565900 ms CreateObjectMapping: 0.218700 ms MarkObjects: 6.383300 ms  DeleteObjects: 0.063300 ms)

========================================================================
Received Import Request.
  Time since last request: 4509.061178 seconds.
  path: Assets/TextMesh Pro/Resources/Fonts & Materials/LiberationSans SDF.asset
  artifactKey: Guid(8f586378b4e144a9851e7b34d9b748ee) Importer(815301076,1909f56bfc062723c751e8b465ee728b)
Start importing Assets/TextMesh Pro/Resources/Fonts & Materials/LiberationSans SDF.asset using Guid(8f586378b4e144a9851e7b34d9b748ee) Importer(815301076,1909f56bfc062723c751e8b465ee728b)  -> (artifact id: '3f4fd5d71775aab4f852abd4fedaf5ac') in 13.999984 seconds 
========================================================================
Received Import Request.
  Time since last request: 0.028241 seconds.
  path: Assets/Sprites/Materials/Square.mat
  artifactKey: Guid(2d49540e420a3bb408ec372d931275be) Importer(815301076,1909f56bfc062723c751e8b465ee728b)
Start importing Assets/Sprites/Materials/Square.mat using Guid(2d49540e420a3bb408ec372d931275be) Importer(815301076,1909f56bfc062723c751e8b465ee728b)  -> (artifact id: 'b679fdd621348e3d77551ec0ce1daa87') in 19.287430 seconds 
========================================================================
Received Import Request.
  Time since last request: 0.001455 seconds.
  path: Assets/TextMesh Pro/Examples & Extras/Resources/Fonts & Materials/Roboto-Bold SDF - Drop Shadow.mat
  artifactKey: Guid(b246c4190f4e46ec9352fe15a7b09ce0) Importer(815301076,1909f56bfc062723c751e8b465ee728b)
Start importing Assets/TextMesh Pro/Examples & Extras/Resources/Fonts & Materials/Roboto-Bold SDF - Drop Shadow.mat using Guid(b246c4190f4e46ec9352fe15a7b09ce0) Importer(815301076,1909f56bfc062723c751e8b465ee728b)  -> (artifact id: 'd5af2cec971533b58298b046667edf06') in 2.627380 seconds 
========================================================================
Received Import Request.
  Time since last request: 0.001238 seconds.
  path: Assets/Devlab/Tiles/New Material.mat
  artifactKey: Guid(e5d15643a399f4443a996cdba1c02ea2) Importer(815301076,1909f56bfc062723c751e8b465ee728b)
Start importing Assets/Devlab/Tiles/New Material.mat using Guid(e5d15643a399f4443a996cdba1c02ea2) Importer(815301076,1909f56bfc062723c751e8b465ee728b)  -> (artifact id: 'bfb335087c3b583a20f2b0de6ed52de0') in 0.639967 seconds 
========================================================================
Received Import Request.
  Time since last request: 0.030849 seconds.
  path: Assets/TextMesh Pro/Examples & Extras/Resources/Fonts & Materials/Roboto-Bold SDF.asset
  artifactKey: Guid(5302535af1044152a457ed104f1f4b91) Importer(815301076,1909f56bfc062723c751e8b465ee728b)
Start importing Assets/TextMesh Pro/Examples & Extras/Resources/Fonts & Materials/Roboto-Bold SDF.asset using Guid(5302535af1044152a457ed104f1f4b91) Importer(815301076,1909f56bfc062723c751e8b465ee728b)  -> (artifact id: '4dc343fb77f7a0520eab21f7a65d8199') in 1.671033 seconds 
========================================================================
Received Import Request.
  Time since last request: 0.000925 seconds.
  path: Assets/TextMesh Pro/Examples & Extras/Resources/Fonts & Materials/Oswald Bold SDF.asset
  artifactKey: Guid(0161d805a3764c089bef00bfe00793f5) Importer(815301076,1909f56bfc062723c751e8b465ee728b)
Start importing Assets/TextMesh Pro/Examples & Extras/Resources/Fonts & Materials/Oswald Bold SDF.asset using Guid(0161d805a3764c089bef00bfe00793f5) Importer(815301076,1909f56bfc062723c751e8b465ee728b)  -> (artifact id: 'b9019290d7dd4f1a5754107f9090c8c3') in 0.577036 seconds 
========================================================================
Received Import Request.
  Time since last request: 0.000654 seconds.
  path: Assets/Resources/Sprites/Weapons/Bats/Materials/Wood bat 1.mat
  artifactKey: Guid(ec41e46e94316ba4583520a4a421d459) Importer(815301076,1909f56bfc062723c751e8b465ee728b)
Start importing Assets/Resources/Sprites/Weapons/Bats/Materials/Wood bat 1.mat using Guid(ec41e46e94316ba4583520a4a421d459) Importer(815301076,1909f56bfc062723c751e8b465ee728b)  -> (artifact id: '68dafe319f69d1342ae5f04ad8939d2c') in 0.786418 seconds 
========================================================================
Received Import Request.
  Time since last request: 0.000942 seconds.
  path: Assets/TextMesh Pro/Examples & Extras/Resources/Fonts & Materials/Roboto-Bold SDF - Surface.mat
  artifactKey: Guid(e6b276ec991f467aa14ef1f3cc665993) Importer(815301076,1909f56bfc062723c751e8b465ee728b)
Start importing Assets/TextMesh Pro/Examples & Extras/Resources/Fonts & Materials/Roboto-Bold SDF - Surface.mat using Guid(e6b276ec991f467aa14ef1f3cc665993) Importer(815301076,1909f56bfc062723c751e8b465ee728b)  -> (artifact id: '454470be1142b9032d5c0bdcc0251c15') in 0.975187 seconds 
========================================================================
Received Import Request.
  Time since last request: 0.000797 seconds.
  path: Assets/TextMesh Pro/Examples & Extras/Materials/Small Crate_diffuse.mat
  artifactKey: Guid(22262639920f43d6be32430e4e58350d) Importer(815301076,1909f56bfc062723c751e8b465ee728b)
Start importing Assets/TextMesh Pro/Examples & Extras/Materials/Small Crate_diffuse.mat using Guid(22262639920f43d6be32430e4e58350d) Importer(815301076,1909f56bfc062723c751e8b465ee728b)  -> (artifact id: '8432f5b208d5c49d1e5af35ab4cfad3f') in 5.906576 seconds 
