Using pre-set license
Built from '2021.1/staging' branch; Version is '2021.1.7f1 (d91830b65d9b) revision 14227504'; Using compiler version '192528614'; Build Type 'Release'
OS: 'Windows 10 Home; OS build 19043.1348; Version 2009; 64bit' Language: 'en' Physical Memory: 7541 MB
BatchMode: 1, IsHumanControllingUs: 0, StartBugReporterOnCrash: 0, Is64bit: 1, IsPro: 0

 COMMAND LINE ARGUMENTS:
C:\Users\send2\Documents\Unity\2021.1.7f1\Editor\Unity.exe
-adb2
-batchMode
-noUpm
-name
AssetImportWorker1
-projectPath
C:/Users/send2/Documents/Unity/Project-Earthend
-logFile
Logs/AssetImportWorker1.log
-srvPort
51685
Successfully changed project path to: C:/Users/send2/Documents/Unity/Project-Earthend
C:/Users/send2/Documents/Unity/Project-Earthend
Using Asset Import Pipeline V2.
Refreshing native plugins compatible for Editor in 85.85 ms, found 1 plugins.
Preloading 0 native plugins for Editor in 0.00 ms.
Initialize engine version: 2021.1.7f1 (d91830b65d9b)
[Subsystems] Discovering subsystems at path C:/Users/send2/Documents/Unity/2021.1.7f1/Editor/Data/Resources/UnitySubsystems
[Subsystems] Discovering subsystems at path C:/Users/send2/Documents/Unity/Project-Earthend/Assets
GfxDevice: creating device client; threaded=0; jobified=0
Direct3D:
    Version:  Direct3D 11.0 [level 11.1]
    Renderer: AMD Radeon(TM) Graphics (ID=0x1636)
    Vendor:   ATI
    VRAM:     3770 MB
    Driver:   27.20.11032.3001
Initialize mono
Mono path[0] = 'C:/Users/send2/Documents/Unity/2021.1.7f1/Editor/Data/Managed'
Mono path[1] = 'C:/Users/send2/Documents/Unity/2021.1.7f1/Editor/Data/MonoBleedingEdge/lib/mono/unityjit'
Mono config path = 'C:/Users/send2/Documents/Unity/2021.1.7f1/Editor/Data/MonoBleedingEdge/etc'
Using monoOptions --debugger-agent=transport=dt_socket,embedding=1,server=y,suspend=n,address=127.0.0.1:56132
Begin MonoManager ReloadAssembly
Registering precompiled unity dll's ...
Register platform support module: C:/Users/send2/Documents/Unity/2021.1.7f1/Editor/Data/PlaybackEngines/WebGLSupport/UnityEditor.WebGL.Extensions.dll
Register platform support module: C:/Users/send2/Documents/Unity/2021.1.7f1/Editor/Data/PlaybackEngines/WindowsStandaloneSupport/UnityEditor.WindowsStandalone.Extensions.dll
Registered in 0.003223 seconds.
Native extension for WindowsStandalone target not found
Native extension for WebGL target not found
Refreshing native plugins compatible for Editor in 221.84 ms, found 1 plugins.
Preloading 0 native plugins for Editor in 0.00 ms.
Mono: successfully reloaded assembly
- Completed reload, in 15.025 seconds
Platform modules already initialized, skipping
Registering precompiled user dll's ...
Registered in 0.004275 seconds.
Begin MonoManager ReloadAssembly
Native extension for WindowsStandalone target not found
Native extension for WebGL target not found
Refreshing native plugins compatible for Editor in 224.78 ms, found 1 plugins.
Preloading 0 native plugins for Editor in 0.00 ms.
Mono: successfully reloaded assembly
- Completed reload, in  2.871 seconds
Platform modules already initialized, skipping
========================================================================
Worker process is ready to serve import requests
Launched and connected shader compiler UnityShaderCompiler.exe after 0.16 seconds
Refreshing native plugins compatible for Editor in 1.62 ms, found 1 plugins.
Preloading 0 native plugins for Editor in 0.00 ms.
Unloading 1977 Unused Serialized files (Serialized files now loaded: 0)
System memory in use before: 97.0 MB.
System memory in use after: 97.1 MB.

Unloading 20 unused Assets to reduce memory usage. Loaded Objects now: 2444.
Total: 5.512000 ms (FindLiveObjects: 0.309500 ms CreateObjectMapping: 0.123700 ms MarkObjects: 4.787000 ms  DeleteObjects: 0.287300 ms)

========================================================================
Received Import Request.
  path: Assets/Scripts/Quest System/Quest.cs
  artifactKey: Guid(49ae13b474215be4d82abdb3781dd09c) Importer(2089858483,934ff659095e30574adcf32a4c2f97b5)
Start importing Assets/Scripts/Quest System/Quest.cs using Guid(49ae13b474215be4d82abdb3781dd09c) Importer(2089858483,934ff659095e30574adcf32a4c2f97b5)  -> (artifact id: '1fabb9fc498f57cd1db7926671d89716') in 0.203945 seconds 
========================================================================
Received Import Request.
  Time since last request: 0.000974 seconds.
  path: Assets/Dialogues
  artifactKey: Guid(66c7e74e4f5bcb7498b0fe326e23bcad) Importer(2089858483,934ff659095e30574adcf32a4c2f97b5)
Start importing Assets/Dialogues using Guid(66c7e74e4f5bcb7498b0fe326e23bcad) Importer(2089858483,934ff659095e30574adcf32a4c2f97b5)  -> (artifact id: '9c8c6e90f10e1047d9a4fda59db590f0') in 0.016119 seconds 
========================================================================
Received Import Request.
  Time since last request: 0.000573 seconds.
  path: Assets/Scenes/Game Test Scene.unity
  artifactKey: Guid(564f5b53f68523c4ab96ab1501db8992) Importer(2089858483,934ff659095e30574adcf32a4c2f97b5)
Start importing Assets/Scenes/Game Test Scene.unity using Guid(564f5b53f68523c4ab96ab1501db8992) Importer(2089858483,934ff659095e30574adcf32a4c2f97b5)  -> (artifact id: 'ea5e02552f94685e7b9d6bdb1181a315') in 0.014814 seconds 
========================================================================
Received Import Request.
  Time since last request: 0.000571 seconds.
  path: Assets/Scripts/Systems/Dialogue.cs
  artifactKey: Guid(70258635a1361e6439261070d8ed14fd) Importer(2089858483,934ff659095e30574adcf32a4c2f97b5)
Start importing Assets/Scripts/Systems/Dialogue.cs using Guid(70258635a1361e6439261070d8ed14fd) Importer(2089858483,934ff659095e30574adcf32a4c2f97b5)  -> (artifact id: '28545060e7c7dcb93c2dcebec70f1717') in 0.019560 seconds 
========================================================================
Received Import Request.
  Time since last request: 0.000583 seconds.
  path: Assets/Dialogues/DevLab
  artifactKey: Guid(65c02789ba481ff48977936362190d3c) Importer(2089858483,934ff659095e30574adcf32a4c2f97b5)
Start importing Assets/Dialogues/DevLab using Guid(65c02789ba481ff48977936362190d3c) Importer(2089858483,934ff659095e30574adcf32a4c2f97b5)  -> (artifact id: 'b62783a414009856f32375b5174516f6') in 0.016248 seconds 
========================================================================
Received Import Request.
  Time since last request: 0.000598 seconds.
  path: Assets/Dialogues/DevLab/Default Female Researcher 1
  artifactKey: Guid(3dbda957e6498c74cb4cded7bb258cb1) Importer(2089858483,934ff659095e30574adcf32a4c2f97b5)
Start importing Assets/Dialogues/DevLab/Default Female Researcher 1 using Guid(3dbda957e6498c74cb4cded7bb258cb1) Importer(2089858483,934ff659095e30574adcf32a4c2f97b5)  -> (artifact id: 'af1d7fd326d1e7c31faaf1076a8a1cd1') in 0.016547 seconds 
========================================================================
Received Import Request.
  Time since last request: 0.000670 seconds.
  path: Assets/Dialogues/DevLab/Default Female Researcher 1/Find Cat Quest.asset
  artifactKey: Guid(d7b4b63cf5a4e4b489c62c041f2c35af) Importer(2089858483,934ff659095e30574adcf32a4c2f97b5)
Start importing Assets/Dialogues/DevLab/Default Female Researcher 1/Find Cat Quest.asset using Guid(d7b4b63cf5a4e4b489c62c041f2c35af) Importer(2089858483,934ff659095e30574adcf32a4c2f97b5)  -> (artifact id: '7d8a3d556f74d78168c798d58fce1cc0') in 0.039957 seconds 
========================================================================
Received Import Request.
  Time since last request: 166.080490 seconds.
  path: Assets/QuestGiver.cs
  artifactKey: Guid(0b305b1b7dbf9da4ab39d6caef66b87e) Importer(815301076,1909f56bfc062723c751e8b465ee728b)
Start importing Assets/QuestGiver.cs using Guid(0b305b1b7dbf9da4ab39d6caef66b87e) Importer(815301076,1909f56bfc062723c751e8b465ee728b)  -> (artifact id: 'ccc9d8760cb9305829b9df7b0b6adc66') in 0.003558 seconds 
========================================================================
Received Import Request.
  Time since last request: 0.946436 seconds.
  path: Assets/Scripts/Quest System/QuestObject.cs
  artifactKey: Guid(d16ad97c778ca2f41ab92f80305d24d6) Importer(2089858483,934ff659095e30574adcf32a4c2f97b5)
Start importing Assets/Scripts/Quest System/QuestObject.cs using Guid(d16ad97c778ca2f41ab92f80305d24d6) Importer(2089858483,934ff659095e30574adcf32a4c2f97b5)  -> (artifact id: '41e91f1d66d4c34521ab7be22a85462f') in 0.011494 seconds 
========================================================================
Received Import Request.
  Time since last request: 0.000532 seconds.
  path: Assets/Scripts/Quest System/Quest.cs
  artifactKey: Guid(49ae13b474215be4d82abdb3781dd09c) Importer(2089858483,934ff659095e30574adcf32a4c2f97b5)
Start importing Assets/Scripts/Quest System/Quest.cs using Guid(49ae13b474215be4d82abdb3781dd09c) Importer(2089858483,934ff659095e30574adcf32a4c2f97b5)  -> (artifact id: '2072c660572377919c9af3e6fa1d35be') in 0.018887 seconds 
========================================================================
Received Import Request.
  Time since last request: 0.000516 seconds.
  path: Assets/QuestGiver.cs
  artifactKey: Guid(0b305b1b7dbf9da4ab39d6caef66b87e) Importer(2089858483,934ff659095e30574adcf32a4c2f97b5)
Start importing Assets/QuestGiver.cs using Guid(0b305b1b7dbf9da4ab39d6caef66b87e) Importer(2089858483,934ff659095e30574adcf32a4c2f97b5)  -> (artifact id: '70bec388baea86b940aafb42dfedc27e') in 0.016070 seconds 
========================================================================
Received Import Request.
  Time since last request: 0.000644 seconds.
  path: Assets/Scripts/Quest System/QuestManager.cs
  artifactKey: Guid(031124e14f3ddc84f82dfb2b0bff5da1) Importer(2089858483,934ff659095e30574adcf32a4c2f97b5)
Start importing Assets/Scripts/Quest System/QuestManager.cs using Guid(031124e14f3ddc84f82dfb2b0bff5da1) Importer(2089858483,934ff659095e30574adcf32a4c2f97b5)  -> (artifact id: 'd3dad3a034abf82a1a1d03c6f6a77218') in 0.016926 seconds 
========================================================================
Received Import Request.
  Time since last request: 0.000504 seconds.
  path: Assets/QuestDebugger.cs
  artifactKey: Guid(692abb3e02a0528478a9550b3f839c8f) Importer(2089858483,934ff659095e30574adcf32a4c2f97b5)
Start importing Assets/QuestDebugger.cs using Guid(692abb3e02a0528478a9550b3f839c8f) Importer(2089858483,934ff659095e30574adcf32a4c2f97b5)  -> (artifact id: 'fc69c99b9da59295e3d315a5fc68b5f3') in 0.015869 seconds 
========================================================================
Received Prepare
Registering precompiled user dll's ...
Registered in 0.003423 seconds.
Begin MonoManager ReloadAssembly
Native extension for WindowsStandalone target not found
Native extension for WebGL target not found
Refreshing native plugins compatible for Editor in 1.74 ms, found 1 plugins.
Preloading 0 native plugins for Editor in 0.00 ms.
Mono: successfully reloaded assembly
- Completed reload, in  1.562 seconds
Platform modules already initialized, skipping
Refreshing native plugins compatible for Editor in 1.62 ms, found 1 plugins.
Preloading 0 native plugins for Editor in 0.00 ms.
Unloading 1955 Unused Serialized files (Serialized files now loaded: 0)
System memory in use before: 95.3 MB.
System memory in use after: 95.4 MB.

Unloading 8 unused Assets to reduce memory usage. Loaded Objects now: 2448.
Total: 5.088600 ms (FindLiveObjects: 0.303800 ms CreateObjectMapping: 0.122600 ms MarkObjects: 4.623700 ms  DeleteObjects: 0.035400 ms)

========================================================================
Received Prepare
Registering precompiled user dll's ...
Registered in 0.004505 seconds.
Begin MonoManager ReloadAssembly
Native extension for WindowsStandalone target not found
Native extension for WebGL target not found
Refreshing native plugins compatible for Editor in 0.87 ms, found 1 plugins.
Preloading 0 native plugins for Editor in 0.00 ms.
Mono: successfully reloaded assembly
- Completed reload, in  1.838 seconds
Platform modules already initialized, skipping
Refreshing native plugins compatible for Editor in 1.58 ms, found 1 plugins.
Preloading 0 native plugins for Editor in 0.00 ms.
Unloading 1955 Unused Serialized files (Serialized files now loaded: 0)
System memory in use before: 95.3 MB.
System memory in use after: 95.5 MB.

Unloading 8 unused Assets to reduce memory usage. Loaded Objects now: 2452.
Total: 7.886900 ms (FindLiveObjects: 0.509800 ms CreateObjectMapping: 0.595300 ms MarkObjects: 6.745000 ms  DeleteObjects: 0.033600 ms)

========================================================================
Received Import Request.
  Time since last request: 191.863486 seconds.
  path: Assets/Scripts/Quest System/Quest.cs
  artifactKey: Guid(49ae13b474215be4d82abdb3781dd09c) Importer(2089858483,934ff659095e30574adcf32a4c2f97b5)
Start importing Assets/Scripts/Quest System/Quest.cs using Guid(49ae13b474215be4d82abdb3781dd09c) Importer(2089858483,934ff659095e30574adcf32a4c2f97b5)  -> (artifact id: '65a97dbed93911bef6ca5f425f853894') in 0.159918 seconds 
========================================================================
Received Import Request.
  Time since last request: 32.566766 seconds.
  path: Assets/Quests
  artifactKey: Guid(9f0245209dc4c7147a1f820453670e72) Importer(815301076,1909f56bfc062723c751e8b465ee728b)
Start importing Assets/Quests using Guid(9f0245209dc4c7147a1f820453670e72) Importer(815301076,1909f56bfc062723c751e8b465ee728b)  -> (artifact id: '2fd34631dae5d0851b09041884a34de9') in 0.006927 seconds 
========================================================================
Received Import Request.
  Time since last request: 0.810077 seconds.
  path: Assets/Quests
  artifactKey: Guid(9f0245209dc4c7147a1f820453670e72) Importer(2089858483,934ff659095e30574adcf32a4c2f97b5)
Start importing Assets/Quests using Guid(9f0245209dc4c7147a1f820453670e72) Importer(2089858483,934ff659095e30574adcf32a4c2f97b5)  -> (artifact id: 'ed727a3fc2bc1124311ce0e8abd71e83') in 0.016033 seconds 
========================================================================
Received Import Request.
  Time since last request: 27.419124 seconds.
  path: Assets/Quests/Devlab
  artifactKey: Guid(5461023fe1f72184da856a4630ffc072) Importer(815301076,1909f56bfc062723c751e8b465ee728b)
Start importing Assets/Quests/Devlab using Guid(5461023fe1f72184da856a4630ffc072) Importer(815301076,1909f56bfc062723c751e8b465ee728b)  -> (artifact id: '635c8d3338a07badeea5d33aa899b472') in 0.008349 seconds 
========================================================================
Received Import Request.
  Time since last request: 0.813680 seconds.
  path: Assets/Quests/Devlab
  artifactKey: Guid(5461023fe1f72184da856a4630ffc072) Importer(2089858483,934ff659095e30574adcf32a4c2f97b5)
Start importing Assets/Quests/Devlab using Guid(5461023fe1f72184da856a4630ffc072) Importer(2089858483,934ff659095e30574adcf32a4c2f97b5)  -> (artifact id: '1db706159e19652adcebd73865042e22') in 0.020046 seconds 
========================================================================
Received Import Request.
  Time since last request: 14.448223 seconds.
  path: Assets/Quests/Devlab/Find Cat Quest.asset
  artifactKey: Guid(985c9f6835810b04d963b7f19eb40f4f) Importer(815301076,1909f56bfc062723c751e8b465ee728b)
Start importing Assets/Quests/Devlab/Find Cat Quest.asset using Guid(985c9f6835810b04d963b7f19eb40f4f) Importer(815301076,1909f56bfc062723c751e8b465ee728b)  -> (artifact id: 'd3f962124fe7ffe5f189c2c5588c66f7') in 0.036875 seconds 
========================================================================
Received Import Request.
  Time since last request: 0.813140 seconds.
  path: Assets/Quests/Devlab/Find Cat Quest.asset
  artifactKey: Guid(985c9f6835810b04d963b7f19eb40f4f) Importer(2089858483,934ff659095e30574adcf32a4c2f97b5)
Start importing Assets/Quests/Devlab/Find Cat Quest.asset using Guid(985c9f6835810b04d963b7f19eb40f4f) Importer(2089858483,934ff659095e30574adcf32a4c2f97b5)  -> (artifact id: 'a23faf8ee0d9efdb59d91258c9f33c67') in 0.015898 seconds 
========================================================================
Received Prepare
Registering precompiled user dll's ...
Registered in 0.005065 seconds.
Begin MonoManager ReloadAssembly
Native extension for WindowsStandalone target not found
Native extension for WebGL target not found
Refreshing native plugins compatible for Editor in 1.61 ms, found 1 plugins.
Preloading 0 native plugins for Editor in 0.00 ms.
Mono: successfully reloaded assembly
- Completed reload, in  1.705 seconds
Platform modules already initialized, skipping
Refreshing native plugins compatible for Editor in 1.64 ms, found 1 plugins.
Preloading 0 native plugins for Editor in 0.00 ms.
Unloading 1955 Unused Serialized files (Serialized files now loaded: 0)
System memory in use before: 95.5 MB.
System memory in use after: 95.6 MB.

Unloading 8 unused Assets to reduce memory usage. Loaded Objects now: 2456.
Total: 5.053300 ms (FindLiveObjects: 0.363400 ms CreateObjectMapping: 0.134600 ms MarkObjects: 4.518800 ms  DeleteObjects: 0.033100 ms)

========================================================================
Received Prepare
Registering precompiled user dll's ...
Registered in 0.004345 seconds.
Begin MonoManager ReloadAssembly
Native extension for WindowsStandalone target not found
Native extension for WebGL target not found
Refreshing native plugins compatible for Editor in 0.88 ms, found 1 plugins.
Preloading 0 native plugins for Editor in 0.00 ms.
Mono: successfully reloaded assembly
- Completed reload, in  2.168 seconds
Platform modules already initialized, skipping
Refreshing native plugins compatible for Editor in 1.74 ms, found 1 plugins.
Preloading 0 native plugins for Editor in 0.00 ms.
Unloading 1955 Unused Serialized files (Serialized files now loaded: 0)
System memory in use before: 95.5 MB.
System memory in use after: 95.6 MB.

Unloading 8 unused Assets to reduce memory usage. Loaded Objects now: 2460.
Total: 5.306800 ms (FindLiveObjects: 0.315600 ms CreateObjectMapping: 0.125400 ms MarkObjects: 4.831600 ms  DeleteObjects: 0.031600 ms)

